[ 2015-12-08T13:21:15+08:00 ] ::1 /favicon.ico
ERR: 无法加载模块:Favicon

[ 2015-12-08T13:21:22+08:00 ] ::1 /Views/res/favicon.ico
ERR: 无法加载模块:Views

[ 2015-12-08T13:21:23+08:00 ] ::1 /Views/index.php/Home/User/logStatus
ERR: 无法加载模块:Views

[ 2015-12-08T13:21:23+08:00 ] ::1 /Views/assets/js/lib/jquery.min.map
ERR: 无法加载模块:Views

[ 2015-12-08T13:21:28+08:00 ] ::1 /Views/index.php/Home/User/logStatus
ERR: 无法加载模块:Views

[ 2015-12-08T13:21:28+08:00 ] ::1 /Views/assets/js/lib/jquery.min.map
ERR: 无法加载模块:Views

[ 2015-12-08T13:21:59+08:00 ] ::1 /Views/index.php/Home/User/logStatus
ERR: 无法加载模块:Views

[ 2015-12-08T13:22:05+08:00 ] ::1 /Views//Home/User/logStatus
ERR: 无法加载模块:Views

[ 2015-12-08T13:22:07+08:00 ] ::1 /Views/Home/User/logStatus
ERR: 无法加载模块:Views

[ 2015-12-08T13:23:35+08:00 ] ::1 /Views/assets/js/lib/jquery.min.map
ERR: 无法加载模块:Views

[ 2015-12-08T13:23:46+08:00 ] ::1 /Views/assets/js/lib/jquery.min.map
ERR: 无法加载模块:Views

[ 2015-12-08T13:24:19+08:00 ] ::1 /Views/index.php/User/Login/logStatus
ERR: 无法加载模块:Views

[ 2015-12-08T13:24:19+08:00 ] ::1 /Views/assets/js/lib/jquery.min.map
ERR: 无法加载模块:Views

[ 2015-12-08T13:24:41+08:00 ] ::1 /Views/assets/js/lib/jquery.min.map
ERR: 无法加载模块:Views

[ 2015-12-08T16:24:56+08:00 ] ::1 /Views/assets/js/lib/jquery.min.map
ERR: 无法加载模块:Views

[ 2015-12-08T16:25:15+08:00 ] ::1 /Views/assets/js/lib/jquery.min.map
ERR: 无法加载模块:Views

[ 2015-12-08T16:27:36+08:00 ] ::1 /Views/assets/js/lib/jquery.min.map
ERR: 无法加载模块:Views

[ 2015-12-08T16:28:52+08:00 ] ::1 /Views/assets/js/lib/jquery.min.map
ERR: 无法加载模块:Views

[ 2015-12-08T16:29:07+08:00 ] ::1 /Views/assets/js/lib/jquery.min.map
ERR: 无法加载模块:Views

[ 2015-12-08T16:29:23+08:00 ] ::1 /Views/assets/js/lib/jquery.min.map
ERR: 无法加载模块:Views

[ 2015-12-08T16:30:16+08:00 ] ::1 /Views/assets/js/lib/jquery.min.map
ERR: 无法加载模块:Views

[ 2015-12-08T16:30:42+08:00 ] ::1 /Views/assets/js/lib/jquery.min.map
ERR: 无法加载模块:Views

[ 2015-12-08T16:33:06+08:00 ] ::1 /Views/assets/js/lib/jquery.min.map
ERR: 无法加载模块:Views

[ 2015-12-08T16:33:13+08:00 ] ::1 /Views/assets/js/lib/jquery.min.map
ERR: 无法加载模块:Views

[ 2015-12-08T16:33:31+08:00 ] ::1 /res/preview.json
ERR: 无法加载模块:Res

[ 2015-12-08T16:33:32+08:00 ] ::1 /res/preview.json
ERR: 无法加载模块:Res

[ 2015-12-08T16:33:32+08:00 ] ::1 /Views/assets/js/lib/jquery.min.map
ERR: 无法加载模块:Views

[ 2015-12-08T23:59:26+08:00 ] ::1 /favicon.ico
ERR: 无法加载模块:Favicon

[ 2015-12-08T23:59:46+08:00 ] ::1 /Views/assets/js/lib/jquery.min.map
ERR: 无法加载模块:Views

[ 2015-12-08T23:59:58+08:00 ] ::1 /Views/res/favicon.ico
ERR: 无法加载模块:Views

[ 2015-12-08T23:59:58+08:00 ] ::1 /Views/assets/js/lib/jquery.min.map
ERR: 无法加载模块:Views

