[ 2015-12-03T19:50:55+08:00 ] ::1 /Views/assets/js/lib/jquery.min.map
ERR: 无法加载模块:Views

[ 2015-12-03T19:50:56+08:00 ] ::1 /Views/assets/js/lib/jquery.min.map
ERR: 无法加载模块:Views

[ 2015-12-03T19:50:57+08:00 ] ::1 /Views/assets/js/lib/jquery.min.map
ERR: 无法加载模块:Views

[ 2015-12-03T19:50:57+08:00 ] ::1 /Views/assets/js/lib/jquery.min.map
ERR: 无法加载模块:Views

[ 2015-12-03T19:50:57+08:00 ] ::1 /Views/assets/js/lib/jquery.min.map
ERR: 无法加载模块:Views

[ 2015-12-03T19:50:58+08:00 ] ::1 /Views/assets/js/lib/jquery.min.map
ERR: 无法加载模块:Views

[ 2015-12-03T19:50:58+08:00 ] ::1 /Views/assets/js/lib/jquery.min.map
ERR: 无法加载模块:Views

[ 2015-12-03T19:51:41+08:00 ] ::1 /Views/assets/js/lib/jquery.min.map
ERR: 无法加载模块:Views

[ 2015-12-03T19:52:21+08:00 ] ::1 /Views/assets/js/lib/jquery.min.map
ERR: 无法加载模块:Views

[ 2015-12-03T19:52:30+08:00 ] ::1 /Views/assets/js/lib/jquery.min.map
ERR: 无法加载模块:Views

[ 2015-12-03T19:52:31+08:00 ] ::1 /Views/assets/js/lib/jquery.min.map
ERR: 无法加载模块:Views

[ 2015-12-03T19:52:32+08:00 ] ::1 /Views/assets/js/lib/jquery.min.map
ERR: 无法加载模块:Views

[ 2015-12-03T19:52:32+08:00 ] ::1 /Views/assets/js/lib/jquery.min.map
ERR: 无法加载模块:Views

[ 2015-12-03T19:52:33+08:00 ] ::1 /Views/assets/js/lib/jquery.min.map
ERR: 无法加载模块:Views

[ 2015-12-03T19:52:33+08:00 ] ::1 /Views/assets/js/lib/jquery.min.map
ERR: 无法加载模块:Views

[ 2015-12-03T19:53:33+08:00 ] ::1 /Views/assets/js/lib/jquery.min.map
ERR: 无法加载模块:Views

[ 2015-12-03T19:53:36+08:00 ] ::1 /Views/assets/js/lib/jquery.min.map
ERR: 无法加载模块:Views

[ 2015-12-03T19:53:38+08:00 ] ::1 /Views/assets/js/lib/jquery.min.map
ERR: 无法加载模块:Views

[ 2015-12-03T19:54:43+08:00 ] ::1 /Views/assets/js/lib/jquery.min.map
ERR: 无法加载模块:Views

[ 2015-12-03T19:55:43+08:00 ] ::1 /Views/assets/js/lib/jquery.min.map
ERR: 无法加载模块:Views

[ 2015-12-03T19:57:09+08:00 ] ::1 /Views/assets/js/lib/jquery.min.map
ERR: 无法加载模块:Views

[ 2015-12-03T19:57:20+08:00 ] ::1 /Views/assets/js/lib/jquery.min.map
ERR: 无法加载模块:Views

[ 2015-12-03T19:57:20+08:00 ] ::1 /playai/test/battle.json
ERR: 无法加载模块:Playai

[ 2015-12-03T19:59:10+08:00 ] ::1 /Views/assets/js/lib/jquery.min.map
ERR: 无法加载模块:Views

[ 2015-12-03T20:03:56+08:00 ] ::1 /Views/assets/js/lib/jquery.min.map
ERR: 无法加载模块:Views

[ 2015-12-03T20:05:40+08:00 ] ::1 /Views/assets/js/lib/jquery.min.map
ERR: 无法加载模块:Views

[ 2015-12-03T20:05:49+08:00 ] ::1 /Views/assets/js/lib/jquery.min.map
ERR: 无法加载模块:Views

[ 2015-12-03T20:14:48+08:00 ] ::1 /Views/assets/js/lib/jquery.min.map
ERR: 无法加载模块:Views

[ 2015-12-03T20:16:45+08:00 ] ::1 /Views/assets/js/lib/jquery.min.map
ERR: 无法加载模块:Views

[ 2015-12-03T20:19:22+08:00 ] ::1 /Views/assets/js/lib/jquery.min.map
ERR: 无法加载模块:Views

[ 2015-12-03T20:20:25+08:00 ] ::1 /Views/assets/js/lib/jquery.min.map
ERR: 无法加载模块:Views

[ 2015-12-03T20:21:11+08:00 ] ::1 /Views/assets/js/lib/jquery.min.map
ERR: 无法加载模块:Views

[ 2015-12-03T21:13:44+08:00 ] ::1 /Views/assets/js/lib/jquery.min.map
ERR: 无法加载模块:Views

[ 2015-12-03T21:16:19+08:00 ] ::1 /Views/assets/js/lib/jquery.min.map
ERR: 无法加载模块:Views

[ 2015-12-03T21:17:00+08:00 ] ::1 /Views/assets/js/lib/jquery.min.map
ERR: 无法加载模块:Views

[ 2015-12-03T21:17:41+08:00 ] ::1 /Views/assets/js/lib/jquery.min.map
ERR: 无法加载模块:Views

[ 2015-12-03T21:17:50+08:00 ] ::1 /Views/assets/js/lib/jquery.min.map
ERR: 无法加载模块:Views

[ 2015-12-03T21:18:31+08:00 ] ::1 /Views/assets/js/lib/jquery.min.map
ERR: 无法加载模块:Views

[ 2015-12-03T21:20:36+08:00 ] ::1 /Views/assets/js/lib/jquery.min.map
ERR: 无法加载模块:Views

[ 2015-12-03T21:20:41+08:00 ] ::1 /Views/assets/js/lib/jquery.min.map
ERR: 无法加载模块:Views

[ 2015-12-03T21:55:05+08:00 ] ::1 /Views/assets/js/lib/jquery.min.map
ERR: 无法加载模块:Views

[ 2015-12-03T21:55:21+08:00 ] ::1 /Views/assets/js/lib/jquery.min.map
ERR: 无法加载模块:Views

[ 2015-12-03T21:55:31+08:00 ] ::1 /Views/assets/js/lib/jquery.min.map
ERR: 无法加载模块:Views

[ 2015-12-03T21:55:32+08:00 ] ::1 /Views/assets/js/lib/jquery.min.map
ERR: 无法加载模块:Views

[ 2015-12-03T21:55:34+08:00 ] ::1 /Views/assets/js/lib/jquery.min.map
ERR: 无法加载模块:Views

[ 2015-12-03T21:55:41+08:00 ] ::1 /Views/assets/js/lib/jquery.min.map
ERR: 无法加载模块:Views

[ 2015-12-03T21:58:43+08:00 ] ::1 /Views/assets/js/lib/jquery.min.map
ERR: 无法加载模块:Views

[ 2015-12-03T21:59:30+08:00 ] ::1 /Views/assets/js/lib/jquery.min.map
ERR: 无法加载模块:Views

[ 2015-12-03T21:59:59+08:00 ] ::1 /Views/assets/js/lib/jquery.min.map
ERR: 无法加载模块:Views

[ 2015-12-03T22:00:27+08:00 ] ::1 /Views/assets/js/lib/jquery.min.map
ERR: 无法加载模块:Views

[ 2015-12-03T22:01:03+08:00 ] ::1 /Views/assets/js/lib/jquery.min.map
ERR: 无法加载模块:Views

[ 2015-12-03T22:01:54+08:00 ] ::1 /Views/assets/js/lib/jquery.min.map
ERR: 无法加载模块:Views

[ 2015-12-03T22:02:13+08:00 ] ::1 /Views/assets/js/lib/jquery.min.map
ERR: 无法加载模块:Views

[ 2015-12-03T22:04:57+08:00 ] ::1 /Views/assets/js/lib/jquery.min.map
ERR: 无法加载模块:Views

[ 2015-12-03T22:09:55+08:00 ] ::1 /Views/assets/js/lib/jquery.min.map
ERR: 无法加载模块:Views

[ 2015-12-03T22:10:36+08:00 ] ::1 /Views/assets/js/lib/jquery.min.map
ERR: 无法加载模块:Views

[ 2015-12-03T22:12:38+08:00 ] ::1 /Views/assets/js/lib/jquery.min.map
ERR: 无法加载模块:Views

[ 2015-12-03T22:12:49+08:00 ] ::1 /Views/assets/js/lib/jquery.min.map
ERR: 无法加载模块:Views

[ 2015-12-03T22:13:13+08:00 ] ::1 /Views/assets/js/lib/jquery.min.map
ERR: 无法加载模块:Views

[ 2015-12-03T22:13:34+08:00 ] ::1 /Views/assets/js/lib/jquery.min.map
ERR: 无法加载模块:Views

[ 2015-12-03T22:13:59+08:00 ] ::1 /Views/assets/js/lib/jquery.min.map
ERR: 无法加载模块:Views

[ 2015-12-03T22:14:41+08:00 ] ::1 /Views/assets/js/lib/jquery.min.map
ERR: 无法加载模块:Views

[ 2015-12-03T22:15:06+08:00 ] ::1 /Views/assets/js/lib/jquery.min.map
ERR: 无法加载模块:Views

[ 2015-12-03T22:15:30+08:00 ] ::1 /Views/assets/js/lib/jquery.min.map
ERR: 无法加载模块:Views

[ 2015-12-03T22:16:54+08:00 ] ::1 /Views/assets/js/lib/jquery.min.map
ERR: 无法加载模块:Views

[ 2015-12-03T22:17:03+08:00 ] ::1 /Views/assets/js/lib/jquery.min.map
ERR: 无法加载模块:Views

[ 2015-12-03T22:18:30+08:00 ] ::1 /Views/assets/js/lib/jquery.min.map
ERR: 无法加载模块:Views

[ 2015-12-03T22:19:01+08:00 ] ::1 /Views/assets/js/lib/jquery.min.map
ERR: 无法加载模块:Views

[ 2015-12-03T22:21:18+08:00 ] ::1 /Views/assets/js/lib/jquery.min.map
ERR: 无法加载模块:Views

[ 2015-12-03T22:25:25+08:00 ] ::1 /Views/assets/js/lib/jquery.min.map
ERR: 无法加载模块:Views

[ 2015-12-03T22:25:56+08:00 ] ::1 /Views/assets/js/lib/jquery.min.map
ERR: 无法加载模块:Views

[ 2015-12-03T22:26:31+08:00 ] ::1 /Views/assets/js/lib/jquery.min.map
ERR: 无法加载模块:Views

[ 2015-12-03T22:26:59+08:00 ] ::1 /Views/assets/js/lib/jquery.min.map
ERR: 无法加载模块:Views

[ 2015-12-03T22:27:36+08:00 ] ::1 /Views/assets/js/lib/jquery.min.map
ERR: 无法加载模块:Views

[ 2015-12-03T22:27:59+08:00 ] ::1 /Views/assets/js/lib/jquery.min.map
ERR: 无法加载模块:Views

[ 2015-12-03T22:29:23+08:00 ] ::1 /Views/assets/js/lib/jquery.min.map
ERR: 无法加载模块:Views

[ 2015-12-03T22:29:33+08:00 ] ::1 /Views/assets/js/lib/jquery.min.map
ERR: 无法加载模块:Views

[ 2015-12-03T22:29:55+08:00 ] ::1 /Views/assets/js/lib/jquery.min.map
ERR: 无法加载模块:Views

[ 2015-12-03T22:30:55+08:00 ] ::1 /Views/assets/js/lib/jquery.min.map
ERR: 无法加载模块:Views

[ 2015-12-03T22:32:33+08:00 ] ::1 /Views/assets/js/lib/jquery.min.map
ERR: 无法加载模块:Views

[ 2015-12-03T23:08:38+08:00 ] ::1 /Views/assets/js/lib/jquery.min.map
ERR: 无法加载模块:Views

[ 2015-12-03T23:16:20+08:00 ] ::1 /Views/assets/js/lib/jquery.min.map
ERR: 无法加载模块:Views

[ 2015-12-03T23:16:21+08:00 ] ::1 /Views/assets/js/lib/jquery.min.map
ERR: 无法加载模块:Views

[ 2015-12-03T23:17:37+08:00 ] ::1 /Views/assets/js/lib/jquery.min.map
ERR: 无法加载模块:Views

[ 2015-12-03T23:17:39+08:00 ] ::1 /Views/assets/js/lib/jquery.min.map
ERR: 无法加载模块:Views

[ 2015-12-03T23:18:09+08:00 ] ::1 /Views/assets/js/lib/jquery.min.map
ERR: 无法加载模块:Views

[ 2015-12-03T23:18:35+08:00 ] ::1 /Views/assets/js/lib/jquery.min.map
ERR: 无法加载模块:Views

[ 2015-12-03T23:19:46+08:00 ] ::1 /Views/assets/js/lib/jquery.min.map
ERR: 无法加载模块:Views

[ 2015-12-03T23:20:04+08:00 ] ::1 /Views/assets/js/lib/jquery.min.map
ERR: 无法加载模块:Views

[ 2015-12-03T23:20:44+08:00 ] ::1 /Views/assets/js/lib/jquery.min.map
ERR: 无法加载模块:Views

[ 2015-12-03T23:20:52+08:00 ] ::1 /Views/assets/js/lib/jquery.min.map
ERR: 无法加载模块:Views

[ 2015-12-03T23:22:14+08:00 ] ::1 /Views/assets/js/lib/jquery.min.map
ERR: 无法加载模块:Views

[ 2015-12-03T23:23:24+08:00 ] ::1 /Views/assets/js/lib/jquery.min.map
ERR: 无法加载模块:Views

[ 2015-12-03T23:23:40+08:00 ] ::1 /Views/assets/js/lib/jquery.min.map
ERR: 无法加载模块:Views

[ 2015-12-03T23:56:32+08:00 ] ::1 /favicon.ico
ERR: 无法加载模块:Favicon

[ 2015-12-03T23:56:44+08:00 ] ::1 /Views/res/favicon.ico
ERR: 无法加载模块:Views

[ 2015-12-03T23:56:55+08:00 ] ::1 /Views/assets/js/lib/jquery.min.map
ERR: 无法加载模块:Views

[ 2015-12-03T23:57:19+08:00 ] ::1 /Views/assets/js/lib/jquery.min.map
ERR: 无法加载模块:Views

[ 2015-12-03T23:58:24+08:00 ] ::1 /Views/assets/js/lib/jquery.min.map
ERR: 无法加载模块:Views

[ 2015-12-03T23:59:12+08:00 ] ::1 /Views/assets/js/lib/jquery.min.map
ERR: 无法加载模块:Views

