[ 2015-12-02T00:00:44+08:00 ] ::1 /Views/assets/js/lib/jquery.min.map
ERR: 无法加载模块:Views

[ 2015-12-02T00:00:46+08:00 ] ::1 /Views/assets/js/lib/jquery.min.map
ERR: 无法加载模块:Views

[ 2015-12-02T00:00:47+08:00 ] ::1 /Views/assets/js/lib/jquery.min.map
ERR: 无法加载模块:Views

[ 2015-12-02T00:00:48+08:00 ] ::1 /Views/assets/js/lib/jquery.min.map
ERR: 无法加载模块:Views

[ 2015-12-02T00:00:48+08:00 ] ::1 /Views/assets/js/lib/jquery.min.map
ERR: 无法加载模块:Views

[ 2015-12-02T00:00:49+08:00 ] ::1 /Views/assets/js/lib/jquery.min.map
ERR: 无法加载模块:Views

[ 2015-12-02T00:00:50+08:00 ] ::1 /Views/assets/js/lib/jquery.min.map
ERR: 无法加载模块:Views

[ 2015-12-02T00:00:52+08:00 ] ::1 /Views/assets/js/lib/jquery.min.map
ERR: 无法加载模块:Views

[ 2015-12-02T00:00:53+08:00 ] ::1 /Views/assets/js/lib/jquery.min.map
ERR: 无法加载模块:Views

[ 2015-12-02T00:00:54+08:00 ] ::1 /Views/assets/js/lib/jquery.min.map
ERR: 无法加载模块:Views

[ 2015-12-02T00:00:54+08:00 ] ::1 /Views/assets/js/lib/jquery.min.map
ERR: 无法加载模块:Views

[ 2015-12-02T00:00:55+08:00 ] ::1 /Views/assets/js/lib/jquery.min.map
ERR: 无法加载模块:Views

[ 2015-12-02T00:00:56+08:00 ] ::1 /Views/assets/js/lib/jquery.min.map
ERR: 无法加载模块:Views

[ 2015-12-02T00:00:56+08:00 ] ::1 /Views/assets/js/lib/jquery.min.map
ERR: 无法加载模块:Views

[ 2015-12-02T00:00:56+08:00 ] ::1 /Views/assets/js/lib/jquery.min.map
ERR: 无法加载模块:Views

[ 2015-12-02T00:00:57+08:00 ] ::1 /Views/assets/js/lib/jquery.min.map
ERR: 无法加载模块:Views

[ 2015-12-02T00:00:57+08:00 ] ::1 /Views/assets/js/lib/jquery.min.map
ERR: 无法加载模块:Views

[ 2015-12-02T00:00:58+08:00 ] ::1 /Views/assets/js/lib/jquery.min.map
ERR: 无法加载模块:Views

[ 2015-12-02T00:00:58+08:00 ] ::1 /Views/assets/js/lib/jquery.min.map
ERR: 无法加载模块:Views

[ 2015-12-02T00:00:58+08:00 ] ::1 /Views/assets/js/lib/jquery.min.map
ERR: 无法加载模块:Views

[ 2015-12-02T00:01:08+08:00 ] ::1 /Views/assets/js/lib/jquery.min.map
ERR: 无法加载模块:Views

[ 2015-12-02T00:01:09+08:00 ] ::1 /Views/assets/js/lib/jquery.min.map
ERR: 无法加载模块:Views

[ 2015-12-02T00:01:10+08:00 ] ::1 /Views/assets/js/lib/jquery.min.map
ERR: 无法加载模块:Views

[ 2015-12-02T00:04:40+08:00 ] ::1 /Views/assets/js/lib/jquery.min.map
ERR: 无法加载模块:Views

[ 2015-12-02T00:07:04+08:00 ] ::1 /Views/assets/js/lib/jquery.min.map
ERR: 无法加载模块:Views

[ 2015-12-02T00:07:05+08:00 ] ::1 /Views/assets/js/lib/jquery.min.map
ERR: 无法加载模块:Views

[ 2015-12-02T00:08:47+08:00 ] ::1 /Views/assets/js/lib/jquery.min.map
ERR: 无法加载模块:Views

[ 2015-12-02T00:09:26+08:00 ] ::1 /Views/assets/js/lib/jquery.min.map
ERR: 无法加载模块:Views

[ 2015-12-02T00:11:50+08:00 ] ::1 /Views/assets/js/lib/jquery.min.map
ERR: 无法加载模块:Views

[ 2015-12-02T00:11:51+08:00 ] ::1 /Views/assets/js/lib/jquery.min.map
ERR: 无法加载模块:Views

[ 2015-12-02T00:16:34+08:00 ] ::1 /Views/assets/js/lib/jquery.min.map
ERR: 无法加载模块:Views

[ 2015-12-02T00:34:34+08:00 ] ::1 /Views/assets/js/lib/jquery.min.map
ERR: 无法加载模块:Views

[ 2015-12-02T00:34:59+08:00 ] ::1 /Views/assets/js/lib/jquery.min.map
ERR: 无法加载模块:Views

[ 2015-12-02T00:35:48+08:00 ] ::1 /Views/assets/js/lib/jquery.min.map
ERR: 无法加载模块:Views

[ 2015-12-02T00:36:01+08:00 ] ::1 /Views/assets/js/lib/jquery.min.map
ERR: 无法加载模块:Views

[ 2015-12-02T00:36:11+08:00 ] ::1 /Views/assets/js/lib/jquery.min.map
ERR: 无法加载模块:Views

[ 2015-12-02T00:36:25+08:00 ] ::1 /Views/assets/js/lib/jquery.min.map
ERR: 无法加载模块:Views

[ 2015-12-02T00:36:48+08:00 ] ::1 /Views/assets/js/lib/jquery.min.map
ERR: 无法加载模块:Views

[ 2015-12-02T00:37:18+08:00 ] ::1 /Views/assets/js/lib/jquery.min.map
ERR: 无法加载模块:Views

[ 2015-12-02T00:38:47+08:00 ] ::1 /Views/assets/js/lib/jquery.min.map
ERR: 无法加载模块:Views

[ 2015-12-02T00:39:01+08:00 ] ::1 /Views/assets/js/lib/jquery.min.map
ERR: 无法加载模块:Views

[ 2015-12-02T00:39:04+08:00 ] ::1 /Views/assets/js/lib/jquery.min.map
ERR: 无法加载模块:Views

[ 2015-12-02T00:39:06+08:00 ] ::1 /Views/assets/js/lib/jquery.min.map
ERR: 无法加载模块:Views

[ 2015-12-02T00:39:09+08:00 ] ::1 /Views/assets/js/lib/jquery.min.map
ERR: 无法加载模块:Views

[ 2015-12-02T00:39:10+08:00 ] ::1 /Views/assets/js/lib/jquery.min.map
ERR: 无法加载模块:Views

[ 2015-12-02T00:39:31+08:00 ] ::1 /Views/assets/js/lib/jquery.min.map
ERR: 无法加载模块:Views

[ 2015-12-02T00:39:33+08:00 ] ::1 /Views/assets/js/lib/jquery.min.map
ERR: 无法加载模块:Views

[ 2015-12-02T00:41:15+08:00 ] ::1 /Views/assets/js/lib/jquery.min.map
ERR: 无法加载模块:Views

[ 2015-12-02T00:44:26+08:00 ] ::1 /Views/assets/js/lib/jquery.min.map
ERR: 无法加载模块:Views

[ 2015-12-02T00:44:33+08:00 ] ::1 /Views/assets/js/lib/jquery.min.map
ERR: 无法加载模块:Views

[ 2015-12-02T00:45:47+08:00 ] ::1 /Views/assets/js/lib/jquery.min.map
ERR: 无法加载模块:Views

[ 2015-12-02T00:45:52+08:00 ] ::1 /Views/assets/js/lib/jquery.min.map
ERR: 无法加载模块:Views

[ 2015-12-02T00:46:17+08:00 ] ::1 /Views/assets/js/lib/jquery.min.map
ERR: 无法加载模块:Views

[ 2015-12-02T00:49:54+08:00 ] ::1 /Views/assets/js/lib/jquery.min.map
ERR: 无法加载模块:Views

[ 2015-12-02T00:49:55+08:00 ] ::1 /Views/assets/js/lib/jquery.min.map
ERR: 无法加载模块:Views

[ 2015-12-02T00:49:56+08:00 ] ::1 /Views/assets/js/lib/jquery.min.map
ERR: 无法加载模块:Views

[ 2015-12-02T00:49:59+08:00 ] ::1 /Views/assets/js/lib/jquery.min.map
ERR: 无法加载模块:Views

[ 2015-12-02T00:50:01+08:00 ] ::1 /Views/assets/js/lib/jquery.min.map
ERR: 无法加载模块:Views

[ 2015-12-02T00:50:02+08:00 ] ::1 /Views/cocos2d/main.js
ERR: 无法加载模块:Views

[ 2015-12-02T00:50:02+08:00 ] ::1 /Views/assets/js/lib/jquery.min.map
ERR: 无法加载模块:Views

[ 2015-12-02T00:50:03+08:00 ] ::1 /Views/assets/js/lib/jquery.min.map
ERR: 无法加载模块:Views

[ 2015-12-02T15:55:38+08:00 ] ::1 /favicon.ico
ERR: 无法加载模块:Favicon

[ 2015-12-02T15:56:17+08:00 ] ::1 /Views/cocos2d/main.js
ERR: 无法加载模块:Views

[ 2015-12-02T15:56:17+08:00 ] ::1 /Views/res/favicon.ico
ERR: 无法加载模块:Views

[ 2015-12-02T16:30:56+08:00 ] ::1 /Views/cocos2d/main.js
ERR: 无法加载模块:Views

[ 2015-12-02T16:31:02+08:00 ] ::1 /Views/cocos2d/main.js
ERR: 无法加载模块:Views

