[ 2015-12-06T01:19:51+08:00 ] ::1 /favicon.ico
ERR: 无法加载模块:Favicon

[ 2015-12-06T01:19:58+08:00 ] ::1 /Views/res/favicon.ico
ERR: 无法加载模块:Views

[ 2015-12-06T01:20:01+08:00 ] ::1 /Views/assets/js/lib/jquery.min.map
ERR: 无法加载模块:Views

[ 2015-12-06T01:20:18+08:00 ] ::1 /Views/assets/js/lib/jquery.min.map
ERR: 无法加载模块:Views

[ 2015-12-06T01:20:25+08:00 ] ::1 /Views/assets/js/lib/jquery.min.map
ERR: 无法加载模块:Views

[ 2015-12-06T01:20:36+08:00 ] ::1 /Views/cocos2d/main.js
ERR: 无法加载模块:Views

[ 2015-12-06T01:20:36+08:00 ] ::1 /Views/assets/js/lib/jquery.min.map
ERR: 无法加载模块:Views

[ 2015-12-06T01:42:50+08:00 ] ::1 /Views/assets/js/lib/jquery.min.map
ERR: 无法加载模块:Views

[ 2015-12-06T01:42:54+08:00 ] ::1 /Views/assets/js/lib/jquery.min.map
ERR: 无法加载模块:Views

[ 2015-12-06T01:43:09+08:00 ] ::1 /Views/assets/js/lib/jquery.min.map
ERR: 无法加载模块:Views

[ 2015-12-06T01:43:22+08:00 ] ::1 /Views/assets/js/lib/jquery.min.map
ERR: 无法加载模块:Views

[ 2015-12-06T09:33:19+08:00 ] ::1 /favicon.ico
ERR: 无法加载模块:Favicon

