[ 2015-12-09T00:00:15+08:00 ] ::1 /Views/assets/js/lib/jquery.min.map
ERR: 无法加载模块:Views

[ 2015-12-09T00:00:17+08:00 ] ::1 /Views/assets/js/lib/jquery.min.map
ERR: 无法加载模块:Views

[ 2015-12-09T00:00:18+08:00 ] ::1 /Views/assets/js/lib/jquery.min.map
ERR: 无法加载模块:Views

[ 2015-12-09T00:00:19+08:00 ] ::1 /Views/assets/js/lib/jquery.min.map
ERR: 无法加载模块:Views

[ 2015-12-09T00:00:23+08:00 ] ::1 /Views/assets/js/lib/jquery.min.map
ERR: 无法加载模块:Views

[ 2015-12-09T00:00:54+08:00 ] ::1 /Views/assets/js/lib/jquery.min.map
ERR: 无法加载模块:Views

[ 2015-12-09T00:00:59+08:00 ] ::1 /Views/assets/js/lib/jquery.min.map
ERR: 无法加载模块:Views

[ 2015-12-09T00:01:00+08:00 ] ::1 /Views/assets/js/lib/jquery.min.map
ERR: 无法加载模块:Views

[ 2015-12-09T00:01:05+08:00 ] ::1 /Views/assets/js/lib/jquery.min.map
ERR: 无法加载模块:Views

[ 2015-12-09T00:01:09+08:00 ] ::1 /Views/assets/js/lib/jquery.min.map
ERR: 无法加载模块:Views

[ 2015-12-09T00:04:08+08:00 ] ::1 /Views/assets/js/lib/jquery.min.map
ERR: 无法加载模块:Views

[ 2015-12-09T00:04:09+08:00 ] ::1 /Views/assets/js/lib/jquery.min.map
ERR: 无法加载模块:Views

[ 2015-12-09T00:08:13+08:00 ] ::1 /Views/assets/js/lib/jquery.min.map
ERR: 无法加载模块:Views

[ 2015-12-09T00:09:41+08:00 ] ::1 /Views/assets/js/lib/jquery.min.map
ERR: 无法加载模块:Views

[ 2015-12-09T00:10:31+08:00 ] ::1 /Views/assets/js/lib/jquery.min.map
ERR: 无法加载模块:Views

[ 2015-12-09T00:13:11+08:00 ] ::1 /Views/assets/js/lib/jquery.min.map
ERR: 无法加载模块:Views

[ 2015-12-09T00:13:26+08:00 ] ::1 /Views/assets/js/lib/jquery.min.map
ERR: 无法加载模块:Views

[ 2015-12-09T00:13:31+08:00 ] ::1 /Views/assets/js/lib/jquery.min.map
ERR: 无法加载模块:Views

[ 2015-12-09T00:14:16+08:00 ] ::1 /Views/assets/js/lib/jquery.min.map
ERR: 无法加载模块:Views

[ 2015-12-09T00:14:20+08:00 ] ::1 /Views/assets/js/lib/jquery.min.map
ERR: 无法加载模块:Views

[ 2015-12-09T00:24:21+08:00 ] ::1 /Views/assets/js/lib/jquery.min.map
ERR: 无法加载模块:Views

[ 2015-12-09T00:24:49+08:00 ] ::1 /Views/assets/js/lib/jquery.min.map
ERR: 无法加载模块:Views

[ 2015-12-09T00:25:39+08:00 ] ::1 /Views/assets/js/lib/jquery.min.map
ERR: 无法加载模块:Views

[ 2015-12-09T00:26:12+08:00 ] ::1 /Views/assets/js/lib/jquery.min.map
ERR: 无法加载模块:Views

[ 2015-12-09T00:26:13+08:00 ] ::1 /Views/assets/js/lib/jquery.min.map
ERR: 无法加载模块:Views

[ 2015-12-09T00:27:34+08:00 ] ::1 /Views/assets/js/lib/jquery.min.map
ERR: 无法加载模块:Views

[ 2015-12-09T00:28:01+08:00 ] ::1 /Views/assets/js/lib/jquery.min.map
ERR: 无法加载模块:Views

[ 2015-12-09T00:28:23+08:00 ] ::1 /Views/assets/js/lib/jquery.min.map
ERR: 无法加载模块:Views

[ 2015-12-09T00:28:35+08:00 ] ::1 /Views/assets/js/lib/jquery.min.map
ERR: 无法加载模块:Views

[ 2015-12-09T00:28:47+08:00 ] ::1 /Views/assets/js/lib/jquery.min.map
ERR: 无法加载模块:Views

[ 2015-12-09T00:28:48+08:00 ] ::1 /replay.html
ERR: 无法加载模块:Replay

[ 2015-12-09T00:29:03+08:00 ] ::1 /replay.html
ERR: 无法加载模块:Replay

[ 2015-12-09T00:29:05+08:00 ] ::1 /Views/assets/js/lib/jquery.min.map
ERR: 无法加载模块:Views

[ 2015-12-09T00:29:08+08:00 ] ::1 /Views/assets/js/lib/jquery.min.map
ERR: 无法加载模块:Views

[ 2015-12-09T00:31:20+08:00 ] ::1 /res/preview.json
ERR: 无法加载模块:Res

[ 2015-12-09T00:31:20+08:00 ] ::1 /res/preview.json
ERR: 无法加载模块:Res

[ 2015-12-09T00:31:51+08:00 ] ::1 /Views/assets/js/lib/jquery.min.map
ERR: 无法加载模块:Views

[ 2015-12-09T00:32:06+08:00 ] ::1 /Views/assets/js/lib/jquery.min.map
ERR: 无法加载模块:Views

[ 2015-12-09T00:32:39+08:00 ] ::1 /Views/assets/js/lib/jquery.min.map
ERR: 无法加载模块:Views

[ 2015-12-09T00:32:57+08:00 ] ::1 /Views/assets/js/lib/jquery.min.map
ERR: 无法加载模块:Views

[ 2015-12-09T00:59:24+08:00 ] ::1 /Views/assets/js/lib/jquery.min.map
ERR: 无法加载模块:Views

[ 2015-12-09T01:00:01+08:00 ] ::1 /Views/assets/js/lib/jquery.min.map
ERR: 无法加载模块:Views

[ 2015-12-09T01:00:05+08:00 ] ::1 /Views/assets/js/lib/jquery.min.map
ERR: 无法加载模块:Views

[ 2015-12-09T01:00:09+08:00 ] ::1 /Views/assets/js/lib/jquery.min.map
ERR: 无法加载模块:Views

[ 2015-12-09T01:00:11+08:00 ] ::1 /Views/assets/js/lib/jquery.min.map
ERR: 无法加载模块:Views

[ 2015-12-09T01:00:24+08:00 ] ::1 /Views/assets/js/lib/jquery.min.map
ERR: 无法加载模块:Views

[ 2015-12-09T01:00:29+08:00 ] ::1 /Views/assets/js/lib/jquery.min.map
ERR: 无法加载模块:Views

[ 2015-12-09T01:00:32+08:00 ] ::1 /Views/assets/js/lib/jquery.min.map
ERR: 无法加载模块:Views

[ 2015-12-09T01:02:05+08:00 ] ::1 /Views/assets/js/lib/jquery.min.map
ERR: 无法加载模块:Views

[ 2015-12-09T01:02:08+08:00 ] ::1 /Views/assets/js/lib/jquery.min.map
ERR: 无法加载模块:Views

[ 2015-12-09T01:02:17+08:00 ] ::1 /res/preview.json
ERR: 无法加载模块:Res

[ 2015-12-09T01:02:17+08:00 ] ::1 /res/preview.json
ERR: 无法加载模块:Res

[ 2015-12-09T01:02:18+08:00 ] ::1 /Views/assets/js/lib/jquery.min.map
ERR: 无法加载模块:Views

[ 2015-12-09T01:04:12+08:00 ] ::1 /res/preview.json
ERR: 无法加载模块:Res

[ 2015-12-09T01:04:12+08:00 ] ::1 /res/preview.json
ERR: 无法加载模块:Res

[ 2015-12-09T01:04:12+08:00 ] ::1 /Views/assets/js/lib/jquery.min.map
ERR: 无法加载模块:Views

[ 2015-12-09T01:04:39+08:00 ] ::1 /res/preview.json
ERR: 无法加载模块:Res

[ 2015-12-09T01:04:39+08:00 ] ::1 /res/preview.json
ERR: 无法加载模块:Res

[ 2015-12-09T01:04:39+08:00 ] ::1 /Views/assets/js/lib/jquery.min.map
ERR: 无法加载模块:Views

[ 2015-12-09T01:04:49+08:00 ] ::1 /res/preview.json
ERR: 无法加载模块:Res

[ 2015-12-09T01:04:49+08:00 ] ::1 /res/preview.json
ERR: 无法加载模块:Res

[ 2015-12-09T01:04:50+08:00 ] ::1 /Views/assets/js/lib/jquery.min.map
ERR: 无法加载模块:Views

[ 2015-12-09T01:04:54+08:00 ] ::1 /res/preview.json
ERR: 无法加载模块:Res

[ 2015-12-09T01:04:54+08:00 ] ::1 /res/preview.json
ERR: 无法加载模块:Res

[ 2015-12-09T01:04:54+08:00 ] ::1 /Views/assets/js/lib/jquery.min.map
ERR: 无法加载模块:Views

[ 2015-12-09T01:04:59+08:00 ] ::1 /res/preview.json
ERR: 无法加载模块:Res

[ 2015-12-09T01:04:59+08:00 ] ::1 /res/preview.json
ERR: 无法加载模块:Res

[ 2015-12-09T01:04:59+08:00 ] ::1 /Views/assets/js/lib/jquery.min.map
ERR: 无法加载模块:Views

[ 2015-12-09T01:05:11+08:00 ] ::1 /res/preview.json
ERR: 无法加载模块:Res

[ 2015-12-09T01:05:11+08:00 ] ::1 /res/preview.json
ERR: 无法加载模块:Res

[ 2015-12-09T01:05:11+08:00 ] ::1 /Views/assets/js/lib/jquery.min.map
ERR: 无法加载模块:Views

[ 2015-12-09T01:05:26+08:00 ] ::1 /favicon.ico
ERR: 无法加载模块:Favicon

[ 2015-12-09T01:05:29+08:00 ] ::1 /Views/assets/js/lib/jquery.min.map
ERR: 无法加载模块:Views

[ 2015-12-09T01:05:30+08:00 ] ::1 /Views/assets/js/lib/jquery.min.map
ERR: 无法加载模块:Views

[ 2015-12-09T01:05:41+08:00 ] ::1 /Views/res/favicon.ico
ERR: 无法加载模块:Views

[ 2015-12-09T01:05:41+08:00 ] ::1 /Views/assets/js/lib/jquery.min.map
ERR: 无法加载模块:Views

[ 2015-12-09T01:05:43+08:00 ] ::1 /Views/assets/js/lib/jquery.min.map
ERR: 无法加载模块:Views

[ 2015-12-09T01:05:47+08:00 ] ::1 /Views/assets/js/lib/jquery.min.map
ERR: 无法加载模块:Views

[ 2015-12-09T01:06:32+08:00 ] ::1 /Views/assets/js/lib/jquery.min.map
ERR: 无法加载模块:Views

[ 2015-12-09T01:06:46+08:00 ] ::1 /Views/assets/js/lib/jquery.min.map
ERR: 无法加载模块:Views

[ 2015-12-09T01:08:03+08:00 ] ::1 /Views/assets/js/lib/jquery.min.map
ERR: 无法加载模块:Views

[ 2015-12-09T01:08:49+08:00 ] ::1 /Views/assets/js/lib/jquery.min.map
ERR: 无法加载模块:Views

[ 2015-12-09T01:09:04+08:00 ] ::1 /Views/assets/js/lib/jquery.min.map
ERR: 无法加载模块:Views

[ 2015-12-09T01:09:12+08:00 ] ::1 /Views/assets/js/lib/jquery.min.map
ERR: 无法加载模块:Views

[ 2015-12-09T01:10:12+08:00 ] ::1 /Views/assets/js/lib/jquery.min.map
ERR: 无法加载模块:Views

[ 2015-12-09T01:10:14+08:00 ] ::1 /Views/assets/js/lib/jquery.min.map
ERR: 无法加载模块:Views

