[ 2015-12-09T00:00:19+08:00 ] ::1 /Home/Index/userRank
ERR: SQLSTATE[42S22]: Column not found: 1054 Unknown column 'secondplayer' in 'field list'

[ 2015-12-09T00:00:54+08:00 ] ::1 /Home/Index/userRank
ERR: SQLSTATE[42S22]: Column not found: 1054 Unknown column 'secondplayer' in 'field list'

[ 2015-12-09T00:01:00+08:00 ] ::1 /Home/Index/userRank
ERR: SQLSTATE[42S22]: Column not found: 1054 Unknown column 'secondplayer' in 'field list'

[ 2015-12-09T00:01:09+08:00 ] ::1 /Home/Index/userRank
ERR: SQLSTATE[42S22]: Column not found: 1054 Unknown column 'secondplayer' in 'field list'

[ 2015-12-09T00:04:08+08:00 ] ::1 /Home/Index/userRank
ERR: SQLSTATE[42S22]: Column not found: 1054 Unknown column 'secondplayer' in 'field list'

[ 2015-12-09T00:04:09+08:00 ] ::1 /Home/Index/userRank
ERR: SQLSTATE[42S22]: Column not found: 1054 Unknown column 'secondplayer' in 'field list'

[ 2015-12-09T00:04:16+08:00 ] ::1 /Home/Index/userRank
ERR: SQLSTATE[42S22]: Column not found: 1054 Unknown column 'secondplayer' in 'field list'

[ 2015-12-09T00:04:50+08:00 ] ::1 /Home/Index/userRank
ERR: SQLSTATE[42S22]: Column not found: 1054 Unknown column 'secondplayer' in 'field list'

[ 2015-12-09T00:08:13+08:00 ] ::1 /Home/Index/userRank
ERR: SQLSTATE[42S22]: Column not found: 1054 Unknown column 'secondplayer' in 'field list'

[ 2015-12-09T00:13:11+08:00 ] ::1 /Home/Index/userRank
INFO: [ app_begin ] --START--
INFO: Run Behavior\ReadHtmlCacheBehavior [ RunTime:0.000532s ]
INFO: [ app_begin ] --END-- [ RunTime:0.001152s ]
SQL: SHOW COLUMNS FROM `user_battle` [ RunTime:0.0088s ]
SQL: SHOW COLUMNS FROM `user` [ RunTime:0.0082s ]
SQL: SELECT COUNT(*) AS tp_count FROM `user` LIMIT 1   [ RunTime:0.0002s ]
SQL: SELECT `id`,`email`,`nickname`,`score`,`school`,`studentid`,`name`,`entrance` FROM `user` ORDER BY score desc LIMIT 20   [ RunTime:0.0002s ]

[ 2015-12-09T00:13:26+08:00 ] ::1 /Home/Index/userRank
ERR: SQLSTATE[42S22]: Column not found: 1054 Unknown column 'secondplayer' in 'field list'

[ 2015-12-09T00:13:31+08:00 ] ::1 /Home/Index/userRank
INFO: [ app_begin ] --START--
INFO: Run Behavior\ReadHtmlCacheBehavior [ RunTime:0.000820s ]
INFO: [ app_begin ] --END-- [ RunTime:0.001415s ]
SQL: SHOW COLUMNS FROM `user_battle` [ RunTime:0.0107s ]
SQL: SHOW COLUMNS FROM `user` [ RunTime:0.0139s ]
SQL: SELECT COUNT(*) AS tp_count FROM `user` LIMIT 1   [ RunTime:0.0003s ]
SQL: SELECT `id`,`email`,`nickname`,`score`,`school`,`studentid`,`name`,`entrance` FROM `user` ORDER BY score desc LIMIT 20   [ RunTime:0.0005s ]

[ 2015-12-09T00:14:16+08:00 ] ::1 /Home/Index/userRank
INFO: [ app_begin ] --START--
INFO: Run Behavior\ReadHtmlCacheBehavior [ RunTime:0.000634s ]
INFO: [ app_begin ] --END-- [ RunTime:0.001205s ]
SQL: SHOW COLUMNS FROM `user_battle` [ RunTime:0.0165s ]
SQL: SHOW COLUMNS FROM `user` [ RunTime:0.0158s ]
SQL: SELECT COUNT(*) AS tp_count FROM `user` LIMIT 1   [ RunTime:0.0002s ]
SQL: SELECT `id`,`email`,`nickname`,`score`,`school`,`studentid`,`name`,`entrance` FROM `user` ORDER BY score desc LIMIT 20   [ RunTime:0.0002s ]

[ 2015-12-09T00:14:20+08:00 ] ::1 /Home/Index/userRank
INFO: [ app_begin ] --START--
INFO: Run Behavior\ReadHtmlCacheBehavior [ RunTime:0.000802s ]
INFO: [ app_begin ] --END-- [ RunTime:0.001353s ]
SQL: SHOW COLUMNS FROM `user_battle` [ RunTime:0.0081s ]
SQL: SHOW COLUMNS FROM `user` [ RunTime:0.0077s ]
SQL: SELECT COUNT(*) AS tp_count FROM `user` LIMIT 1   [ RunTime:0.0002s ]
SQL: SELECT `id`,`email`,`nickname`,`score`,`school`,`studentid`,`name`,`entrance` FROM `user` ORDER BY score desc LIMIT 20   [ RunTime:0.0003s ]

[ 2015-12-09T00:24:21+08:00 ] ::1 /Home/Index/userRank
INFO: [ app_begin ] --START--
INFO: Run Behavior\ReadHtmlCacheBehavior [ RunTime:0.000950s ]
INFO: [ app_begin ] --END-- [ RunTime:0.001635s ]
SQL: SHOW COLUMNS FROM `user_battle` [ RunTime:0.0211s ]
SQL: SHOW COLUMNS FROM `user` [ RunTime:0.0114s ]
SQL: SELECT COUNT(*) AS tp_count FROM `user` LIMIT 1   [ RunTime:0.0003s ]
SQL: SELECT `id`,`email`,`nickname`,`score`,`school`,`studentid`,`name`,`entrance` FROM `user` ORDER BY score desc LIMIT 20   [ RunTime:0.0003s ]

[ 2015-12-09T00:24:49+08:00 ] ::1 /Home/Index/userRank
INFO: [ app_begin ] --START--
INFO: Run Behavior\ReadHtmlCacheBehavior [ RunTime:0.000604s ]
INFO: [ app_begin ] --END-- [ RunTime:0.001041s ]
SQL: SHOW COLUMNS FROM `user_battle` [ RunTime:0.0101s ]
SQL: SHOW COLUMNS FROM `user` [ RunTime:0.0086s ]
SQL: SELECT COUNT(*) AS tp_count FROM `user` LIMIT 1   [ RunTime:0.0003s ]
SQL: SELECT `id`,`email`,`nickname`,`score`,`school`,`studentid`,`name`,`entrance` FROM `user` ORDER BY score desc LIMIT 20   [ RunTime:0.0004s ]

[ 2015-12-09T00:25:39+08:00 ] ::1 /Home/Index/userRank
INFO: [ app_begin ] --START--
INFO: Run Behavior\ReadHtmlCacheBehavior [ RunTime:0.000595s ]
INFO: [ app_begin ] --END-- [ RunTime:0.001194s ]
SQL: SHOW COLUMNS FROM `user_battle` [ RunTime:0.0158s ]
SQL: SHOW COLUMNS FROM `user` [ RunTime:0.0155s ]
SQL: SELECT COUNT(*) AS tp_count FROM `user` LIMIT 1   [ RunTime:0.0004s ]
SQL: SELECT `id`,`email`,`nickname`,`score`,`school`,`studentid`,`name`,`entrance` FROM `user` ORDER BY score desc LIMIT 20   [ RunTime:0.0005s ]

[ 2015-12-09T00:26:12+08:00 ] ::1 /Home/Index/userRank
INFO: [ app_begin ] --START--
INFO: Run Behavior\ReadHtmlCacheBehavior [ RunTime:0.000585s ]
INFO: [ app_begin ] --END-- [ RunTime:0.000951s ]
SQL: SHOW COLUMNS FROM `user_battle` [ RunTime:0.0138s ]
SQL: SHOW COLUMNS FROM `user` [ RunTime:0.0116s ]
SQL: SELECT COUNT(*) AS tp_count FROM `user` LIMIT 1   [ RunTime:0.0003s ]
SQL: SELECT `id`,`email`,`nickname`,`score`,`school`,`studentid`,`name`,`entrance` FROM `user` ORDER BY score desc LIMIT 20   [ RunTime:0.0003s ]

[ 2015-12-09T00:26:13+08:00 ] ::1 /Home/Index/userRank
INFO: [ app_begin ] --START--
INFO: Run Behavior\ReadHtmlCacheBehavior [ RunTime:0.000814s ]
INFO: [ app_begin ] --END-- [ RunTime:0.001316s ]
SQL: SHOW COLUMNS FROM `user_battle` [ RunTime:0.0105s ]
SQL: SHOW COLUMNS FROM `user` [ RunTime:0.0093s ]
SQL: SELECT COUNT(*) AS tp_count FROM `user` LIMIT 1   [ RunTime:0.0002s ]
SQL: SELECT `id`,`email`,`nickname`,`score`,`school`,`studentid`,`name`,`entrance` FROM `user` ORDER BY score desc LIMIT 20   [ RunTime:0.0002s ]

[ 2015-12-09T00:27:34+08:00 ] ::1 /Home/Index/userRank
INFO: [ app_begin ] --START--
INFO: Run Behavior\ReadHtmlCacheBehavior [ RunTime:0.000534s ]
INFO: [ app_begin ] --END-- [ RunTime:0.001063s ]
SQL: SHOW COLUMNS FROM `user_battle` [ RunTime:0.0194s ]
SQL: SHOW COLUMNS FROM `user` [ RunTime:0.0150s ]
SQL: SELECT COUNT(*) AS tp_count FROM `user` LIMIT 1   [ RunTime:0.0010s ]
SQL: SELECT `id`,`email`,`nickname`,`score`,`school`,`studentid`,`name`,`entrance` FROM `user` ORDER BY score desc LIMIT 20   [ RunTime:0.0005s ]

[ 2015-12-09T00:28:01+08:00 ] ::1 /Home/Index/userRank
INFO: [ app_begin ] --START--
INFO: Run Behavior\ReadHtmlCacheBehavior [ RunTime:0.000521s ]
INFO: [ app_begin ] --END-- [ RunTime:0.000876s ]
SQL: SHOW COLUMNS FROM `user_battle` [ RunTime:0.0083s ]
SQL: SHOW COLUMNS FROM `user` [ RunTime:0.0107s ]
SQL: SELECT COUNT(*) AS tp_count FROM `user` LIMIT 1   [ RunTime:0.0002s ]
SQL: SELECT `id`,`email`,`nickname`,`score`,`school`,`studentid`,`name`,`entrance` FROM `user` ORDER BY score desc LIMIT 20   [ RunTime:0.0003s ]

[ 2015-12-09T00:28:35+08:00 ] ::1 /Home/Index/userRank
INFO: [ app_begin ] --START--
INFO: Run Behavior\ReadHtmlCacheBehavior [ RunTime:0.000538s ]
INFO: [ app_begin ] --END-- [ RunTime:0.001000s ]
SQL: SHOW COLUMNS FROM `user_battle` [ RunTime:0.0081s ]
SQL: SHOW COLUMNS FROM `user` [ RunTime:0.0077s ]
SQL: SELECT COUNT(*) AS tp_count FROM `user` LIMIT 1   [ RunTime:0.0002s ]
SQL: SELECT `id`,`email`,`nickname`,`score`,`school`,`studentid`,`name`,`entrance` FROM `user` ORDER BY score desc LIMIT 20   [ RunTime:0.0002s ]

[ 2015-12-09T00:28:48+08:00 ] ::1 /Home/Index/userRank
INFO: [ app_begin ] --START--
INFO: Run Behavior\ReadHtmlCacheBehavior [ RunTime:0.000506s ]
INFO: [ app_begin ] --END-- [ RunTime:0.001004s ]
SQL: SHOW COLUMNS FROM `user_battle` [ RunTime:0.0085s ]
SQL: SHOW COLUMNS FROM `user` [ RunTime:0.0081s ]
SQL: SELECT COUNT(*) AS tp_count FROM `user` LIMIT 1   [ RunTime:0.0002s ]
SQL: SELECT `id`,`email`,`nickname`,`score`,`school`,`studentid`,`name`,`entrance` FROM `user` ORDER BY score desc LIMIT 20   [ RunTime:0.0002s ]

[ 2015-12-09T00:29:05+08:00 ] ::1 /Home/Index/userRank
INFO: [ app_begin ] --START--
INFO: Run Behavior\ReadHtmlCacheBehavior [ RunTime:0.000546s ]
INFO: [ app_begin ] --END-- [ RunTime:0.000977s ]
SQL: SHOW COLUMNS FROM `user_battle` [ RunTime:0.0074s ]
SQL: SHOW COLUMNS FROM `user` [ RunTime:0.0077s ]
SQL: SELECT COUNT(*) AS tp_count FROM `user` LIMIT 1   [ RunTime:0.0002s ]
SQL: SELECT `id`,`email`,`nickname`,`score`,`school`,`studentid`,`name`,`entrance` FROM `user` ORDER BY score desc LIMIT 20   [ RunTime:0.0003s ]

[ 2015-12-09T01:00:29+08:00 ] ::1 /Home/Index/userRank
INFO: [ app_begin ] --START--
INFO: Run Behavior\ReadHtmlCacheBehavior [ RunTime:0.000537s ]
INFO: [ app_begin ] --END-- [ RunTime:0.000889s ]
SQL: SHOW COLUMNS FROM `user_battle` [ RunTime:0.0109s ]
SQL: SHOW COLUMNS FROM `user` [ RunTime:0.0102s ]
SQL: SELECT COUNT(*) AS tp_count FROM `user` LIMIT 1   [ RunTime:0.0002s ]
SQL: SELECT `id`,`email`,`nickname`,`score`,`school`,`studentid`,`name`,`entrance` FROM `user` ORDER BY score desc LIMIT 20   [ RunTime:0.0004s ]

[ 2015-12-09T01:02:05+08:00 ] ::1 /Home/Index/userRank
INFO: [ app_begin ] --START--
INFO: Run Behavior\ReadHtmlCacheBehavior [ RunTime:0.000597s ]
INFO: [ app_begin ] --END-- [ RunTime:0.000990s ]
SQL: SHOW COLUMNS FROM `user_battle` [ RunTime:0.0102s ]
SQL: SHOW COLUMNS FROM `user` [ RunTime:0.0091s ]
SQL: SELECT COUNT(*) AS tp_count FROM `user` LIMIT 1   [ RunTime:0.0002s ]
SQL: SELECT `id`,`email`,`nickname`,`score`,`school`,`studentid`,`name`,`entrance` FROM `user` ORDER BY score desc LIMIT 20   [ RunTime:0.0002s ]

[ 2015-12-09T01:05:43+08:00 ] ::1 /Home/Index/userRank
INFO: [ app_begin ] --START--
INFO: Run Behavior\ReadHtmlCacheBehavior [ RunTime:0.000354s ]
INFO: [ app_begin ] --END-- [ RunTime:0.000670s ]
SQL: SHOW COLUMNS FROM `user_battle` [ RunTime:0.0100s ]
SQL: SHOW COLUMNS FROM `user` [ RunTime:0.0111s ]
SQL: SELECT COUNT(*) AS tp_count FROM `user` LIMIT 1   [ RunTime:0.0002s ]
SQL: SELECT `id`,`email`,`nickname`,`score`,`school`,`studentid`,`name`,`entrance` FROM `user` ORDER BY score desc LIMIT 20   [ RunTime:0.0002s ]

