[ 2015-12-06T01:41:18+08:00 ] ::1 /Home/Index/getBattles
INFO: [ app_begin ] --START--
INFO: Run Behavior\ReadHtmlCacheBehavior [ RunTime:0.000352s ]
INFO: [ app_begin ] --END-- [ RunTime:0.000685s ]
SQL: SHOW COLUMNS FROM `user_battle` [ RunTime:0.0474s ]
SQL: SHOW COLUMNS FROM `user` [ RunTime:0.0081s ]
SQL: SHOW COLUMNS FROM `user` [ RunTime:0.0071s ]
SQL: SELECT COUNT(*) AS tp_count FROM `user_battle` LIMIT 1   [ RunTime:0.0848s ]
SQL: SELECT * FROM `user_battle` ORDER BY id desc LIMIT 20   [ RunTime:0.0069s ]
SQL: SELECT `nickname` FROM `user` WHERE `id` = 2 LIMIT 1   [ RunTime:0.0091s ]
SQL: SELECT `nickname` FROM `user` WHERE `id` = 3 LIMIT 1   [ RunTime:0.0003s ]
SQL: SELECT `nickname` FROM `user` WHERE `id` = 2 LIMIT 1   [ RunTime:0.0002s ]
SQL: SELECT `nickname` FROM `user` WHERE `id` = 3 LIMIT 1   [ RunTime:0.0002s ]
SQL: SELECT `nickname` FROM `user` WHERE `id` = 2 LIMIT 1   [ RunTime:0.0002s ]
SQL: SELECT `nickname` FROM `user` WHERE `id` = 3 LIMIT 1   [ RunTime:0.0002s ]
SQL: SELECT `nickname` FROM `user` WHERE `id` = 2 LIMIT 1   [ RunTime:0.0002s ]
SQL: SELECT `nickname` FROM `user` WHERE `id` = 3 LIMIT 1   [ RunTime:0.0002s ]
SQL: SELECT `nickname` FROM `user` WHERE `id` = 2 LIMIT 1   [ RunTime:0.0002s ]
SQL: SELECT `nickname` FROM `user` WHERE `id` = 3 LIMIT 1   [ RunTime:0.0002s ]
SQL: SELECT `nickname` FROM `user` WHERE `id` = 2 LIMIT 1   [ RunTime:0.0002s ]
SQL: SELECT `nickname` FROM `user` WHERE `id` = 3 LIMIT 1   [ RunTime:0.0002s ]
SQL: SELECT `nickname` FROM `user` WHERE `id` = 2 LIMIT 1   [ RunTime:0.0002s ]
SQL: SELECT `nickname` FROM `user` WHERE `id` = 3 LIMIT 1   [ RunTime:0.0002s ]
SQL: SELECT `nickname` FROM `user` WHERE `id` = 2 LIMIT 1   [ RunTime:0.0002s ]
SQL: SELECT `nickname` FROM `user` WHERE `id` = 3 LIMIT 1   [ RunTime:0.0002s ]
SQL: SELECT `nickname` FROM `user` WHERE `id` = 2 LIMIT 1   [ RunTime:0.0002s ]
SQL: SELECT `nickname` FROM `user` WHERE `id` = 3 LIMIT 1   [ RunTime:0.0002s ]
SQL: SELECT `nickname` FROM `user` WHERE `id` = 2 LIMIT 1   [ RunTime:0.0002s ]
SQL: SELECT `nickname` FROM `user` WHERE `id` = 3 LIMIT 1   [ RunTime:0.0002s ]
SQL: SELECT `nickname` FROM `user` WHERE `id` = 2 LIMIT 1   [ RunTime:0.0002s ]
SQL: SELECT `nickname` FROM `user` WHERE `id` = 3 LIMIT 1   [ RunTime:0.0002s ]
SQL: SELECT `nickname` FROM `user` WHERE `id` = 2 LIMIT 1   [ RunTime:0.0002s ]
SQL: SELECT `nickname` FROM `user` WHERE `id` = 3 LIMIT 1   [ RunTime:0.0002s ]
SQL: SELECT `nickname` FROM `user` WHERE `id` = 2 LIMIT 1   [ RunTime:0.0002s ]
SQL: SELECT `nickname` FROM `user` WHERE `id` = 3 LIMIT 1   [ RunTime:0.0002s ]
SQL: SELECT `nickname` FROM `user` WHERE `id` = 2 LIMIT 1   [ RunTime:0.0002s ]
SQL: SELECT `nickname` FROM `user` WHERE `id` = 3 LIMIT 1   [ RunTime:0.0001s ]
SQL: SELECT `nickname` FROM `user` WHERE `id` = 2 LIMIT 1   [ RunTime:0.0002s ]
SQL: SELECT `nickname` FROM `user` WHERE `id` = 3 LIMIT 1   [ RunTime:0.0002s ]
SQL: SELECT `nickname` FROM `user` WHERE `id` = 2 LIMIT 1   [ RunTime:0.0002s ]
SQL: SELECT `nickname` FROM `user` WHERE `id` = 3 LIMIT 1   [ RunTime:0.0002s ]
SQL: SELECT `nickname` FROM `user` WHERE `id` = 2 LIMIT 1   [ RunTime:0.0001s ]
SQL: SELECT `nickname` FROM `user` WHERE `id` = 3 LIMIT 1   [ RunTime:0.0002s ]
SQL: SELECT `nickname` FROM `user` WHERE `id` = 2 LIMIT 1   [ RunTime:0.0002s ]
SQL: SELECT `nickname` FROM `user` WHERE `id` = 3 LIMIT 1   [ RunTime:0.0002s ]
SQL: SELECT `nickname` FROM `user` WHERE `id` = 2 LIMIT 1   [ RunTime:0.0002s ]
SQL: SELECT `nickname` FROM `user` WHERE `id` = 3 LIMIT 1   [ RunTime:0.0002s ]
SQL: SELECT `nickname` FROM `user` WHERE `id` = 2 LIMIT 1   [ RunTime:0.0001s ]
SQL: SELECT `nickname` FROM `user` WHERE `id` = 3 LIMIT 1   [ RunTime:0.0002s ]

[ 2015-12-06T01:41:19+08:00 ] ::1 /Home/Index/getBattles
INFO: [ app_begin ] --START--
INFO: Run Behavior\ReadHtmlCacheBehavior [ RunTime:0.000516s ]
INFO: [ app_begin ] --END-- [ RunTime:0.000996s ]
SQL: SHOW COLUMNS FROM `user_battle` [ RunTime:0.0099s ]
SQL: SHOW COLUMNS FROM `user` [ RunTime:0.0069s ]
SQL: SHOW COLUMNS FROM `user` [ RunTime:0.0105s ]
SQL: SELECT COUNT(*) AS tp_count FROM `user_battle` LIMIT 1   [ RunTime:0.0002s ]
SQL: SELECT * FROM `user_battle` ORDER BY id desc LIMIT 20   [ RunTime:0.0003s ]
SQL: SELECT `nickname` FROM `user` WHERE `id` = 2 LIMIT 1   [ RunTime:0.0002s ]
SQL: SELECT `nickname` FROM `user` WHERE `id` = 3 LIMIT 1   [ RunTime:0.0002s ]
SQL: SELECT `nickname` FROM `user` WHERE `id` = 2 LIMIT 1   [ RunTime:0.0001s ]
SQL: SELECT `nickname` FROM `user` WHERE `id` = 3 LIMIT 1   [ RunTime:0.0001s ]
SQL: SELECT `nickname` FROM `user` WHERE `id` = 2 LIMIT 1   [ RunTime:0.0001s ]
SQL: SELECT `nickname` FROM `user` WHERE `id` = 3 LIMIT 1   [ RunTime:0.0001s ]
SQL: SELECT `nickname` FROM `user` WHERE `id` = 2 LIMIT 1   [ RunTime:0.0001s ]
SQL: SELECT `nickname` FROM `user` WHERE `id` = 3 LIMIT 1   [ RunTime:0.0001s ]
SQL: SELECT `nickname` FROM `user` WHERE `id` = 2 LIMIT 1   [ RunTime:0.0001s ]
SQL: SELECT `nickname` FROM `user` WHERE `id` = 3 LIMIT 1   [ RunTime:0.0001s ]
SQL: SELECT `nickname` FROM `user` WHERE `id` = 2 LIMIT 1   [ RunTime:0.0001s ]
SQL: SELECT `nickname` FROM `user` WHERE `id` = 3 LIMIT 1   [ RunTime:0.0001s ]
SQL: SELECT `nickname` FROM `user` WHERE `id` = 2 LIMIT 1   [ RunTime:0.0001s ]
SQL: SELECT `nickname` FROM `user` WHERE `id` = 3 LIMIT 1   [ RunTime:0.0001s ]
SQL: SELECT `nickname` FROM `user` WHERE `id` = 2 LIMIT 1   [ RunTime:0.0001s ]
SQL: SELECT `nickname` FROM `user` WHERE `id` = 3 LIMIT 1   [ RunTime:0.0001s ]
SQL: SELECT `nickname` FROM `user` WHERE `id` = 2 LIMIT 1   [ RunTime:0.0001s ]
SQL: SELECT `nickname` FROM `user` WHERE `id` = 3 LIMIT 1   [ RunTime:0.0001s ]
SQL: SELECT `nickname` FROM `user` WHERE `id` = 2 LIMIT 1   [ RunTime:0.0001s ]
SQL: SELECT `nickname` FROM `user` WHERE `id` = 3 LIMIT 1   [ RunTime:0.0001s ]
SQL: SELECT `nickname` FROM `user` WHERE `id` = 2 LIMIT 1   [ RunTime:0.0001s ]
SQL: SELECT `nickname` FROM `user` WHERE `id` = 3 LIMIT 1   [ RunTime:0.0001s ]
SQL: SELECT `nickname` FROM `user` WHERE `id` = 2 LIMIT 1   [ RunTime:0.0002s ]
SQL: SELECT `nickname` FROM `user` WHERE `id` = 3 LIMIT 1   [ RunTime:0.0003s ]
SQL: SELECT `nickname` FROM `user` WHERE `id` = 2 LIMIT 1   [ RunTime:0.0002s ]
SQL: SELECT `nickname` FROM `user` WHERE `id` = 3 LIMIT 1   [ RunTime:0.0002s ]
SQL: SELECT `nickname` FROM `user` WHERE `id` = 2 LIMIT 1   [ RunTime:0.0002s ]
SQL: SELECT `nickname` FROM `user` WHERE `id` = 3 LIMIT 1   [ RunTime:0.0006s ]
SQL: SELECT `nickname` FROM `user` WHERE `id` = 2 LIMIT 1   [ RunTime:0.0003s ]
SQL: SELECT `nickname` FROM `user` WHERE `id` = 3 LIMIT 1   [ RunTime:0.0001s ]
SQL: SELECT `nickname` FROM `user` WHERE `id` = 2 LIMIT 1   [ RunTime:0.0001s ]
SQL: SELECT `nickname` FROM `user` WHERE `id` = 3 LIMIT 1   [ RunTime:0.0001s ]
SQL: SELECT `nickname` FROM `user` WHERE `id` = 2 LIMIT 1   [ RunTime:0.0001s ]
SQL: SELECT `nickname` FROM `user` WHERE `id` = 3 LIMIT 1   [ RunTime:0.0001s ]
SQL: SELECT `nickname` FROM `user` WHERE `id` = 2 LIMIT 1   [ RunTime:0.0001s ]
SQL: SELECT `nickname` FROM `user` WHERE `id` = 3 LIMIT 1   [ RunTime:0.0001s ]
SQL: SELECT `nickname` FROM `user` WHERE `id` = 2 LIMIT 1   [ RunTime:0.0001s ]
SQL: SELECT `nickname` FROM `user` WHERE `id` = 3 LIMIT 1   [ RunTime:0.0001s ]
SQL: SELECT `nickname` FROM `user` WHERE `id` = 2 LIMIT 1   [ RunTime:0.0001s ]
SQL: SELECT `nickname` FROM `user` WHERE `id` = 3 LIMIT 1   [ RunTime:0.0001s ]

