[ 2015-12-04T23:24:21+08:00 ] ::1 /Home/Index/userRank
INFO: [ app_begin ] --START--
INFO: Run Behavior\ReadHtmlCacheBehavior [ RunTime:0.000649s ]
INFO: [ app_begin ] --END-- [ RunTime:0.001094s ]
SQL: SHOW COLUMNS FROM `user_battle` [ RunTime:0.0356s ]
SQL: SHOW COLUMNS FROM `user` [ RunTime:0.0074s ]
SQL: SELECT COUNT(*) AS tp_count FROM `user` LIMIT 1   [ RunTime:0.0002s ]
SQL: SELECT `id`,`email`,`nickname`,`score`,`school`,`studentid`,`name`,`entrance` FROM `user` ORDER BY score desc LIMIT 20   [ RunTime:0.0003s ]

[ 2015-12-04T23:24:23+08:00 ] ::1 /Home/Index/userRank
INFO: [ app_begin ] --START--
INFO: Run Behavior\ReadHtmlCacheBehavior [ RunTime:0.000490s ]
INFO: [ app_begin ] --END-- [ RunTime:0.000949s ]
SQL: SHOW COLUMNS FROM `user_battle` [ RunTime:0.0074s ]
SQL: SHOW COLUMNS FROM `user` [ RunTime:0.0094s ]
SQL: SELECT COUNT(*) AS tp_count FROM `user` LIMIT 1   [ RunTime:0.0005s ]
SQL: SELECT `id`,`email`,`nickname`,`score`,`school`,`studentid`,`name`,`entrance` FROM `user` ORDER BY score desc LIMIT 20,20   [ RunTime:0.0005s ]

[ 2015-12-04T23:24:24+08:00 ] ::1 /Home/Index/userRank
INFO: [ app_begin ] --START--
INFO: Run Behavior\ReadHtmlCacheBehavior [ RunTime:0.000822s ]
INFO: [ app_begin ] --END-- [ RunTime:0.001901s ]
SQL: SHOW COLUMNS FROM `user_battle` [ RunTime:0.0081s ]
SQL: SHOW COLUMNS FROM `user` [ RunTime:0.0080s ]
SQL: SELECT COUNT(*) AS tp_count FROM `user` LIMIT 1   [ RunTime:0.0002s ]
SQL: SELECT `id`,`email`,`nickname`,`score`,`school`,`studentid`,`name`,`entrance` FROM `user` ORDER BY score desc LIMIT 40,20   [ RunTime:0.0002s ]

[ 2015-12-04T23:24:26+08:00 ] ::1 /Home/Index/userRank
INFO: [ app_begin ] --START--
INFO: Run Behavior\ReadHtmlCacheBehavior [ RunTime:0.000408s ]
INFO: [ app_begin ] --END-- [ RunTime:0.000943s ]
SQL: SHOW COLUMNS FROM `user_battle` [ RunTime:0.0116s ]
SQL: SHOW COLUMNS FROM `user` [ RunTime:0.0081s ]
SQL: SELECT COUNT(*) AS tp_count FROM `user` LIMIT 1   [ RunTime:0.0002s ]
SQL: SELECT `id`,`email`,`nickname`,`score`,`school`,`studentid`,`name`,`entrance` FROM `user` ORDER BY score desc LIMIT 20,20   [ RunTime:0.0002s ]

[ 2015-12-04T23:24:26+08:00 ] ::1 /Home/Index/userRank
INFO: [ app_begin ] --START--
INFO: Run Behavior\ReadHtmlCacheBehavior [ RunTime:0.000368s ]
INFO: [ app_begin ] --END-- [ RunTime:0.000757s ]
SQL: SHOW COLUMNS FROM `user_battle` [ RunTime:0.0077s ]
SQL: SHOW COLUMNS FROM `user` [ RunTime:0.0073s ]
SQL: SELECT COUNT(*) AS tp_count FROM `user` LIMIT 1   [ RunTime:0.0002s ]
SQL: SELECT `id`,`email`,`nickname`,`score`,`school`,`studentid`,`name`,`entrance` FROM `user` ORDER BY score desc LIMIT 0,20   [ RunTime:0.0004s ]

[ 2015-12-04T23:24:28+08:00 ] ::1 /Home/Index/userRank
INFO: [ app_begin ] --START--
INFO: Run Behavior\ReadHtmlCacheBehavior [ RunTime:0.000453s ]
INFO: [ app_begin ] --END-- [ RunTime:0.000914s ]
SQL: SHOW COLUMNS FROM `user_battle` [ RunTime:0.0123s ]
SQL: SHOW COLUMNS FROM `user` [ RunTime:0.0091s ]
SQL: SELECT COUNT(*) AS tp_count FROM `user` LIMIT 1   [ RunTime:0.0003s ]
SQL: SELECT `id`,`email`,`nickname`,`score`,`school`,`studentid`,`name`,`entrance` FROM `user` ORDER BY score desc LIMIT 20,20   [ RunTime:0.0002s ]

[ 2015-12-04T23:24:41+08:00 ] ::1 /Home/Index/userRank
INFO: [ app_begin ] --START--
INFO: Run Behavior\ReadHtmlCacheBehavior [ RunTime:0.000895s ]
INFO: [ app_begin ] --END-- [ RunTime:0.001765s ]
SQL: SHOW COLUMNS FROM `user_battle` [ RunTime:0.0084s ]
SQL: SHOW COLUMNS FROM `user` [ RunTime:0.0082s ]
SQL: SELECT COUNT(*) AS tp_count FROM `user` LIMIT 1   [ RunTime:0.0002s ]
SQL: SELECT `id`,`email`,`nickname`,`score`,`school`,`studentid`,`name`,`entrance` FROM `user` ORDER BY score desc LIMIT 0,20   [ RunTime:0.0003s ]

[ 2015-12-04T23:24:47+08:00 ] ::1 /Home/Index/userRank
INFO: [ app_begin ] --START--
INFO: Run Behavior\ReadHtmlCacheBehavior [ RunTime:0.000589s ]
INFO: [ app_begin ] --END-- [ RunTime:0.001106s ]
SQL: SHOW COLUMNS FROM `user_battle` [ RunTime:0.0084s ]
SQL: SHOW COLUMNS FROM `user` [ RunTime:0.0079s ]
SQL: SELECT COUNT(*) AS tp_count FROM `user` LIMIT 1   [ RunTime:0.0002s ]
SQL: SELECT `id`,`email`,`nickname`,`score`,`school`,`studentid`,`name`,`entrance` FROM `user` ORDER BY score desc LIMIT 20   [ RunTime:0.0002s ]

[ 2015-12-04T23:24:49+08:00 ] ::1 /Home/Index/userRank
INFO: [ app_begin ] --START--
INFO: Run Behavior\ReadHtmlCacheBehavior [ RunTime:0.000449s ]
INFO: [ app_begin ] --END-- [ RunTime:0.000873s ]
SQL: SHOW COLUMNS FROM `user_battle` [ RunTime:0.0082s ]
SQL: SHOW COLUMNS FROM `user` [ RunTime:0.0079s ]
SQL: SELECT COUNT(*) AS tp_count FROM `user` LIMIT 1   [ RunTime:0.0002s ]
SQL: SELECT `id`,`email`,`nickname`,`score`,`school`,`studentid`,`name`,`entrance` FROM `user` ORDER BY score desc LIMIT 20,20   [ RunTime:0.0002s ]

[ 2015-12-04T23:24:51+08:00 ] ::1 /Home/Index/userRank
INFO: [ app_begin ] --START--
INFO: Run Behavior\ReadHtmlCacheBehavior [ RunTime:0.000915s ]
INFO: [ app_begin ] --END-- [ RunTime:0.001443s ]
SQL: SHOW COLUMNS FROM `user_battle` [ RunTime:0.0082s ]
SQL: SHOW COLUMNS FROM `user` [ RunTime:0.0075s ]
SQL: SELECT COUNT(*) AS tp_count FROM `user` LIMIT 1   [ RunTime:0.0003s ]
SQL: SELECT `id`,`email`,`nickname`,`score`,`school`,`studentid`,`name`,`entrance` FROM `user` ORDER BY score desc LIMIT 40,20   [ RunTime:0.0002s ]

[ 2015-12-04T23:24:53+08:00 ] ::1 /Home/Index/userRank
INFO: [ app_begin ] --START--
INFO: Run Behavior\ReadHtmlCacheBehavior [ RunTime:0.000446s ]
INFO: [ app_begin ] --END-- [ RunTime:0.000901s ]
SQL: SHOW COLUMNS FROM `user_battle` [ RunTime:0.0157s ]
SQL: SHOW COLUMNS FROM `user` [ RunTime:0.0087s ]
SQL: SELECT COUNT(*) AS tp_count FROM `user` LIMIT 1   [ RunTime:0.0004s ]
SQL: SELECT `id`,`email`,`nickname`,`score`,`school`,`studentid`,`name`,`entrance` FROM `user` ORDER BY score desc LIMIT 20   [ RunTime:0.0005s ]

[ 2015-12-04T23:24:54+08:00 ] ::1 /Home/Index/getBattles
INFO: [ app_begin ] --START--
INFO: Run Behavior\ReadHtmlCacheBehavior [ RunTime:0.000374s ]
INFO: [ app_begin ] --END-- [ RunTime:0.000705s ]
SQL: SHOW COLUMNS FROM `user_battle` [ RunTime:0.0101s ]
SQL: SHOW COLUMNS FROM `user` [ RunTime:0.0075s ]
SQL: SHOW COLUMNS FROM `user` [ RunTime:0.0075s ]
SQL: SELECT COUNT(*) AS tp_count FROM `user_battle` LIMIT 1   [ RunTime:0.0003s ]
SQL: SELECT * FROM `user_battle` ORDER BY id desc LIMIT 20   [ RunTime:0.0004s ]
SQL: SELECT `nickname` FROM `user` WHERE `id` = 2 LIMIT 1   [ RunTime:0.0002s ]
SQL: SELECT `nickname` FROM `user` WHERE `id` = 3 LIMIT 1   [ RunTime:0.0001s ]
SQL: SELECT `nickname` FROM `user` WHERE `id` = 2 LIMIT 1   [ RunTime:0.0001s ]
SQL: SELECT `nickname` FROM `user` WHERE `id` = 3 LIMIT 1   [ RunTime:0.0001s ]
SQL: SELECT `nickname` FROM `user` WHERE `id` = 2 LIMIT 1   [ RunTime:0.0001s ]
SQL: SELECT `nickname` FROM `user` WHERE `id` = 3 LIMIT 1   [ RunTime:0.0001s ]
SQL: SELECT `nickname` FROM `user` WHERE `id` = 2 LIMIT 1   [ RunTime:0.0001s ]
SQL: SELECT `nickname` FROM `user` WHERE `id` = 3 LIMIT 1   [ RunTime:0.0001s ]
SQL: SELECT `nickname` FROM `user` WHERE `id` = 2 LIMIT 1   [ RunTime:0.0001s ]
SQL: SELECT `nickname` FROM `user` WHERE `id` = 3 LIMIT 1   [ RunTime:0.0001s ]
SQL: SELECT `nickname` FROM `user` WHERE `id` = 2 LIMIT 1   [ RunTime:0.0001s ]
SQL: SELECT `nickname` FROM `user` WHERE `id` = 3 LIMIT 1   [ RunTime:0.0001s ]
SQL: SELECT `nickname` FROM `user` WHERE `id` = 2 LIMIT 1   [ RunTime:0.0002s ]
SQL: SELECT `nickname` FROM `user` WHERE `id` = 3 LIMIT 1   [ RunTime:0.0002s ]
SQL: SELECT `nickname` FROM `user` WHERE `id` = 2 LIMIT 1   [ RunTime:0.0001s ]
SQL: SELECT `nickname` FROM `user` WHERE `id` = 3 LIMIT 1   [ RunTime:0.0001s ]
SQL: SELECT `nickname` FROM `user` WHERE `id` = 2 LIMIT 1   [ RunTime:0.0001s ]
SQL: SELECT `nickname` FROM `user` WHERE `id` = 3 LIMIT 1   [ RunTime:0.0001s ]
SQL: SELECT `nickname` FROM `user` WHERE `id` = 2 LIMIT 1   [ RunTime:0.0002s ]
SQL: SELECT `nickname` FROM `user` WHERE `id` = 3 LIMIT 1   [ RunTime:0.0002s ]
SQL: SELECT `nickname` FROM `user` WHERE `id` = 2 LIMIT 1   [ RunTime:0.0001s ]
SQL: SELECT `nickname` FROM `user` WHERE `id` = 3 LIMIT 1   [ RunTime:0.0001s ]
SQL: SELECT `nickname` FROM `user` WHERE `id` = 2 LIMIT 1   [ RunTime:0.0001s ]
SQL: SELECT `nickname` FROM `user` WHERE `id` = 3 LIMIT 1   [ RunTime:0.0001s ]
SQL: SELECT `nickname` FROM `user` WHERE `id` = 2 LIMIT 1   [ RunTime:0.0001s ]
SQL: SELECT `nickname` FROM `user` WHERE `id` = 3 LIMIT 1   [ RunTime:0.0001s ]
SQL: SELECT `nickname` FROM `user` WHERE `id` = 2 LIMIT 1   [ RunTime:0.0001s ]
SQL: SELECT `nickname` FROM `user` WHERE `id` = 3 LIMIT 1   [ RunTime:0.0001s ]
SQL: SELECT `nickname` FROM `user` WHERE `id` = 2 LIMIT 1   [ RunTime:0.0001s ]
SQL: SELECT `nickname` FROM `user` WHERE `id` = 3 LIMIT 1   [ RunTime:0.0001s ]
SQL: SELECT `nickname` FROM `user` WHERE `id` = 2 LIMIT 1   [ RunTime:0.0001s ]
SQL: SELECT `nickname` FROM `user` WHERE `id` = 3 LIMIT 1   [ RunTime:0.0001s ]
SQL: SELECT `nickname` FROM `user` WHERE `id` = 2 LIMIT 1   [ RunTime:0.0001s ]
SQL: SELECT `nickname` FROM `user` WHERE `id` = 3 LIMIT 1   [ RunTime:0.0001s ]
SQL: SELECT `nickname` FROM `user` WHERE `id` = 2 LIMIT 1   [ RunTime:0.0001s ]
SQL: SELECT `nickname` FROM `user` WHERE `id` = 3 LIMIT 1   [ RunTime:0.0001s ]
SQL: SELECT `nickname` FROM `user` WHERE `id` = 2 LIMIT 1   [ RunTime:0.0001s ]
SQL: SELECT `nickname` FROM `user` WHERE `id` = 3 LIMIT 1   [ RunTime:0.0001s ]
SQL: SELECT `nickname` FROM `user` WHERE `id` = 2 LIMIT 1   [ RunTime:0.0002s ]
SQL: SELECT `nickname` FROM `user` WHERE `id` = 3 LIMIT 1   [ RunTime:0.0003s ]

[ 2015-12-04T23:24:56+08:00 ] ::1 /Home/Index/getBattles
INFO: [ app_begin ] --START--
INFO: Run Behavior\ReadHtmlCacheBehavior [ RunTime:0.000499s ]
INFO: [ app_begin ] --END-- [ RunTime:0.000983s ]
SQL: SHOW COLUMNS FROM `user_battle` [ RunTime:0.0082s ]
SQL: SHOW COLUMNS FROM `user` [ RunTime:0.0079s ]
SQL: SHOW COLUMNS FROM `user` [ RunTime:0.0076s ]
SQL: SELECT COUNT(*) AS tp_count FROM `user_battle` LIMIT 1   [ RunTime:0.0002s ]
SQL: SELECT * FROM `user_battle` ORDER BY id desc LIMIT 20,20   [ RunTime:0.0003s ]
SQL: SELECT `nickname` FROM `user` WHERE `id` = 2 LIMIT 1   [ RunTime:0.0003s ]
SQL: SELECT `nickname` FROM `user` WHERE `id` = 3 LIMIT 1   [ RunTime:0.0002s ]
SQL: SELECT `nickname` FROM `user` WHERE `id` = 2 LIMIT 1   [ RunTime:0.0002s ]
SQL: SELECT `nickname` FROM `user` WHERE `id` = 3 LIMIT 1   [ RunTime:0.0002s ]
SQL: SELECT `nickname` FROM `user` WHERE `id` = 2 LIMIT 1   [ RunTime:0.0002s ]
SQL: SELECT `nickname` FROM `user` WHERE `id` = 3 LIMIT 1   [ RunTime:0.0002s ]
SQL: SELECT `nickname` FROM `user` WHERE `id` = 2 LIMIT 1   [ RunTime:0.0002s ]
SQL: SELECT `nickname` FROM `user` WHERE `id` = 3 LIMIT 1   [ RunTime:0.0002s ]
SQL: SELECT `nickname` FROM `user` WHERE `id` = 2 LIMIT 1   [ RunTime:0.0002s ]
SQL: SELECT `nickname` FROM `user` WHERE `id` = 3 LIMIT 1   [ RunTime:0.0002s ]
SQL: SELECT `nickname` FROM `user` WHERE `id` = 2 LIMIT 1   [ RunTime:0.0002s ]
SQL: SELECT `nickname` FROM `user` WHERE `id` = 3 LIMIT 1   [ RunTime:0.0002s ]
SQL: SELECT `nickname` FROM `user` WHERE `id` = 2 LIMIT 1   [ RunTime:0.0002s ]
SQL: SELECT `nickname` FROM `user` WHERE `id` = 3 LIMIT 1   [ RunTime:0.0003s ]
SQL: SELECT `nickname` FROM `user` WHERE `id` = 2 LIMIT 1   [ RunTime:0.0002s ]
SQL: SELECT `nickname` FROM `user` WHERE `id` = 3 LIMIT 1   [ RunTime:0.0002s ]

[ 2015-12-04T23:24:58+08:00 ] ::1 /Home/Index/getBattles
INFO: [ app_begin ] --START--
INFO: Run Behavior\ReadHtmlCacheBehavior [ RunTime:0.000575s ]
INFO: [ app_begin ] --END-- [ RunTime:0.001197s ]
SQL: SHOW COLUMNS FROM `user_battle` [ RunTime:0.0074s ]
SQL: SHOW COLUMNS FROM `user` [ RunTime:0.0081s ]
SQL: SHOW COLUMNS FROM `user` [ RunTime:0.0076s ]
SQL: SELECT COUNT(*) AS tp_count FROM `user_battle` LIMIT 1   [ RunTime:0.0002s ]
SQL: SELECT * FROM `user_battle` ORDER BY id desc LIMIT 0,20   [ RunTime:0.0003s ]
SQL: SELECT `nickname` FROM `user` WHERE `id` = 2 LIMIT 1   [ RunTime:0.0002s ]
SQL: SELECT `nickname` FROM `user` WHERE `id` = 3 LIMIT 1   [ RunTime:0.0002s ]
SQL: SELECT `nickname` FROM `user` WHERE `id` = 2 LIMIT 1   [ RunTime:0.0002s ]
SQL: SELECT `nickname` FROM `user` WHERE `id` = 3 LIMIT 1   [ RunTime:0.0002s ]
SQL: SELECT `nickname` FROM `user` WHERE `id` = 2 LIMIT 1   [ RunTime:0.0002s ]
SQL: SELECT `nickname` FROM `user` WHERE `id` = 3 LIMIT 1   [ RunTime:0.0002s ]
SQL: SELECT `nickname` FROM `user` WHERE `id` = 2 LIMIT 1   [ RunTime:0.0002s ]
SQL: SELECT `nickname` FROM `user` WHERE `id` = 3 LIMIT 1   [ RunTime:0.0002s ]
SQL: SELECT `nickname` FROM `user` WHERE `id` = 2 LIMIT 1   [ RunTime:0.0002s ]
SQL: SELECT `nickname` FROM `user` WHERE `id` = 3 LIMIT 1   [ RunTime:0.0002s ]
SQL: SELECT `nickname` FROM `user` WHERE `id` = 2 LIMIT 1   [ RunTime:0.0002s ]
SQL: SELECT `nickname` FROM `user` WHERE `id` = 3 LIMIT 1   [ RunTime:0.0002s ]
SQL: SELECT `nickname` FROM `user` WHERE `id` = 2 LIMIT 1   [ RunTime:0.0002s ]
SQL: SELECT `nickname` FROM `user` WHERE `id` = 3 LIMIT 1   [ RunTime:0.0002s ]
SQL: SELECT `nickname` FROM `user` WHERE `id` = 2 LIMIT 1   [ RunTime:0.0002s ]
SQL: SELECT `nickname` FROM `user` WHERE `id` = 3 LIMIT 1   [ RunTime:0.0002s ]
SQL: SELECT `nickname` FROM `user` WHERE `id` = 2 LIMIT 1   [ RunTime:0.0002s ]
SQL: SELECT `nickname` FROM `user` WHERE `id` = 3 LIMIT 1   [ RunTime:0.0002s ]
SQL: SELECT `nickname` FROM `user` WHERE `id` = 2 LIMIT 1   [ RunTime:0.0002s ]
SQL: SELECT `nickname` FROM `user` WHERE `id` = 3 LIMIT 1   [ RunTime:0.0002s ]
SQL: SELECT `nickname` FROM `user` WHERE `id` = 2 LIMIT 1   [ RunTime:0.0002s ]
SQL: SELECT `nickname` FROM `user` WHERE `id` = 3 LIMIT 1   [ RunTime:0.0002s ]
SQL: SELECT `nickname` FROM `user` WHERE `id` = 2 LIMIT 1   [ RunTime:0.0002s ]
SQL: SELECT `nickname` FROM `user` WHERE `id` = 3 LIMIT 1   [ RunTime:0.0002s ]
SQL: SELECT `nickname` FROM `user` WHERE `id` = 2 LIMIT 1   [ RunTime:0.0002s ]
SQL: SELECT `nickname` FROM `user` WHERE `id` = 3 LIMIT 1   [ RunTime:0.0002s ]
SQL: SELECT `nickname` FROM `user` WHERE `id` = 2 LIMIT 1   [ RunTime:0.0002s ]
SQL: SELECT `nickname` FROM `user` WHERE `id` = 3 LIMIT 1   [ RunTime:0.0002s ]
SQL: SELECT `nickname` FROM `user` WHERE `id` = 2 LIMIT 1   [ RunTime:0.0002s ]
SQL: SELECT `nickname` FROM `user` WHERE `id` = 3 LIMIT 1   [ RunTime:0.0001s ]
SQL: SELECT `nickname` FROM `user` WHERE `id` = 2 LIMIT 1   [ RunTime:0.0002s ]
SQL: SELECT `nickname` FROM `user` WHERE `id` = 3 LIMIT 1   [ RunTime:0.0002s ]
SQL: SELECT `nickname` FROM `user` WHERE `id` = 2 LIMIT 1   [ RunTime:0.0002s ]
SQL: SELECT `nickname` FROM `user` WHERE `id` = 3 LIMIT 1   [ RunTime:0.0002s ]
SQL: SELECT `nickname` FROM `user` WHERE `id` = 2 LIMIT 1   [ RunTime:0.0002s ]
SQL: SELECT `nickname` FROM `user` WHERE `id` = 3 LIMIT 1   [ RunTime:0.0002s ]
SQL: SELECT `nickname` FROM `user` WHERE `id` = 2 LIMIT 1   [ RunTime:0.0002s ]
SQL: SELECT `nickname` FROM `user` WHERE `id` = 3 LIMIT 1   [ RunTime:0.0002s ]
SQL: SELECT `nickname` FROM `user` WHERE `id` = 2 LIMIT 1   [ RunTime:0.0002s ]
SQL: SELECT `nickname` FROM `user` WHERE `id` = 3 LIMIT 1   [ RunTime:0.0002s ]

[ 2015-12-04T23:25:00+08:00 ] ::1 /Home/Index/getBattles
INFO: [ app_begin ] --START--
INFO: Run Behavior\ReadHtmlCacheBehavior [ RunTime:0.000621s ]
INFO: [ app_begin ] --END-- [ RunTime:0.001312s ]
SQL: SHOW COLUMNS FROM `user_battle` [ RunTime:0.0078s ]
SQL: SHOW COLUMNS FROM `user` [ RunTime:0.0077s ]
SQL: SHOW COLUMNS FROM `user` [ RunTime:0.0075s ]
SQL: SELECT COUNT(*) AS tp_count FROM `user_battle` LIMIT 1   [ RunTime:0.0002s ]
SQL: SELECT * FROM `user_battle` ORDER BY id desc LIMIT 20,20   [ RunTime:0.0003s ]
SQL: SELECT `nickname` FROM `user` WHERE `id` = 2 LIMIT 1   [ RunTime:0.0002s ]
SQL: SELECT `nickname` FROM `user` WHERE `id` = 3 LIMIT 1   [ RunTime:0.0002s ]
SQL: SELECT `nickname` FROM `user` WHERE `id` = 2 LIMIT 1   [ RunTime:0.0002s ]
SQL: SELECT `nickname` FROM `user` WHERE `id` = 3 LIMIT 1   [ RunTime:0.0002s ]
SQL: SELECT `nickname` FROM `user` WHERE `id` = 2 LIMIT 1   [ RunTime:0.0002s ]
SQL: SELECT `nickname` FROM `user` WHERE `id` = 3 LIMIT 1   [ RunTime:0.0002s ]
SQL: SELECT `nickname` FROM `user` WHERE `id` = 2 LIMIT 1   [ RunTime:0.0002s ]
SQL: SELECT `nickname` FROM `user` WHERE `id` = 3 LIMIT 1   [ RunTime:0.0002s ]
SQL: SELECT `nickname` FROM `user` WHERE `id` = 2 LIMIT 1   [ RunTime:0.0002s ]
SQL: SELECT `nickname` FROM `user` WHERE `id` = 3 LIMIT 1   [ RunTime:0.0002s ]
SQL: SELECT `nickname` FROM `user` WHERE `id` = 2 LIMIT 1   [ RunTime:0.0002s ]
SQL: SELECT `nickname` FROM `user` WHERE `id` = 3 LIMIT 1   [ RunTime:0.0002s ]
SQL: SELECT `nickname` FROM `user` WHERE `id` = 2 LIMIT 1   [ RunTime:0.0002s ]
SQL: SELECT `nickname` FROM `user` WHERE `id` = 3 LIMIT 1   [ RunTime:0.0002s ]
SQL: SELECT `nickname` FROM `user` WHERE `id` = 2 LIMIT 1   [ RunTime:0.0002s ]
SQL: SELECT `nickname` FROM `user` WHERE `id` = 3 LIMIT 1   [ RunTime:0.0001s ]

[ 2015-12-04T23:25:02+08:00 ] ::1 /Home/Index/getBattles
INFO: [ app_begin ] --START--
INFO: Run Behavior\ReadHtmlCacheBehavior [ RunTime:0.000562s ]
INFO: [ app_begin ] --END-- [ RunTime:0.001086s ]
SQL: SHOW COLUMNS FROM `user_battle` [ RunTime:0.0078s ]
SQL: SHOW COLUMNS FROM `user` [ RunTime:0.0086s ]
SQL: SHOW COLUMNS FROM `user` [ RunTime:0.0076s ]
SQL: SELECT COUNT(*) AS tp_count FROM `user_battle` LIMIT 1   [ RunTime:0.0002s ]
SQL: SELECT * FROM `user_battle` ORDER BY id desc LIMIT 0,20   [ RunTime:0.0003s ]
SQL: SELECT `nickname` FROM `user` WHERE `id` = 2 LIMIT 1   [ RunTime:0.0002s ]
SQL: SELECT `nickname` FROM `user` WHERE `id` = 3 LIMIT 1   [ RunTime:0.0002s ]
SQL: SELECT `nickname` FROM `user` WHERE `id` = 2 LIMIT 1   [ RunTime:0.0002s ]
SQL: SELECT `nickname` FROM `user` WHERE `id` = 3 LIMIT 1   [ RunTime:0.0002s ]
SQL: SELECT `nickname` FROM `user` WHERE `id` = 2 LIMIT 1   [ RunTime:0.0005s ]
SQL: SELECT `nickname` FROM `user` WHERE `id` = 3 LIMIT 1   [ RunTime:0.0002s ]
SQL: SELECT `nickname` FROM `user` WHERE `id` = 2 LIMIT 1   [ RunTime:0.0002s ]
SQL: SELECT `nickname` FROM `user` WHERE `id` = 3 LIMIT 1   [ RunTime:0.0002s ]
SQL: SELECT `nickname` FROM `user` WHERE `id` = 2 LIMIT 1   [ RunTime:0.0002s ]
SQL: SELECT `nickname` FROM `user` WHERE `id` = 3 LIMIT 1   [ RunTime:0.0001s ]
SQL: SELECT `nickname` FROM `user` WHERE `id` = 2 LIMIT 1   [ RunTime:0.0002s ]
SQL: SELECT `nickname` FROM `user` WHERE `id` = 3 LIMIT 1   [ RunTime:0.0002s ]
SQL: SELECT `nickname` FROM `user` WHERE `id` = 2 LIMIT 1   [ RunTime:0.0001s ]
SQL: SELECT `nickname` FROM `user` WHERE `id` = 3 LIMIT 1   [ RunTime:0.0003s ]
SQL: SELECT `nickname` FROM `user` WHERE `id` = 2 LIMIT 1   [ RunTime:0.0002s ]
SQL: SELECT `nickname` FROM `user` WHERE `id` = 3 LIMIT 1   [ RunTime:0.0002s ]
SQL: SELECT `nickname` FROM `user` WHERE `id` = 2 LIMIT 1   [ RunTime:0.0002s ]
SQL: SELECT `nickname` FROM `user` WHERE `id` = 3 LIMIT 1   [ RunTime:0.0002s ]
SQL: SELECT `nickname` FROM `user` WHERE `id` = 2 LIMIT 1   [ RunTime:0.0002s ]
SQL: SELECT `nickname` FROM `user` WHERE `id` = 3 LIMIT 1   [ RunTime:0.0002s ]
SQL: SELECT `nickname` FROM `user` WHERE `id` = 2 LIMIT 1   [ RunTime:0.0002s ]
SQL: SELECT `nickname` FROM `user` WHERE `id` = 3 LIMIT 1   [ RunTime:0.0001s ]
SQL: SELECT `nickname` FROM `user` WHERE `id` = 2 LIMIT 1   [ RunTime:0.0002s ]
SQL: SELECT `nickname` FROM `user` WHERE `id` = 3 LIMIT 1   [ RunTime:0.0001s ]
SQL: SELECT `nickname` FROM `user` WHERE `id` = 2 LIMIT 1   [ RunTime:0.0002s ]
SQL: SELECT `nickname` FROM `user` WHERE `id` = 3 LIMIT 1   [ RunTime:0.0002s ]
SQL: SELECT `nickname` FROM `user` WHERE `id` = 2 LIMIT 1   [ RunTime:0.0002s ]
SQL: SELECT `nickname` FROM `user` WHERE `id` = 3 LIMIT 1   [ RunTime:0.0001s ]
SQL: SELECT `nickname` FROM `user` WHERE `id` = 2 LIMIT 1   [ RunTime:0.0002s ]
SQL: SELECT `nickname` FROM `user` WHERE `id` = 3 LIMIT 1   [ RunTime:0.0002s ]
SQL: SELECT `nickname` FROM `user` WHERE `id` = 2 LIMIT 1   [ RunTime:0.0001s ]
SQL: SELECT `nickname` FROM `user` WHERE `id` = 3 LIMIT 1   [ RunTime:0.0002s ]
SQL: SELECT `nickname` FROM `user` WHERE `id` = 2 LIMIT 1   [ RunTime:0.0002s ]
SQL: SELECT `nickname` FROM `user` WHERE `id` = 3 LIMIT 1   [ RunTime:0.0002s ]
SQL: SELECT `nickname` FROM `user` WHERE `id` = 2 LIMIT 1   [ RunTime:0.0002s ]
SQL: SELECT `nickname` FROM `user` WHERE `id` = 3 LIMIT 1   [ RunTime:0.0005s ]
SQL: SELECT `nickname` FROM `user` WHERE `id` = 2 LIMIT 1   [ RunTime:0.0002s ]
SQL: SELECT `nickname` FROM `user` WHERE `id` = 3 LIMIT 1   [ RunTime:0.0002s ]
SQL: SELECT `nickname` FROM `user` WHERE `id` = 2 LIMIT 1   [ RunTime:0.0002s ]
SQL: SELECT `nickname` FROM `user` WHERE `id` = 3 LIMIT 1   [ RunTime:0.0002s ]

[ 2015-12-04T23:25:03+08:00 ] ::1 /Home/Index/getBattles
INFO: [ app_begin ] --START--
INFO: Run Behavior\ReadHtmlCacheBehavior [ RunTime:0.000667s ]
INFO: [ app_begin ] --END-- [ RunTime:0.001334s ]
SQL: SHOW COLUMNS FROM `user_battle` [ RunTime:0.0079s ]
SQL: SHOW COLUMNS FROM `user` [ RunTime:0.0079s ]
SQL: SHOW COLUMNS FROM `user` [ RunTime:0.0079s ]
SQL: SELECT COUNT(*) AS tp_count FROM `user_battle` LIMIT 1   [ RunTime:0.0003s ]
SQL: SELECT * FROM `user_battle` ORDER BY id desc LIMIT 0,20   [ RunTime:0.0003s ]
SQL: SELECT `nickname` FROM `user` WHERE `id` = 2 LIMIT 1   [ RunTime:0.0002s ]
SQL: SELECT `nickname` FROM `user` WHERE `id` = 3 LIMIT 1   [ RunTime:0.0002s ]
SQL: SELECT `nickname` FROM `user` WHERE `id` = 2 LIMIT 1   [ RunTime:0.0002s ]
SQL: SELECT `nickname` FROM `user` WHERE `id` = 3 LIMIT 1   [ RunTime:0.0002s ]
SQL: SELECT `nickname` FROM `user` WHERE `id` = 2 LIMIT 1   [ RunTime:0.0002s ]
SQL: SELECT `nickname` FROM `user` WHERE `id` = 3 LIMIT 1   [ RunTime:0.0002s ]
SQL: SELECT `nickname` FROM `user` WHERE `id` = 2 LIMIT 1   [ RunTime:0.0002s ]
SQL: SELECT `nickname` FROM `user` WHERE `id` = 3 LIMIT 1   [ RunTime:0.0002s ]
SQL: SELECT `nickname` FROM `user` WHERE `id` = 2 LIMIT 1   [ RunTime:0.0002s ]
SQL: SELECT `nickname` FROM `user` WHERE `id` = 3 LIMIT 1   [ RunTime:0.0002s ]
SQL: SELECT `nickname` FROM `user` WHERE `id` = 2 LIMIT 1   [ RunTime:0.0002s ]
SQL: SELECT `nickname` FROM `user` WHERE `id` = 3 LIMIT 1   [ RunTime:0.0002s ]
SQL: SELECT `nickname` FROM `user` WHERE `id` = 2 LIMIT 1   [ RunTime:0.0002s ]
SQL: SELECT `nickname` FROM `user` WHERE `id` = 3 LIMIT 1   [ RunTime:0.0002s ]
SQL: SELECT `nickname` FROM `user` WHERE `id` = 2 LIMIT 1   [ RunTime:0.0002s ]
SQL: SELECT `nickname` FROM `user` WHERE `id` = 3 LIMIT 1   [ RunTime:0.0002s ]
SQL: SELECT `nickname` FROM `user` WHERE `id` = 2 LIMIT 1   [ RunTime:0.0002s ]
SQL: SELECT `nickname` FROM `user` WHERE `id` = 3 LIMIT 1   [ RunTime:0.0002s ]
SQL: SELECT `nickname` FROM `user` WHERE `id` = 2 LIMIT 1   [ RunTime:0.0002s ]
SQL: SELECT `nickname` FROM `user` WHERE `id` = 3 LIMIT 1   [ RunTime:0.0002s ]
SQL: SELECT `nickname` FROM `user` WHERE `id` = 2 LIMIT 1   [ RunTime:0.0002s ]
SQL: SELECT `nickname` FROM `user` WHERE `id` = 3 LIMIT 1   [ RunTime:0.0002s ]
SQL: SELECT `nickname` FROM `user` WHERE `id` = 2 LIMIT 1   [ RunTime:0.0002s ]
SQL: SELECT `nickname` FROM `user` WHERE `id` = 3 LIMIT 1   [ RunTime:0.0003s ]
SQL: SELECT `nickname` FROM `user` WHERE `id` = 2 LIMIT 1   [ RunTime:0.0002s ]
SQL: SELECT `nickname` FROM `user` WHERE `id` = 3 LIMIT 1   [ RunTime:0.0002s ]
SQL: SELECT `nickname` FROM `user` WHERE `id` = 2 LIMIT 1   [ RunTime:0.0002s ]
SQL: SELECT `nickname` FROM `user` WHERE `id` = 3 LIMIT 1   [ RunTime:0.0002s ]
SQL: SELECT `nickname` FROM `user` WHERE `id` = 2 LIMIT 1   [ RunTime:0.0002s ]
SQL: SELECT `nickname` FROM `user` WHERE `id` = 3 LIMIT 1   [ RunTime:0.0002s ]
SQL: SELECT `nickname` FROM `user` WHERE `id` = 2 LIMIT 1   [ RunTime:0.0002s ]
SQL: SELECT `nickname` FROM `user` WHERE `id` = 3 LIMIT 1   [ RunTime:0.0002s ]
SQL: SELECT `nickname` FROM `user` WHERE `id` = 2 LIMIT 1   [ RunTime:0.0002s ]
SQL: SELECT `nickname` FROM `user` WHERE `id` = 3 LIMIT 1   [ RunTime:0.0002s ]
SQL: SELECT `nickname` FROM `user` WHERE `id` = 2 LIMIT 1   [ RunTime:0.0002s ]
SQL: SELECT `nickname` FROM `user` WHERE `id` = 3 LIMIT 1   [ RunTime:0.0002s ]
SQL: SELECT `nickname` FROM `user` WHERE `id` = 2 LIMIT 1   [ RunTime:0.0002s ]
SQL: SELECT `nickname` FROM `user` WHERE `id` = 3 LIMIT 1   [ RunTime:0.0002s ]
SQL: SELECT `nickname` FROM `user` WHERE `id` = 2 LIMIT 1   [ RunTime:0.0002s ]
SQL: SELECT `nickname` FROM `user` WHERE `id` = 3 LIMIT 1   [ RunTime:0.0002s ]

[ 2015-12-04T23:25:04+08:00 ] ::1 /Home/Index/getBattles
INFO: [ app_begin ] --START--
INFO: Run Behavior\ReadHtmlCacheBehavior [ RunTime:0.000666s ]
INFO: [ app_begin ] --END-- [ RunTime:0.001282s ]
SQL: SHOW COLUMNS FROM `user_battle` [ RunTime:0.0095s ]
SQL: SHOW COLUMNS FROM `user` [ RunTime:0.0082s ]
SQL: SHOW COLUMNS FROM `user` [ RunTime:0.0080s ]
SQL: SELECT COUNT(*) AS tp_count FROM `user_battle` LIMIT 1   [ RunTime:0.0003s ]
SQL: SELECT * FROM `user_battle` ORDER BY id desc LIMIT 0,20   [ RunTime:0.0003s ]
SQL: SELECT `nickname` FROM `user` WHERE `id` = 2 LIMIT 1   [ RunTime:0.0002s ]
SQL: SELECT `nickname` FROM `user` WHERE `id` = 3 LIMIT 1   [ RunTime:0.0002s ]
SQL: SELECT `nickname` FROM `user` WHERE `id` = 2 LIMIT 1   [ RunTime:0.0002s ]
SQL: SELECT `nickname` FROM `user` WHERE `id` = 3 LIMIT 1   [ RunTime:0.0001s ]
SQL: SELECT `nickname` FROM `user` WHERE `id` = 2 LIMIT 1   [ RunTime:0.0001s ]
SQL: SELECT `nickname` FROM `user` WHERE `id` = 3 LIMIT 1   [ RunTime:0.0002s ]
SQL: SELECT `nickname` FROM `user` WHERE `id` = 2 LIMIT 1   [ RunTime:0.0001s ]
SQL: SELECT `nickname` FROM `user` WHERE `id` = 3 LIMIT 1   [ RunTime:0.0002s ]
SQL: SELECT `nickname` FROM `user` WHERE `id` = 2 LIMIT 1   [ RunTime:0.0001s ]
SQL: SELECT `nickname` FROM `user` WHERE `id` = 3 LIMIT 1   [ RunTime:0.0002s ]
SQL: SELECT `nickname` FROM `user` WHERE `id` = 2 LIMIT 1   [ RunTime:0.0001s ]
SQL: SELECT `nickname` FROM `user` WHERE `id` = 3 LIMIT 1   [ RunTime:0.0001s ]
SQL: SELECT `nickname` FROM `user` WHERE `id` = 2 LIMIT 1   [ RunTime:0.0002s ]
SQL: SELECT `nickname` FROM `user` WHERE `id` = 3 LIMIT 1   [ RunTime:0.0002s ]
SQL: SELECT `nickname` FROM `user` WHERE `id` = 2 LIMIT 1   [ RunTime:0.0002s ]
SQL: SELECT `nickname` FROM `user` WHERE `id` = 3 LIMIT 1   [ RunTime:0.0002s ]
SQL: SELECT `nickname` FROM `user` WHERE `id` = 2 LIMIT 1   [ RunTime:0.0002s ]
SQL: SELECT `nickname` FROM `user` WHERE `id` = 3 LIMIT 1   [ RunTime:0.0002s ]
SQL: SELECT `nickname` FROM `user` WHERE `id` = 2 LIMIT 1   [ RunTime:0.0002s ]
SQL: SELECT `nickname` FROM `user` WHERE `id` = 3 LIMIT 1   [ RunTime:0.0002s ]
SQL: SELECT `nickname` FROM `user` WHERE `id` = 2 LIMIT 1   [ RunTime:0.0002s ]
SQL: SELECT `nickname` FROM `user` WHERE `id` = 3 LIMIT 1   [ RunTime:0.0002s ]
SQL: SELECT `nickname` FROM `user` WHERE `id` = 2 LIMIT 1   [ RunTime:0.0002s ]
SQL: SELECT `nickname` FROM `user` WHERE `id` = 3 LIMIT 1   [ RunTime:0.0002s ]
SQL: SELECT `nickname` FROM `user` WHERE `id` = 2 LIMIT 1   [ RunTime:0.0003s ]
SQL: SELECT `nickname` FROM `user` WHERE `id` = 3 LIMIT 1   [ RunTime:0.0004s ]
SQL: SELECT `nickname` FROM `user` WHERE `id` = 2 LIMIT 1   [ RunTime:0.0002s ]
SQL: SELECT `nickname` FROM `user` WHERE `id` = 3 LIMIT 1   [ RunTime:0.0002s ]
SQL: SELECT `nickname` FROM `user` WHERE `id` = 2 LIMIT 1   [ RunTime:0.0002s ]
SQL: SELECT `nickname` FROM `user` WHERE `id` = 3 LIMIT 1   [ RunTime:0.0002s ]
SQL: SELECT `nickname` FROM `user` WHERE `id` = 2 LIMIT 1   [ RunTime:0.0001s ]
SQL: SELECT `nickname` FROM `user` WHERE `id` = 3 LIMIT 1   [ RunTime:0.0001s ]
SQL: SELECT `nickname` FROM `user` WHERE `id` = 2 LIMIT 1   [ RunTime:0.0001s ]
SQL: SELECT `nickname` FROM `user` WHERE `id` = 3 LIMIT 1   [ RunTime:0.0001s ]
SQL: SELECT `nickname` FROM `user` WHERE `id` = 2 LIMIT 1   [ RunTime:0.0001s ]
SQL: SELECT `nickname` FROM `user` WHERE `id` = 3 LIMIT 1   [ RunTime:0.0001s ]
SQL: SELECT `nickname` FROM `user` WHERE `id` = 2 LIMIT 1   [ RunTime:0.0001s ]
SQL: SELECT `nickname` FROM `user` WHERE `id` = 3 LIMIT 1   [ RunTime:0.0001s ]
SQL: SELECT `nickname` FROM `user` WHERE `id` = 2 LIMIT 1   [ RunTime:0.0001s ]
SQL: SELECT `nickname` FROM `user` WHERE `id` = 3 LIMIT 1   [ RunTime:0.0001s ]

[ 2015-12-04T23:25:04+08:00 ] ::1 /Home/Index/getBattles
INFO: [ app_begin ] --START--
INFO: Run Behavior\ReadHtmlCacheBehavior [ RunTime:0.000609s ]
INFO: [ app_begin ] --END-- [ RunTime:0.001205s ]
SQL: SHOW COLUMNS FROM `user_battle` [ RunTime:0.0086s ]
SQL: SHOW COLUMNS FROM `user` [ RunTime:0.0080s ]
SQL: SHOW COLUMNS FROM `user` [ RunTime:0.0083s ]
SQL: SELECT COUNT(*) AS tp_count FROM `user_battle` LIMIT 1   [ RunTime:0.0002s ]
SQL: SELECT * FROM `user_battle` ORDER BY id desc LIMIT 20,20   [ RunTime:0.0004s ]
SQL: SELECT `nickname` FROM `user` WHERE `id` = 2 LIMIT 1   [ RunTime:0.0002s ]
SQL: SELECT `nickname` FROM `user` WHERE `id` = 3 LIMIT 1   [ RunTime:0.0002s ]
SQL: SELECT `nickname` FROM `user` WHERE `id` = 2 LIMIT 1   [ RunTime:0.0002s ]
SQL: SELECT `nickname` FROM `user` WHERE `id` = 3 LIMIT 1   [ RunTime:0.0002s ]
SQL: SELECT `nickname` FROM `user` WHERE `id` = 2 LIMIT 1   [ RunTime:0.0002s ]
SQL: SELECT `nickname` FROM `user` WHERE `id` = 3 LIMIT 1   [ RunTime:0.0002s ]
SQL: SELECT `nickname` FROM `user` WHERE `id` = 2 LIMIT 1   [ RunTime:0.0001s ]
SQL: SELECT `nickname` FROM `user` WHERE `id` = 3 LIMIT 1   [ RunTime:0.0001s ]
SQL: SELECT `nickname` FROM `user` WHERE `id` = 2 LIMIT 1   [ RunTime:0.0001s ]
SQL: SELECT `nickname` FROM `user` WHERE `id` = 3 LIMIT 1   [ RunTime:0.0001s ]
SQL: SELECT `nickname` FROM `user` WHERE `id` = 2 LIMIT 1   [ RunTime:0.0001s ]
SQL: SELECT `nickname` FROM `user` WHERE `id` = 3 LIMIT 1   [ RunTime:0.0001s ]
SQL: SELECT `nickname` FROM `user` WHERE `id` = 2 LIMIT 1   [ RunTime:0.0001s ]
SQL: SELECT `nickname` FROM `user` WHERE `id` = 3 LIMIT 1   [ RunTime:0.0001s ]
SQL: SELECT `nickname` FROM `user` WHERE `id` = 2 LIMIT 1   [ RunTime:0.0001s ]
SQL: SELECT `nickname` FROM `user` WHERE `id` = 3 LIMIT 1   [ RunTime:0.0001s ]

[ 2015-12-04T23:25:05+08:00 ] ::1 /Home/Index/getBattles
INFO: [ app_begin ] --START--
INFO: Run Behavior\ReadHtmlCacheBehavior [ RunTime:0.000810s ]
INFO: [ app_begin ] --END-- [ RunTime:0.001481s ]
SQL: SHOW COLUMNS FROM `user_battle` [ RunTime:0.0096s ]
SQL: SHOW COLUMNS FROM `user` [ RunTime:0.0081s ]
SQL: SHOW COLUMNS FROM `user` [ RunTime:0.0080s ]
SQL: SELECT COUNT(*) AS tp_count FROM `user_battle` LIMIT 1   [ RunTime:0.0002s ]
SQL: SELECT * FROM `user_battle` ORDER BY id desc LIMIT 20,20   [ RunTime:0.0002s ]
SQL: SELECT `nickname` FROM `user` WHERE `id` = 2 LIMIT 1   [ RunTime:0.0001s ]
SQL: SELECT `nickname` FROM `user` WHERE `id` = 3 LIMIT 1   [ RunTime:0.0001s ]
SQL: SELECT `nickname` FROM `user` WHERE `id` = 2 LIMIT 1   [ RunTime:0.0001s ]
SQL: SELECT `nickname` FROM `user` WHERE `id` = 3 LIMIT 1   [ RunTime:0.0001s ]
SQL: SELECT `nickname` FROM `user` WHERE `id` = 2 LIMIT 1   [ RunTime:0.0002s ]
SQL: SELECT `nickname` FROM `user` WHERE `id` = 3 LIMIT 1   [ RunTime:0.0001s ]
SQL: SELECT `nickname` FROM `user` WHERE `id` = 2 LIMIT 1   [ RunTime:0.0001s ]
SQL: SELECT `nickname` FROM `user` WHERE `id` = 3 LIMIT 1   [ RunTime:0.0001s ]
SQL: SELECT `nickname` FROM `user` WHERE `id` = 2 LIMIT 1   [ RunTime:0.0001s ]
SQL: SELECT `nickname` FROM `user` WHERE `id` = 3 LIMIT 1   [ RunTime:0.0001s ]
SQL: SELECT `nickname` FROM `user` WHERE `id` = 2 LIMIT 1   [ RunTime:0.0001s ]
SQL: SELECT `nickname` FROM `user` WHERE `id` = 3 LIMIT 1   [ RunTime:0.0001s ]
SQL: SELECT `nickname` FROM `user` WHERE `id` = 2 LIMIT 1   [ RunTime:0.0001s ]
SQL: SELECT `nickname` FROM `user` WHERE `id` = 3 LIMIT 1   [ RunTime:0.0001s ]
SQL: SELECT `nickname` FROM `user` WHERE `id` = 2 LIMIT 1   [ RunTime:0.0001s ]
SQL: SELECT `nickname` FROM `user` WHERE `id` = 3 LIMIT 1   [ RunTime:0.0001s ]

[ 2015-12-04T23:25:05+08:00 ] ::1 /Home/Index/getBattles
INFO: [ app_begin ] --START--
INFO: Run Behavior\ReadHtmlCacheBehavior [ RunTime:0.000582s ]
INFO: [ app_begin ] --END-- [ RunTime:0.001182s ]
SQL: SHOW COLUMNS FROM `user_battle` [ RunTime:0.0077s ]
SQL: SHOW COLUMNS FROM `user` [ RunTime:0.0087s ]
SQL: SHOW COLUMNS FROM `user` [ RunTime:0.0070s ]
SQL: SELECT COUNT(*) AS tp_count FROM `user_battle` LIMIT 1   [ RunTime:0.0002s ]
SQL: SELECT * FROM `user_battle` ORDER BY id desc LIMIT 20,20   [ RunTime:0.0002s ]
SQL: SELECT `nickname` FROM `user` WHERE `id` = 2 LIMIT 1   [ RunTime:0.0001s ]
SQL: SELECT `nickname` FROM `user` WHERE `id` = 3 LIMIT 1   [ RunTime:0.0001s ]
SQL: SELECT `nickname` FROM `user` WHERE `id` = 2 LIMIT 1   [ RunTime:0.0003s ]
SQL: SELECT `nickname` FROM `user` WHERE `id` = 3 LIMIT 1   [ RunTime:0.0002s ]
SQL: SELECT `nickname` FROM `user` WHERE `id` = 2 LIMIT 1   [ RunTime:0.0001s ]
SQL: SELECT `nickname` FROM `user` WHERE `id` = 3 LIMIT 1   [ RunTime:0.0001s ]
SQL: SELECT `nickname` FROM `user` WHERE `id` = 2 LIMIT 1   [ RunTime:0.0002s ]
SQL: SELECT `nickname` FROM `user` WHERE `id` = 3 LIMIT 1   [ RunTime:0.0002s ]
SQL: SELECT `nickname` FROM `user` WHERE `id` = 2 LIMIT 1   [ RunTime:0.0001s ]
SQL: SELECT `nickname` FROM `user` WHERE `id` = 3 LIMIT 1   [ RunTime:0.0001s ]
SQL: SELECT `nickname` FROM `user` WHERE `id` = 2 LIMIT 1   [ RunTime:0.0001s ]
SQL: SELECT `nickname` FROM `user` WHERE `id` = 3 LIMIT 1   [ RunTime:0.0001s ]
SQL: SELECT `nickname` FROM `user` WHERE `id` = 2 LIMIT 1   [ RunTime:0.0001s ]
SQL: SELECT `nickname` FROM `user` WHERE `id` = 3 LIMIT 1   [ RunTime:0.0001s ]
SQL: SELECT `nickname` FROM `user` WHERE `id` = 2 LIMIT 1   [ RunTime:0.0001s ]
SQL: SELECT `nickname` FROM `user` WHERE `id` = 3 LIMIT 1   [ RunTime:0.0002s ]

[ 2015-12-04T23:25:07+08:00 ] ::1 /Home/Index/userRank
INFO: [ app_begin ] --START--
INFO: Run Behavior\ReadHtmlCacheBehavior [ RunTime:0.000400s ]
INFO: [ app_begin ] --END-- [ RunTime:0.000734s ]
SQL: SHOW COLUMNS FROM `user_battle` [ RunTime:0.0099s ]
SQL: SHOW COLUMNS FROM `user` [ RunTime:0.0076s ]
SQL: SELECT COUNT(*) AS tp_count FROM `user` LIMIT 1   [ RunTime:0.0002s ]
SQL: SELECT `id`,`email`,`nickname`,`score`,`school`,`studentid`,`name`,`entrance` FROM `user` ORDER BY score desc LIMIT 20   [ RunTime:0.0003s ]

[ 2015-12-04T23:25:29+08:00 ] ::1 /Home/Index/userRank
INFO: [ app_begin ] --START--
INFO: Run Behavior\ReadHtmlCacheBehavior [ RunTime:0.000495s ]
INFO: [ app_begin ] --END-- [ RunTime:0.000859s ]
SQL: SHOW COLUMNS FROM `user_battle` [ RunTime:0.0097s ]
SQL: SHOW COLUMNS FROM `user` [ RunTime:0.0069s ]
SQL: SELECT COUNT(*) AS tp_count FROM `user` LIMIT 1   [ RunTime:0.0002s ]
SQL: SELECT `id`,`email`,`nickname`,`score`,`school`,`studentid`,`name`,`entrance` FROM `user` ORDER BY score desc LIMIT 20   [ RunTime:0.0004s ]

[ 2015-12-04T23:25:33+08:00 ] ::1 /Home/Index/userRank
INFO: [ app_begin ] --START--
INFO: Run Behavior\ReadHtmlCacheBehavior [ RunTime:0.000424s ]
INFO: [ app_begin ] --END-- [ RunTime:0.000796s ]
SQL: SHOW COLUMNS FROM `user_battle` [ RunTime:0.0072s ]
SQL: SHOW COLUMNS FROM `user` [ RunTime:0.0082s ]
SQL: SELECT COUNT(*) AS tp_count FROM `user` LIMIT 1   [ RunTime:0.0002s ]
SQL: SELECT `id`,`email`,`nickname`,`score`,`school`,`studentid`,`name`,`entrance` FROM `user` ORDER BY score desc LIMIT 20,20   [ RunTime:0.0002s ]

[ 2015-12-04T23:25:58+08:00 ] ::1 /Home/Index/getBattles
INFO: [ app_begin ] --START--
INFO: Run Behavior\ReadHtmlCacheBehavior [ RunTime:0.000441s ]
INFO: [ app_begin ] --END-- [ RunTime:0.000755s ]
SQL: SHOW COLUMNS FROM `user_battle` [ RunTime:0.0087s ]
SQL: SHOW COLUMNS FROM `user` [ RunTime:0.0074s ]
SQL: SHOW COLUMNS FROM `user` [ RunTime:0.0075s ]
SQL: SELECT COUNT(*) AS tp_count FROM `user_battle` LIMIT 1   [ RunTime:0.0002s ]
SQL: SELECT * FROM `user_battle` ORDER BY id desc LIMIT 20   [ RunTime:0.0003s ]
SQL: SELECT `nickname` FROM `user` WHERE `id` = 2 LIMIT 1   [ RunTime:0.0003s ]
SQL: SELECT `nickname` FROM `user` WHERE `id` = 3 LIMIT 1   [ RunTime:0.0001s ]
SQL: SELECT `nickname` FROM `user` WHERE `id` = 2 LIMIT 1   [ RunTime:0.0001s ]
SQL: SELECT `nickname` FROM `user` WHERE `id` = 3 LIMIT 1   [ RunTime:0.0001s ]
SQL: SELECT `nickname` FROM `user` WHERE `id` = 2 LIMIT 1   [ RunTime:0.0001s ]
SQL: SELECT `nickname` FROM `user` WHERE `id` = 3 LIMIT 1   [ RunTime:0.0001s ]
SQL: SELECT `nickname` FROM `user` WHERE `id` = 2 LIMIT 1   [ RunTime:0.0001s ]
SQL: SELECT `nickname` FROM `user` WHERE `id` = 3 LIMIT 1   [ RunTime:0.0001s ]
SQL: SELECT `nickname` FROM `user` WHERE `id` = 2 LIMIT 1   [ RunTime:0.0001s ]
SQL: SELECT `nickname` FROM `user` WHERE `id` = 3 LIMIT 1   [ RunTime:0.0001s ]
SQL: SELECT `nickname` FROM `user` WHERE `id` = 2 LIMIT 1   [ RunTime:0.0001s ]
SQL: SELECT `nickname` FROM `user` WHERE `id` = 3 LIMIT 1   [ RunTime:0.0001s ]
SQL: SELECT `nickname` FROM `user` WHERE `id` = 2 LIMIT 1   [ RunTime:0.0001s ]
SQL: SELECT `nickname` FROM `user` WHERE `id` = 3 LIMIT 1   [ RunTime:0.0001s ]
SQL: SELECT `nickname` FROM `user` WHERE `id` = 2 LIMIT 1   [ RunTime:0.0001s ]
SQL: SELECT `nickname` FROM `user` WHERE `id` = 3 LIMIT 1   [ RunTime:0.0001s ]
SQL: SELECT `nickname` FROM `user` WHERE `id` = 2 LIMIT 1   [ RunTime:0.0001s ]
SQL: SELECT `nickname` FROM `user` WHERE `id` = 3 LIMIT 1   [ RunTime:0.0001s ]
SQL: SELECT `nickname` FROM `user` WHERE `id` = 2 LIMIT 1   [ RunTime:0.0001s ]
SQL: SELECT `nickname` FROM `user` WHERE `id` = 3 LIMIT 1   [ RunTime:0.0001s ]
SQL: SELECT `nickname` FROM `user` WHERE `id` = 2 LIMIT 1   [ RunTime:0.0001s ]
SQL: SELECT `nickname` FROM `user` WHERE `id` = 3 LIMIT 1   [ RunTime:0.0001s ]
SQL: SELECT `nickname` FROM `user` WHERE `id` = 2 LIMIT 1   [ RunTime:0.0001s ]
SQL: SELECT `nickname` FROM `user` WHERE `id` = 3 LIMIT 1   [ RunTime:0.0001s ]
SQL: SELECT `nickname` FROM `user` WHERE `id` = 2 LIMIT 1   [ RunTime:0.0001s ]
SQL: SELECT `nickname` FROM `user` WHERE `id` = 3 LIMIT 1   [ RunTime:0.0001s ]
SQL: SELECT `nickname` FROM `user` WHERE `id` = 2 LIMIT 1   [ RunTime:0.0001s ]
SQL: SELECT `nickname` FROM `user` WHERE `id` = 3 LIMIT 1   [ RunTime:0.0001s ]
SQL: SELECT `nickname` FROM `user` WHERE `id` = 2 LIMIT 1   [ RunTime:0.0001s ]
SQL: SELECT `nickname` FROM `user` WHERE `id` = 3 LIMIT 1   [ RunTime:0.0001s ]
SQL: SELECT `nickname` FROM `user` WHERE `id` = 2 LIMIT 1   [ RunTime:0.0001s ]
SQL: SELECT `nickname` FROM `user` WHERE `id` = 3 LIMIT 1   [ RunTime:0.0001s ]
SQL: SELECT `nickname` FROM `user` WHERE `id` = 2 LIMIT 1   [ RunTime:0.0001s ]
SQL: SELECT `nickname` FROM `user` WHERE `id` = 3 LIMIT 1   [ RunTime:0.0001s ]
SQL: SELECT `nickname` FROM `user` WHERE `id` = 2 LIMIT 1   [ RunTime:0.0001s ]
SQL: SELECT `nickname` FROM `user` WHERE `id` = 3 LIMIT 1   [ RunTime:0.0001s ]
SQL: SELECT `nickname` FROM `user` WHERE `id` = 2 LIMIT 1   [ RunTime:0.0001s ]
SQL: SELECT `nickname` FROM `user` WHERE `id` = 3 LIMIT 1   [ RunTime:0.0003s ]
SQL: SELECT `nickname` FROM `user` WHERE `id` = 2 LIMIT 1   [ RunTime:0.0003s ]
SQL: SELECT `nickname` FROM `user` WHERE `id` = 3 LIMIT 1   [ RunTime:0.0002s ]

[ 2015-12-04T23:26:00+08:00 ] ::1 /Home/Index/getBattles
INFO: [ app_begin ] --START--
INFO: Run Behavior\ReadHtmlCacheBehavior [ RunTime:0.000429s ]
INFO: [ app_begin ] --END-- [ RunTime:0.000833s ]
SQL: SHOW COLUMNS FROM `user_battle` [ RunTime:0.0079s ]
SQL: SHOW COLUMNS FROM `user` [ RunTime:0.0094s ]
SQL: SHOW COLUMNS FROM `user` [ RunTime:0.0070s ]
SQL: SELECT COUNT(*) AS tp_count FROM `user_battle` LIMIT 1   [ RunTime:0.0002s ]
SQL: SELECT * FROM `user_battle` ORDER BY id desc LIMIT 20,20   [ RunTime:0.0002s ]
SQL: SELECT `nickname` FROM `user` WHERE `id` = 2 LIMIT 1   [ RunTime:0.0001s ]
SQL: SELECT `nickname` FROM `user` WHERE `id` = 3 LIMIT 1   [ RunTime:0.0001s ]
SQL: SELECT `nickname` FROM `user` WHERE `id` = 2 LIMIT 1   [ RunTime:0.0001s ]
SQL: SELECT `nickname` FROM `user` WHERE `id` = 3 LIMIT 1   [ RunTime:0.0001s ]
SQL: SELECT `nickname` FROM `user` WHERE `id` = 2 LIMIT 1   [ RunTime:0.0001s ]
SQL: SELECT `nickname` FROM `user` WHERE `id` = 3 LIMIT 1   [ RunTime:0.0002s ]
SQL: SELECT `nickname` FROM `user` WHERE `id` = 2 LIMIT 1   [ RunTime:0.0001s ]
SQL: SELECT `nickname` FROM `user` WHERE `id` = 3 LIMIT 1   [ RunTime:0.0001s ]
SQL: SELECT `nickname` FROM `user` WHERE `id` = 2 LIMIT 1   [ RunTime:0.0001s ]
SQL: SELECT `nickname` FROM `user` WHERE `id` = 3 LIMIT 1   [ RunTime:0.0001s ]
SQL: SELECT `nickname` FROM `user` WHERE `id` = 2 LIMIT 1   [ RunTime:0.0001s ]
SQL: SELECT `nickname` FROM `user` WHERE `id` = 3 LIMIT 1   [ RunTime:0.0001s ]
SQL: SELECT `nickname` FROM `user` WHERE `id` = 2 LIMIT 1   [ RunTime:0.0001s ]
SQL: SELECT `nickname` FROM `user` WHERE `id` = 3 LIMIT 1   [ RunTime:0.0001s ]
SQL: SELECT `nickname` FROM `user` WHERE `id` = 2 LIMIT 1   [ RunTime:0.0001s ]
SQL: SELECT `nickname` FROM `user` WHERE `id` = 3 LIMIT 1   [ RunTime:0.0001s ]

[ 2015-12-04T23:28:48+08:00 ] ::1 /Home/Index/userRank
INFO: [ app_begin ] --START--
INFO: Run Behavior\ReadHtmlCacheBehavior [ RunTime:0.000520s ]
INFO: [ app_begin ] --END-- [ RunTime:0.001033s ]
SQL: SHOW COLUMNS FROM `user_battle` [ RunTime:0.0087s ]
SQL: SHOW COLUMNS FROM `user` [ RunTime:0.0110s ]
SQL: SELECT COUNT(*) AS tp_count FROM `user` LIMIT 1   [ RunTime:0.0002s ]
SQL: SELECT `id`,`email`,`nickname`,`score`,`school`,`studentid`,`name`,`entrance` FROM `user` ORDER BY score desc LIMIT 20   [ RunTime:0.0004s ]

[ 2015-12-04T23:28:49+08:00 ] ::1 /Home/Index/userRank
INFO: [ app_begin ] --START--
INFO: Run Behavior\ReadHtmlCacheBehavior [ RunTime:0.000583s ]
INFO: [ app_begin ] --END-- [ RunTime:0.001118s ]
SQL: SHOW COLUMNS FROM `user_battle` [ RunTime:0.0177s ]
SQL: SHOW COLUMNS FROM `user` [ RunTime:0.0119s ]
SQL: SELECT COUNT(*) AS tp_count FROM `user` LIMIT 1   [ RunTime:0.0004s ]
SQL: SELECT `id`,`email`,`nickname`,`score`,`school`,`studentid`,`name`,`entrance` FROM `user` ORDER BY score desc LIMIT 20   [ RunTime:0.0006s ]

[ 2015-12-04T23:29:41+08:00 ] ::1 /Home/Index/userRank
INFO: [ app_begin ] --START--
INFO: Run Behavior\ReadHtmlCacheBehavior [ RunTime:0.000543s ]
INFO: [ app_begin ] --END-- [ RunTime:0.001069s ]
SQL: SHOW COLUMNS FROM `user_battle` [ RunTime:0.0127s ]
SQL: SHOW COLUMNS FROM `user` [ RunTime:0.0090s ]
SQL: SELECT COUNT(*) AS tp_count FROM `user` LIMIT 1   [ RunTime:0.0003s ]
SQL: SELECT `id`,`email`,`nickname`,`score`,`school`,`studentid`,`name`,`entrance` FROM `user` ORDER BY score desc LIMIT 20   [ RunTime:0.0005s ]

[ 2015-12-04T23:29:42+08:00 ] ::1 /Home/Index/userRank
INFO: [ app_begin ] --START--
INFO: Run Behavior\ReadHtmlCacheBehavior [ RunTime:0.000370s ]
INFO: [ app_begin ] --END-- [ RunTime:0.000688s ]
SQL: SHOW COLUMNS FROM `user_battle` [ RunTime:0.0150s ]
SQL: SHOW COLUMNS FROM `user` [ RunTime:0.0074s ]
SQL: SELECT COUNT(*) AS tp_count FROM `user` LIMIT 1   [ RunTime:0.0004s ]
SQL: SELECT `id`,`email`,`nickname`,`score`,`school`,`studentid`,`name`,`entrance` FROM `user` ORDER BY score desc LIMIT 20,20   [ RunTime:0.0006s ]

[ 2015-12-04T23:31:29+08:00 ] ::1 /Home/Index/userRank
INFO: [ app_begin ] --START--
INFO: Run Behavior\ReadHtmlCacheBehavior [ RunTime:0.000751s ]
INFO: [ app_begin ] --END-- [ RunTime:0.001302s ]
SQL: SHOW COLUMNS FROM `user_battle` [ RunTime:0.0096s ]
SQL: SHOW COLUMNS FROM `user` [ RunTime:0.0109s ]
SQL: SELECT COUNT(*) AS tp_count FROM `user` LIMIT 1   [ RunTime:0.0003s ]
SQL: SELECT `id`,`email`,`nickname`,`score`,`school`,`studentid`,`name`,`entrance` FROM `user` ORDER BY score desc LIMIT 20   [ RunTime:0.0003s ]

[ 2015-12-04T23:32:10+08:00 ] ::1 /Home/Index/userRank
INFO: [ app_begin ] --START--
INFO: Run Behavior\ReadHtmlCacheBehavior [ RunTime:0.000760s ]
INFO: [ app_begin ] --END-- [ RunTime:0.001346s ]
SQL: SHOW COLUMNS FROM `user_battle` [ RunTime:0.0130s ]
SQL: SHOW COLUMNS FROM `user` [ RunTime:0.0125s ]
SQL: SELECT COUNT(*) AS tp_count FROM `user` LIMIT 1   [ RunTime:0.0002s ]
SQL: SELECT `id`,`email`,`nickname`,`score`,`school`,`studentid`,`name`,`entrance` FROM `user` ORDER BY score desc LIMIT 20   [ RunTime:0.0003s ]

[ 2015-12-04T23:32:50+08:00 ] ::1 /Home/Index/userRank
INFO: [ app_begin ] --START--
INFO: Run Behavior\ReadHtmlCacheBehavior [ RunTime:0.000355s ]
INFO: [ app_begin ] --END-- [ RunTime:0.000675s ]
SQL: SHOW COLUMNS FROM `user_battle` [ RunTime:0.0082s ]
SQL: SHOW COLUMNS FROM `user` [ RunTime:0.0079s ]
SQL: SELECT COUNT(*) AS tp_count FROM `user` LIMIT 1   [ RunTime:0.0002s ]
SQL: SELECT `id`,`email`,`nickname`,`score`,`school`,`studentid`,`name`,`entrance` FROM `user` ORDER BY score desc LIMIT 20   [ RunTime:0.0003s ]

[ 2015-12-04T23:32:51+08:00 ] ::1 /Home/Index/userRank
INFO: [ app_begin ] --START--
INFO: Run Behavior\ReadHtmlCacheBehavior [ RunTime:0.000435s ]
INFO: [ app_begin ] --END-- [ RunTime:0.000836s ]
SQL: SHOW COLUMNS FROM `user_battle` [ RunTime:0.0096s ]
SQL: SHOW COLUMNS FROM `user` [ RunTime:0.0088s ]
SQL: SELECT COUNT(*) AS tp_count FROM `user` LIMIT 1   [ RunTime:0.0003s ]
SQL: SELECT `id`,`email`,`nickname`,`score`,`school`,`studentid`,`name`,`entrance` FROM `user` ORDER BY score desc LIMIT 20,20   [ RunTime:0.0004s ]

[ 2015-12-04T23:32:53+08:00 ] ::1 /Home/Index/userRank
INFO: [ app_begin ] --START--
INFO: Run Behavior\ReadHtmlCacheBehavior [ RunTime:0.000346s ]
INFO: [ app_begin ] --END-- [ RunTime:0.000690s ]
SQL: SHOW COLUMNS FROM `user_battle` [ RunTime:0.0080s ]
SQL: SHOW COLUMNS FROM `user` [ RunTime:0.0076s ]
SQL: SELECT COUNT(*) AS tp_count FROM `user` LIMIT 1   [ RunTime:0.0002s ]
SQL: SELECT `id`,`email`,`nickname`,`score`,`school`,`studentid`,`name`,`entrance` FROM `user` ORDER BY score desc LIMIT 0,20   [ RunTime:0.0004s ]

[ 2015-12-04T23:33:34+08:00 ] ::1 /Home/Index/userRank
INFO: [ app_begin ] --START--
INFO: Run Behavior\ReadHtmlCacheBehavior [ RunTime:0.000359s ]
INFO: [ app_begin ] --END-- [ RunTime:0.000671s ]
SQL: SHOW COLUMNS FROM `user_battle` [ RunTime:0.0103s ]
SQL: SHOW COLUMNS FROM `user` [ RunTime:0.0099s ]
SQL: SELECT COUNT(*) AS tp_count FROM `user` LIMIT 1   [ RunTime:0.0002s ]
SQL: SELECT `id`,`email`,`nickname`,`score`,`school`,`studentid`,`name`,`entrance` FROM `user` ORDER BY score desc LIMIT 20   [ RunTime:0.0002s ]

[ 2015-12-04T23:33:40+08:00 ] ::1 /Home/Index/userRank
INFO: [ app_begin ] --START--
INFO: Run Behavior\ReadHtmlCacheBehavior [ RunTime:0.000719s ]
INFO: [ app_begin ] --END-- [ RunTime:0.001193s ]
SQL: SHOW COLUMNS FROM `user_battle` [ RunTime:0.0097s ]
SQL: SHOW COLUMNS FROM `user` [ RunTime:0.0133s ]
SQL: SELECT COUNT(*) AS tp_count FROM `user` LIMIT 1   [ RunTime:0.0003s ]
SQL: SELECT `id`,`email`,`nickname`,`score`,`school`,`studentid`,`name`,`entrance` FROM `user` ORDER BY score desc LIMIT 20   [ RunTime:0.0003s ]

[ 2015-12-04T23:33:40+08:00 ] ::1 /Home/Index/getBattles
INFO: [ app_begin ] --START--
INFO: Run Behavior\ReadHtmlCacheBehavior [ RunTime:0.000516s ]
INFO: [ app_begin ] --END-- [ RunTime:0.000996s ]
SQL: SHOW COLUMNS FROM `user_battle` [ RunTime:0.0078s ]
SQL: SHOW COLUMNS FROM `user` [ RunTime:0.0082s ]
SQL: SHOW COLUMNS FROM `user` [ RunTime:0.0078s ]
SQL: SELECT COUNT(*) AS tp_count FROM `user_battle` LIMIT 1   [ RunTime:0.0002s ]
SQL: SELECT * FROM `user_battle` ORDER BY id desc LIMIT 20   [ RunTime:0.0002s ]
SQL: SELECT `nickname` FROM `user` WHERE `id` = 2 LIMIT 1   [ RunTime:0.0001s ]
SQL: SELECT `nickname` FROM `user` WHERE `id` = 3 LIMIT 1   [ RunTime:0.0001s ]
SQL: SELECT `nickname` FROM `user` WHERE `id` = 2 LIMIT 1   [ RunTime:0.0001s ]
SQL: SELECT `nickname` FROM `user` WHERE `id` = 3 LIMIT 1   [ RunTime:0.0001s ]
SQL: SELECT `nickname` FROM `user` WHERE `id` = 2 LIMIT 1   [ RunTime:0.0001s ]
SQL: SELECT `nickname` FROM `user` WHERE `id` = 3 LIMIT 1   [ RunTime:0.0001s ]
SQL: SELECT `nickname` FROM `user` WHERE `id` = 2 LIMIT 1   [ RunTime:0.0001s ]
SQL: SELECT `nickname` FROM `user` WHERE `id` = 3 LIMIT 1   [ RunTime:0.0002s ]
SQL: SELECT `nickname` FROM `user` WHERE `id` = 2 LIMIT 1   [ RunTime:0.0001s ]
SQL: SELECT `nickname` FROM `user` WHERE `id` = 3 LIMIT 1   [ RunTime:0.0001s ]
SQL: SELECT `nickname` FROM `user` WHERE `id` = 2 LIMIT 1   [ RunTime:0.0001s ]
SQL: SELECT `nickname` FROM `user` WHERE `id` = 3 LIMIT 1   [ RunTime:0.0001s ]
SQL: SELECT `nickname` FROM `user` WHERE `id` = 2 LIMIT 1   [ RunTime:0.0001s ]
SQL: SELECT `nickname` FROM `user` WHERE `id` = 3 LIMIT 1   [ RunTime:0.0001s ]
SQL: SELECT `nickname` FROM `user` WHERE `id` = 2 LIMIT 1   [ RunTime:0.0001s ]
SQL: SELECT `nickname` FROM `user` WHERE `id` = 3 LIMIT 1   [ RunTime:0.0001s ]
SQL: SELECT `nickname` FROM `user` WHERE `id` = 2 LIMIT 1   [ RunTime:0.0001s ]
SQL: SELECT `nickname` FROM `user` WHERE `id` = 3 LIMIT 1   [ RunTime:0.0001s ]
SQL: SELECT `nickname` FROM `user` WHERE `id` = 2 LIMIT 1   [ RunTime:0.0001s ]
SQL: SELECT `nickname` FROM `user` WHERE `id` = 3 LIMIT 1   [ RunTime:0.0001s ]
SQL: SELECT `nickname` FROM `user` WHERE `id` = 2 LIMIT 1   [ RunTime:0.0001s ]
SQL: SELECT `nickname` FROM `user` WHERE `id` = 3 LIMIT 1   [ RunTime:0.0001s ]
SQL: SELECT `nickname` FROM `user` WHERE `id` = 2 LIMIT 1   [ RunTime:0.0001s ]
SQL: SELECT `nickname` FROM `user` WHERE `id` = 3 LIMIT 1   [ RunTime:0.0001s ]
SQL: SELECT `nickname` FROM `user` WHERE `id` = 2 LIMIT 1   [ RunTime:0.0001s ]
SQL: SELECT `nickname` FROM `user` WHERE `id` = 3 LIMIT 1   [ RunTime:0.0001s ]
SQL: SELECT `nickname` FROM `user` WHERE `id` = 2 LIMIT 1   [ RunTime:0.0001s ]
SQL: SELECT `nickname` FROM `user` WHERE `id` = 3 LIMIT 1   [ RunTime:0.0001s ]
SQL: SELECT `nickname` FROM `user` WHERE `id` = 2 LIMIT 1   [ RunTime:0.0001s ]
SQL: SELECT `nickname` FROM `user` WHERE `id` = 3 LIMIT 1   [ RunTime:0.0001s ]
SQL: SELECT `nickname` FROM `user` WHERE `id` = 2 LIMIT 1   [ RunTime:0.0001s ]
SQL: SELECT `nickname` FROM `user` WHERE `id` = 3 LIMIT 1   [ RunTime:0.0001s ]
SQL: SELECT `nickname` FROM `user` WHERE `id` = 2 LIMIT 1   [ RunTime:0.0001s ]
SQL: SELECT `nickname` FROM `user` WHERE `id` = 3 LIMIT 1   [ RunTime:0.0001s ]
SQL: SELECT `nickname` FROM `user` WHERE `id` = 2 LIMIT 1   [ RunTime:0.0001s ]
SQL: SELECT `nickname` FROM `user` WHERE `id` = 3 LIMIT 1   [ RunTime:0.0001s ]
SQL: SELECT `nickname` FROM `user` WHERE `id` = 2 LIMIT 1   [ RunTime:0.0001s ]
SQL: SELECT `nickname` FROM `user` WHERE `id` = 3 LIMIT 1   [ RunTime:0.0001s ]
SQL: SELECT `nickname` FROM `user` WHERE `id` = 2 LIMIT 1   [ RunTime:0.0002s ]
SQL: SELECT `nickname` FROM `user` WHERE `id` = 3 LIMIT 1   [ RunTime:0.0002s ]

