[ 2015-12-02T00:00:44+08:00 ] ::1 /User/Login/loginStatus
INFO: [ app_begin ] --START--
INFO: Run Behavior\ReadHtmlCacheBehavior [ RunTime:0.000360s ]
INFO: [ app_begin ] --END-- [ RunTime:0.000676s ]
SQL: SHOW COLUMNS FROM `user` [ RunTime:0.0123s ]

[ 2015-12-02T00:00:46+08:00 ] ::1 /User/Login/loginStatus
INFO: [ app_begin ] --START--
INFO: Run Behavior\ReadHtmlCacheBehavior [ RunTime:0.000645s ]
INFO: [ app_begin ] --END-- [ RunTime:0.002124s ]
SQL: SHOW COLUMNS FROM `user` [ RunTime:0.0095s ]

[ 2015-12-02T00:00:47+08:00 ] ::1 /User/Login/loginStatus
INFO: [ app_begin ] --START--
INFO: Run Behavior\ReadHtmlCacheBehavior [ RunTime:0.000716s ]
INFO: [ app_begin ] --END-- [ RunTime:0.001376s ]
SQL: SHOW COLUMNS FROM `user` [ RunTime:0.0088s ]

[ 2015-12-02T00:00:48+08:00 ] ::1 /User/Login/loginStatus
INFO: [ app_begin ] --START--
INFO: Run Behavior\ReadHtmlCacheBehavior [ RunTime:0.000597s ]
INFO: [ app_begin ] --END-- [ RunTime:0.001077s ]
SQL: SHOW COLUMNS FROM `user` [ RunTime:0.0125s ]

[ 2015-12-02T00:00:48+08:00 ] ::1 /User/Login/loginStatus
INFO: [ app_begin ] --START--
INFO: Run Behavior\ReadHtmlCacheBehavior [ RunTime:0.000539s ]
INFO: [ app_begin ] --END-- [ RunTime:0.001085s ]
SQL: SHOW COLUMNS FROM `user` [ RunTime:0.0078s ]

[ 2015-12-02T00:00:49+08:00 ] ::1 /User/Login/loginStatus
INFO: [ app_begin ] --START--
INFO: Run Behavior\ReadHtmlCacheBehavior [ RunTime:0.002032s ]
INFO: [ app_begin ] --END-- [ RunTime:0.002908s ]
SQL: SHOW COLUMNS FROM `user` [ RunTime:0.0082s ]

[ 2015-12-02T00:00:50+08:00 ] ::1 /User/Login/loginStatus
INFO: [ app_begin ] --START--
INFO: Run Behavior\ReadHtmlCacheBehavior [ RunTime:0.000472s ]
INFO: [ app_begin ] --END-- [ RunTime:0.000946s ]
SQL: SHOW COLUMNS FROM `user` [ RunTime:0.0162s ]

[ 2015-12-02T00:00:52+08:00 ] ::1 /User/Login/loginStatus
INFO: [ app_begin ] --START--
INFO: Run Behavior\ReadHtmlCacheBehavior [ RunTime:0.000907s ]
INFO: [ app_begin ] --END-- [ RunTime:0.001725s ]
SQL: SHOW COLUMNS FROM `user` [ RunTime:0.0076s ]

[ 2015-12-02T00:00:53+08:00 ] ::1 /User/Login/loginStatus
INFO: [ app_begin ] --START--
INFO: Run Behavior\ReadHtmlCacheBehavior [ RunTime:0.000351s ]
INFO: [ app_begin ] --END-- [ RunTime:0.000674s ]
SQL: SHOW COLUMNS FROM `user` [ RunTime:0.0095s ]

[ 2015-12-02T00:00:54+08:00 ] ::1 /User/Login/loginStatus
INFO: [ app_begin ] --START--
INFO: Run Behavior\ReadHtmlCacheBehavior [ RunTime:0.000581s ]
INFO: [ app_begin ] --END-- [ RunTime:0.001154s ]
SQL: SHOW COLUMNS FROM `user` [ RunTime:0.0211s ]

[ 2015-12-02T00:00:54+08:00 ] ::1 /User/Login/loginStatus
INFO: [ app_begin ] --START--
INFO: Run Behavior\ReadHtmlCacheBehavior [ RunTime:0.000783s ]
INFO: [ app_begin ] --END-- [ RunTime:0.001569s ]
SQL: SHOW COLUMNS FROM `user` [ RunTime:0.0133s ]

[ 2015-12-02T00:00:55+08:00 ] ::1 /User/Login/loginStatus
INFO: [ app_begin ] --START--
INFO: Run Behavior\ReadHtmlCacheBehavior [ RunTime:0.000899s ]
INFO: [ app_begin ] --END-- [ RunTime:0.002197s ]
SQL: SHOW COLUMNS FROM `user` [ RunTime:0.0084s ]

[ 2015-12-02T00:00:56+08:00 ] ::1 /User/Login/loginStatus
INFO: [ app_begin ] --START--
INFO: Run Behavior\ReadHtmlCacheBehavior [ RunTime:0.000626s ]
INFO: [ app_begin ] --END-- [ RunTime:0.001518s ]
SQL: SHOW COLUMNS FROM `user` [ RunTime:0.0083s ]

[ 2015-12-02T00:00:56+08:00 ] ::1 /User/Login/loginStatus
INFO: [ app_begin ] --START--
INFO: Run Behavior\ReadHtmlCacheBehavior [ RunTime:0.000582s ]
INFO: [ app_begin ] --END-- [ RunTime:0.001237s ]
SQL: SHOW COLUMNS FROM `user` [ RunTime:0.0078s ]

[ 2015-12-02T00:00:57+08:00 ] ::1 /User/Login/loginStatus
INFO: [ app_begin ] --START--
INFO: Run Behavior\ReadHtmlCacheBehavior [ RunTime:0.000438s ]
INFO: [ app_begin ] --END-- [ RunTime:0.000873s ]
SQL: SHOW COLUMNS FROM `user` [ RunTime:0.0083s ]

[ 2015-12-02T00:00:58+08:00 ] ::1 /User/Login/loginStatus
INFO: [ app_begin ] --START--
INFO: Run Behavior\ReadHtmlCacheBehavior [ RunTime:0.001563s ]
INFO: [ app_begin ] --END-- [ RunTime:0.002344s ]
SQL: SHOW COLUMNS FROM `user` [ RunTime:0.0235s ]

[ 2015-12-02T00:00:58+08:00 ] ::1 /User/Login/loginStatus
INFO: [ app_begin ] --START--
INFO: Run Behavior\ReadHtmlCacheBehavior [ RunTime:0.000652s ]
INFO: [ app_begin ] --END-- [ RunTime:0.002066s ]
SQL: SHOW COLUMNS FROM `user` [ RunTime:0.0097s ]

[ 2015-12-02T00:00:58+08:00 ] ::1 /User/Login/loginStatus
INFO: [ app_begin ] --START--
INFO: Run Behavior\ReadHtmlCacheBehavior [ RunTime:0.000569s ]
INFO: [ app_begin ] --END-- [ RunTime:0.001127s ]
SQL: SHOW COLUMNS FROM `user` [ RunTime:0.0124s ]

[ 2015-12-02T00:01:08+08:00 ] ::1 /User/Login/loginStatus
INFO: [ app_begin ] --START--
INFO: Run Behavior\ReadHtmlCacheBehavior [ RunTime:0.000372s ]
INFO: [ app_begin ] --END-- [ RunTime:0.000720s ]
SQL: SHOW COLUMNS FROM `user` [ RunTime:0.0105s ]

[ 2015-12-02T00:01:09+08:00 ] ::1 /User/Login/loginStatus
INFO: [ app_begin ] --START--
INFO: Run Behavior\ReadHtmlCacheBehavior [ RunTime:0.000817s ]
INFO: [ app_begin ] --END-- [ RunTime:0.001686s ]
SQL: SHOW COLUMNS FROM `user` [ RunTime:0.0178s ]

[ 2015-12-02T00:01:10+08:00 ] ::1 /User/Login/loginStatus
INFO: [ app_begin ] --START--
INFO: Run Behavior\ReadHtmlCacheBehavior [ RunTime:0.000595s ]
INFO: [ app_begin ] --END-- [ RunTime:0.001181s ]
SQL: SHOW COLUMNS FROM `user` [ RunTime:0.0137s ]

[ 2015-12-02T00:04:40+08:00 ] ::1 /User/Login/loginStatus
INFO: [ app_begin ] --START--
INFO: Run Behavior\ReadHtmlCacheBehavior [ RunTime:0.000597s ]
INFO: [ app_begin ] --END-- [ RunTime:0.001090s ]
SQL: SHOW COLUMNS FROM `user` [ RunTime:0.0081s ]

[ 2015-12-02T00:07:04+08:00 ] ::1 /User/Login/loginStatus
INFO: [ app_begin ] --START--
INFO: Run Behavior\ReadHtmlCacheBehavior [ RunTime:0.000479s ]
INFO: [ app_begin ] --END-- [ RunTime:0.000827s ]
SQL: SHOW COLUMNS FROM `user` [ RunTime:0.0084s ]

[ 2015-12-02T00:07:05+08:00 ] ::1 /User/Login/loginStatus
INFO: [ app_begin ] --START--
INFO: Run Behavior\ReadHtmlCacheBehavior [ RunTime:0.000633s ]
INFO: [ app_begin ] --END-- [ RunTime:0.001094s ]
SQL: SHOW COLUMNS FROM `user` [ RunTime:0.0071s ]

[ 2015-12-02T00:08:47+08:00 ] ::1 /User/Login/loginStatus
INFO: [ app_begin ] --START--
INFO: Run Behavior\ReadHtmlCacheBehavior [ RunTime:0.000478s ]
INFO: [ app_begin ] --END-- [ RunTime:0.001000s ]
SQL: SHOW COLUMNS FROM `user` [ RunTime:0.0193s ]

[ 2015-12-02T00:09:26+08:00 ] ::1 /User/Login/loginStatus
INFO: [ app_begin ] --START--
INFO: Run Behavior\ReadHtmlCacheBehavior [ RunTime:0.000740s ]
INFO: [ app_begin ] --END-- [ RunTime:0.001292s ]
SQL: SHOW COLUMNS FROM `user` [ RunTime:0.0176s ]

[ 2015-12-02T00:11:50+08:00 ] ::1 /User/Login/loginStatus
INFO: [ app_begin ] --START--
INFO: Run Behavior\ReadHtmlCacheBehavior [ RunTime:0.000560s ]
INFO: [ app_begin ] --END-- [ RunTime:0.001093s ]
SQL: SHOW COLUMNS FROM `user` [ RunTime:0.0083s ]

[ 2015-12-02T00:11:51+08:00 ] ::1 /User/Login/loginStatus
INFO: [ app_begin ] --START--
INFO: Run Behavior\ReadHtmlCacheBehavior [ RunTime:0.000719s ]
INFO: [ app_begin ] --END-- [ RunTime:0.001249s ]
SQL: SHOW COLUMNS FROM `user` [ RunTime:0.0091s ]

[ 2015-12-02T00:16:34+08:00 ] ::1 /User/Login/loginStatus
INFO: [ app_begin ] --START--
INFO: Run Behavior\ReadHtmlCacheBehavior [ RunTime:0.000787s ]
INFO: [ app_begin ] --END-- [ RunTime:0.001662s ]
SQL: SHOW COLUMNS FROM `user` [ RunTime:0.0116s ]

[ 2015-12-02T00:34:34+08:00 ] ::1 /User/Login/loginStatus
INFO: [ app_begin ] --START--
INFO: Run Behavior\ReadHtmlCacheBehavior [ RunTime:0.000732s ]
INFO: [ app_begin ] --END-- [ RunTime:0.001267s ]
SQL: SHOW COLUMNS FROM `user` [ RunTime:0.0152s ]

[ 2015-12-02T00:35:00+08:00 ] ::1 /User/Login/loginStatus
INFO: [ app_begin ] --START--
INFO: Run Behavior\ReadHtmlCacheBehavior [ RunTime:0.000979s ]
INFO: [ app_begin ] --END-- [ RunTime:0.001797s ]
SQL: SHOW COLUMNS FROM `user` [ RunTime:0.0216s ]

[ 2015-12-02T00:35:48+08:00 ] ::1 /User/Login/loginStatus
INFO: [ app_begin ] --START--
INFO: Run Behavior\ReadHtmlCacheBehavior [ RunTime:0.000695s ]
INFO: [ app_begin ] --END-- [ RunTime:0.001154s ]
SQL: SHOW COLUMNS FROM `user` [ RunTime:0.0120s ]

[ 2015-12-02T00:36:01+08:00 ] ::1 /User/Login/loginStatus
INFO: [ app_begin ] --START--
INFO: Run Behavior\ReadHtmlCacheBehavior [ RunTime:0.000501s ]
INFO: [ app_begin ] --END-- [ RunTime:0.000894s ]
SQL: SHOW COLUMNS FROM `user` [ RunTime:0.0091s ]

[ 2015-12-02T00:36:11+08:00 ] ::1 /User/Login/loginStatus
INFO: [ app_begin ] --START--
INFO: Run Behavior\ReadHtmlCacheBehavior [ RunTime:0.000571s ]
INFO: [ app_begin ] --END-- [ RunTime:0.001130s ]
SQL: SHOW COLUMNS FROM `user` [ RunTime:0.0084s ]

[ 2015-12-02T00:36:25+08:00 ] ::1 /User/Login/loginStatus
INFO: [ app_begin ] --START--
INFO: Run Behavior\ReadHtmlCacheBehavior [ RunTime:0.000383s ]
INFO: [ app_begin ] --END-- [ RunTime:0.000833s ]
SQL: SHOW COLUMNS FROM `user` [ RunTime:0.0103s ]

[ 2015-12-02T00:36:48+08:00 ] ::1 /User/Login/loginStatus
INFO: [ app_begin ] --START--
INFO: Run Behavior\ReadHtmlCacheBehavior [ RunTime:0.000464s ]
INFO: [ app_begin ] --END-- [ RunTime:0.000810s ]
SQL: SHOW COLUMNS FROM `user` [ RunTime:0.0119s ]

[ 2015-12-02T00:37:18+08:00 ] ::1 /User/Login/loginStatus
INFO: [ app_begin ] --START--
INFO: Run Behavior\ReadHtmlCacheBehavior [ RunTime:0.000895s ]
INFO: [ app_begin ] --END-- [ RunTime:0.001664s ]
SQL: SHOW COLUMNS FROM `user` [ RunTime:0.0189s ]

[ 2015-12-02T00:38:47+08:00 ] ::1 /User/Login/loginStatus
INFO: [ app_begin ] --START--
INFO: Run Behavior\ReadHtmlCacheBehavior [ RunTime:0.000551s ]
INFO: [ app_begin ] --END-- [ RunTime:0.001086s ]
SQL: SHOW COLUMNS FROM `user` [ RunTime:0.0085s ]

[ 2015-12-02T00:39:01+08:00 ] ::1 /User/Login/loginStatus
INFO: [ app_begin ] --START--
INFO: Run Behavior\ReadHtmlCacheBehavior [ RunTime:0.000792s ]
INFO: [ app_begin ] --END-- [ RunTime:0.001459s ]
SQL: SHOW COLUMNS FROM `user` [ RunTime:0.0169s ]

[ 2015-12-02T00:39:04+08:00 ] ::1 /User/Login/loginStatus
INFO: [ app_begin ] --START--
INFO: Run Behavior\ReadHtmlCacheBehavior [ RunTime:0.000601s ]
INFO: [ app_begin ] --END-- [ RunTime:0.001192s ]
SQL: SHOW COLUMNS FROM `user` [ RunTime:0.0140s ]

[ 2015-12-02T00:39:06+08:00 ] ::1 /User/Login/loginStatus
INFO: [ app_begin ] --START--
INFO: Run Behavior\ReadHtmlCacheBehavior [ RunTime:0.000772s ]
INFO: [ app_begin ] --END-- [ RunTime:0.001331s ]
SQL: SHOW COLUMNS FROM `user` [ RunTime:0.0109s ]

[ 2015-12-02T00:39:09+08:00 ] ::1 /User/Login/loginStatus
INFO: [ app_begin ] --START--
INFO: Run Behavior\ReadHtmlCacheBehavior [ RunTime:0.000623s ]
INFO: [ app_begin ] --END-- [ RunTime:0.001269s ]
SQL: SHOW COLUMNS FROM `user` [ RunTime:0.0103s ]

[ 2015-12-02T00:39:10+08:00 ] ::1 /User/Login/loginStatus
INFO: [ app_begin ] --START--
INFO: Run Behavior\ReadHtmlCacheBehavior [ RunTime:0.000536s ]
INFO: [ app_begin ] --END-- [ RunTime:0.001022s ]
SQL: SHOW COLUMNS FROM `user` [ RunTime:0.0246s ]

[ 2015-12-02T00:39:31+08:00 ] ::1 /User/Login/loginStatus
INFO: [ app_begin ] --START--
INFO: Run Behavior\ReadHtmlCacheBehavior [ RunTime:0.000792s ]
INFO: [ app_begin ] --END-- [ RunTime:0.001371s ]
SQL: SHOW COLUMNS FROM `user` [ RunTime:0.0112s ]

[ 2015-12-02T00:39:33+08:00 ] ::1 /User/Login/loginStatus
INFO: [ app_begin ] --START--
INFO: Run Behavior\ReadHtmlCacheBehavior [ RunTime:0.000384s ]
INFO: [ app_begin ] --END-- [ RunTime:0.000724s ]
SQL: SHOW COLUMNS FROM `user` [ RunTime:0.0081s ]

[ 2015-12-02T00:41:16+08:00 ] ::1 /User/Login/loginStatus
INFO: [ app_begin ] --START--
INFO: Run Behavior\ReadHtmlCacheBehavior [ RunTime:0.000557s ]
INFO: [ app_begin ] --END-- [ RunTime:0.001142s ]
SQL: SHOW COLUMNS FROM `user` [ RunTime:0.0121s ]

[ 2015-12-02T00:41:54+08:00 ] ::1 /User/Login/loginStatus
INFO: [ app_begin ] --START--
INFO: Run Behavior\ReadHtmlCacheBehavior [ RunTime:0.000537s ]
INFO: [ app_begin ] --END-- [ RunTime:0.001041s ]
SQL: SHOW COLUMNS FROM `user` [ RunTime:0.0081s ]

[ 2015-12-02T00:42:31+08:00 ] ::1 /User/Login/loginStatus
INFO: [ app_begin ] --START--
INFO: Run Behavior\ReadHtmlCacheBehavior [ RunTime:0.000524s ]
INFO: [ app_begin ] --END-- [ RunTime:0.000903s ]
SQL: SHOW COLUMNS FROM `user` [ RunTime:0.0072s ]

[ 2015-12-02T00:42:46+08:00 ] ::1 /User/Login/loginStatus
INFO: [ app_begin ] --START--
INFO: Run Behavior\ReadHtmlCacheBehavior [ RunTime:0.000472s ]
INFO: [ app_begin ] --END-- [ RunTime:0.000892s ]
SQL: SHOW COLUMNS FROM `user` [ RunTime:0.0108s ]

[ 2015-12-02T00:43:15+08:00 ] ::1 /User/Login/loginStatus
INFO: [ app_begin ] --START--
INFO: Run Behavior\ReadHtmlCacheBehavior [ RunTime:0.000422s ]
INFO: [ app_begin ] --END-- [ RunTime:0.000866s ]
SQL: SHOW COLUMNS FROM `user` [ RunTime:0.0083s ]

[ 2015-12-02T00:43:18+08:00 ] ::1 /User/Login/loginStatus
INFO: [ app_begin ] --START--
INFO: Run Behavior\ReadHtmlCacheBehavior [ RunTime:0.000495s ]
INFO: [ app_begin ] --END-- [ RunTime:0.000964s ]
SQL: SHOW COLUMNS FROM `user` [ RunTime:0.0175s ]

[ 2015-12-02T00:43:21+08:00 ] ::1 /User/Login/loginStatus
INFO: [ app_begin ] --START--
INFO: Run Behavior\ReadHtmlCacheBehavior [ RunTime:0.000553s ]
INFO: [ app_begin ] --END-- [ RunTime:0.001027s ]
SQL: SHOW COLUMNS FROM `user` [ RunTime:0.0109s ]

[ 2015-12-02T00:44:12+08:00 ] ::1 /User/Login/loginStatus
INFO: [ app_begin ] --START--
INFO: Run Behavior\ReadHtmlCacheBehavior [ RunTime:0.000364s ]
INFO: [ app_begin ] --END-- [ RunTime:0.000715s ]
SQL: SHOW COLUMNS FROM `user` [ RunTime:0.0092s ]

[ 2015-12-02T00:44:33+08:00 ] ::1 /User/Login/loginStatus
INFO: [ app_begin ] --START--
INFO: Run Behavior\ReadHtmlCacheBehavior [ RunTime:0.000569s ]
INFO: [ app_begin ] --END-- [ RunTime:0.001156s ]
SQL: SHOW COLUMNS FROM `user` [ RunTime:0.0092s ]

[ 2015-12-02T00:45:47+08:00 ] ::1 /User/Login/loginStatus
INFO: [ app_begin ] --START--
INFO: Run Behavior\ReadHtmlCacheBehavior [ RunTime:0.000713s ]
INFO: [ app_begin ] --END-- [ RunTime:0.001253s ]
SQL: SHOW COLUMNS FROM `user` [ RunTime:0.0164s ]

[ 2015-12-02T00:45:52+08:00 ] ::1 /User/Login/loginStatus
INFO: [ app_begin ] --START--
INFO: Run Behavior\ReadHtmlCacheBehavior [ RunTime:0.000516s ]
INFO: [ app_begin ] --END-- [ RunTime:0.000945s ]
SQL: SHOW COLUMNS FROM `user` [ RunTime:0.0082s ]

[ 2015-12-02T00:46:17+08:00 ] ::1 /User/Login/loginStatus
INFO: [ app_begin ] --START--
INFO: Run Behavior\ReadHtmlCacheBehavior [ RunTime:0.000692s ]
INFO: [ app_begin ] --END-- [ RunTime:0.001097s ]
SQL: SHOW COLUMNS FROM `user` [ RunTime:0.0158s ]

[ 2015-12-02T00:49:54+08:00 ] ::1 /User/Login/loginStatus
INFO: [ app_begin ] --START--
INFO: Run Behavior\ReadHtmlCacheBehavior [ RunTime:0.000821s ]
INFO: [ app_begin ] --END-- [ RunTime:0.001744s ]
SQL: SHOW COLUMNS FROM `user` [ RunTime:0.0091s ]

[ 2015-12-02T00:49:55+08:00 ] ::1 /User/Login/loginStatus
INFO: [ app_begin ] --START--
INFO: Run Behavior\ReadHtmlCacheBehavior [ RunTime:0.000815s ]
INFO: [ app_begin ] --END-- [ RunTime:0.001342s ]
SQL: SHOW COLUMNS FROM `user` [ RunTime:0.0214s ]

[ 2015-12-02T00:49:56+08:00 ] ::1 /User/Login/loginStatus
INFO: [ app_begin ] --START--
INFO: Run Behavior\ReadHtmlCacheBehavior [ RunTime:0.000788s ]
INFO: [ app_begin ] --END-- [ RunTime:0.001336s ]
SQL: SHOW COLUMNS FROM `user` [ RunTime:0.0118s ]

[ 2015-12-02T00:49:59+08:00 ] ::1 /User/Login/loginStatus
INFO: [ app_begin ] --START--
INFO: Run Behavior\ReadHtmlCacheBehavior [ RunTime:0.000586s ]
INFO: [ app_begin ] --END-- [ RunTime:0.001131s ]
SQL: SHOW COLUMNS FROM `user` [ RunTime:0.0083s ]

[ 2015-12-02T00:50:01+08:00 ] ::1 /User/Login/loginStatus
INFO: [ app_begin ] --START--
INFO: Run Behavior\ReadHtmlCacheBehavior [ RunTime:0.000640s ]
INFO: [ app_begin ] --END-- [ RunTime:0.001197s ]
SQL: SHOW COLUMNS FROM `user` [ RunTime:0.0091s ]

[ 2015-12-02T00:50:02+08:00 ] ::1 /User/Login/loginStatus
INFO: [ app_begin ] --START--
INFO: Run Behavior\ReadHtmlCacheBehavior [ RunTime:0.000993s ]
INFO: [ app_begin ] --END-- [ RunTime:0.001558s ]
SQL: SHOW COLUMNS FROM `user` [ RunTime:0.0139s ]

[ 2015-12-02T00:50:03+08:00 ] ::1 /User/Login/loginStatus
INFO: [ app_begin ] --START--
INFO: Run Behavior\ReadHtmlCacheBehavior [ RunTime:0.000597s ]
INFO: [ app_begin ] --END-- [ RunTime:0.001214s ]
SQL: SHOW COLUMNS FROM `user` [ RunTime:0.0122s ]

[ 2015-12-02T15:55:48+08:00 ] ::1 /User/Login/loginStatus
INFO: [ app_begin ] --START--
INFO: Run Behavior\ReadHtmlCacheBehavior [ RunTime:0.000460s ]
INFO: [ app_begin ] --END-- [ RunTime:0.000812s ]
SQL: SHOW COLUMNS FROM `user` [ RunTime:0.0069s ]

[ 2015-12-02T15:56:10+08:00 ] ::1 /User/Login/loginStatus
INFO: [ app_begin ] --START--
INFO: Run Behavior\ReadHtmlCacheBehavior [ RunTime:0.000374s ]
INFO: [ app_begin ] --END-- [ RunTime:0.000747s ]
SQL: SHOW COLUMNS FROM `user` [ RunTime:0.0095s ]

[ 2015-12-02T15:56:11+08:00 ] ::1 /User/Login/loginStatus
INFO: [ app_begin ] --START--
INFO: Run Behavior\ReadHtmlCacheBehavior [ RunTime:0.000359s ]
INFO: [ app_begin ] --END-- [ RunTime:0.000690s ]
SQL: SHOW COLUMNS FROM `user` [ RunTime:0.0068s ]

[ 2015-12-02T15:56:13+08:00 ] ::1 /User/Login/loginStatus
INFO: [ app_begin ] --START--
INFO: Run Behavior\ReadHtmlCacheBehavior [ RunTime:0.000578s ]
INFO: [ app_begin ] --END-- [ RunTime:0.001099s ]
SQL: SHOW COLUMNS FROM `user` [ RunTime:0.0071s ]

[ 2015-12-02T15:56:15+08:00 ] ::1 /User/Login/loginStatus
INFO: [ app_begin ] --START--
INFO: Run Behavior\ReadHtmlCacheBehavior [ RunTime:0.000351s ]
INFO: [ app_begin ] --END-- [ RunTime:0.000655s ]
SQL: SHOW COLUMNS FROM `user` [ RunTime:0.0068s ]

[ 2015-12-02T15:56:16+08:00 ] ::1 /User/Login/loginStatus
INFO: [ app_begin ] --START--
INFO: Run Behavior\ReadHtmlCacheBehavior [ RunTime:0.000467s ]
INFO: [ app_begin ] --END-- [ RunTime:0.000824s ]
SQL: SHOW COLUMNS FROM `user` [ RunTime:0.0074s ]

[ 2015-12-02T15:56:17+08:00 ] ::1 /User/Login/loginStatus
INFO: [ app_begin ] --START--
INFO: Run Behavior\ReadHtmlCacheBehavior [ RunTime:0.000909s ]
INFO: [ app_begin ] --END-- [ RunTime:0.001561s ]
SQL: SHOW COLUMNS FROM `user` [ RunTime:0.0090s ]

[ 2015-12-02T15:56:19+08:00 ] ::1 /User/Login/loginStatus
INFO: [ app_begin ] --START--
INFO: Run Behavior\ReadHtmlCacheBehavior [ RunTime:0.000353s ]
INFO: [ app_begin ] --END-- [ RunTime:0.000670s ]
SQL: SHOW COLUMNS FROM `user` [ RunTime:0.0076s ]

[ 2015-12-02T15:56:21+08:00 ] ::1 /User/Login/loginStatus
INFO: [ app_begin ] --START--
INFO: Run Behavior\ReadHtmlCacheBehavior [ RunTime:0.000353s ]
INFO: [ app_begin ] --END-- [ RunTime:0.000673s ]
SQL: SHOW COLUMNS FROM `user` [ RunTime:0.0073s ]

[ 2015-12-02T16:30:55+08:00 ] ::1 /User/Login/loginStatus
INFO: [ app_begin ] --START--
INFO: Run Behavior\ReadHtmlCacheBehavior [ RunTime:0.000747s ]
INFO: [ app_begin ] --END-- [ RunTime:0.001253s ]
SQL: SHOW COLUMNS FROM `user` [ RunTime:0.0127s ]

[ 2015-12-02T16:30:56+08:00 ] ::1 /User/Login/loginStatus
INFO: [ app_begin ] --START--
INFO: Run Behavior\ReadHtmlCacheBehavior [ RunTime:0.000463s ]
INFO: [ app_begin ] --END-- [ RunTime:0.000818s ]
SQL: SHOW COLUMNS FROM `user` [ RunTime:0.0077s ]

[ 2015-12-02T16:30:58+08:00 ] ::1 /User/Login/loginStatus
INFO: [ app_begin ] --START--
INFO: Run Behavior\ReadHtmlCacheBehavior [ RunTime:0.000477s ]
INFO: [ app_begin ] --END-- [ RunTime:0.000830s ]
SQL: SHOW COLUMNS FROM `user` [ RunTime:0.0074s ]

[ 2015-12-02T16:30:59+08:00 ] ::1 /User/Login/loginStatus
INFO: [ app_begin ] --START--
INFO: Run Behavior\ReadHtmlCacheBehavior [ RunTime:0.000465s ]
INFO: [ app_begin ] --END-- [ RunTime:0.000815s ]
SQL: SHOW COLUMNS FROM `user` [ RunTime:0.0080s ]

[ 2015-12-02T16:31:00+08:00 ] ::1 /User/Login/loginStatus
INFO: [ app_begin ] --START--
INFO: Run Behavior\ReadHtmlCacheBehavior [ RunTime:0.000498s ]
INFO: [ app_begin ] --END-- [ RunTime:0.000853s ]
SQL: SHOW COLUMNS FROM `user` [ RunTime:0.0072s ]

[ 2015-12-02T16:31:01+08:00 ] ::1 /User/Login/loginStatus
INFO: [ app_begin ] --START--
INFO: Run Behavior\ReadHtmlCacheBehavior [ RunTime:0.000355s ]
INFO: [ app_begin ] --END-- [ RunTime:0.000674s ]
SQL: SHOW COLUMNS FROM `user` [ RunTime:0.0071s ]

[ 2015-12-02T16:31:02+08:00 ] ::1 /User/Login/loginStatus
INFO: [ app_begin ] --START--
INFO: Run Behavior\ReadHtmlCacheBehavior [ RunTime:0.000363s ]
INFO: [ app_begin ] --END-- [ RunTime:0.000691s ]
SQL: SHOW COLUMNS FROM `user` [ RunTime:0.0069s ]

