[ 2015-11-18T16:15:56+08:00 ] 127.0.0.1 /testplayai/index.php/User/Index/index?name=tingyuge&password=123456
INFO: [ app_init ] --START--
INFO: Run Behavior\BuildLiteBehavior [ RunTime:0.000034s ]
INFO: [ app_init ] --END-- [ RunTime:0.000619s ]
INFO: [ app_begin ] --START--
INFO: Run Behavior\ReadHtmlCacheBehavior [ RunTime:0.000876s ]
INFO: [ app_begin ] --END-- [ RunTime:0.001003s ]
ERR: 无法加载控制器:Index

[ 2015-11-18T16:16:17+08:00 ] 127.0.0.1 /testplayai/index.php/User/Index/index?name=tingyuge&password=123456
INFO: [ app_init ] --START--
INFO: Run Behavior\BuildLiteBehavior [ RunTime:0.000029s ]
INFO: [ app_init ] --END-- [ RunTime:0.000610s ]
INFO: [ app_begin ] --START--
INFO: Run Behavior\ReadHtmlCacheBehavior [ RunTime:0.000886s ]
INFO: [ app_begin ] --END-- [ RunTime:0.001019s ]
ERR: 无法加载控制器:Index

[ 2015-11-18T16:16:50+08:00 ] 127.0.0.1 /testplayai/index.php/User/Index/index?name=tingyuge&password=123456
INFO: [ app_init ] --START--
INFO: Run Behavior\BuildLiteBehavior [ RunTime:0.000036s ]
INFO: [ app_init ] --END-- [ RunTime:0.000598s ]
INFO: [ app_begin ] --START--
INFO: Run Behavior\ReadHtmlCacheBehavior [ RunTime:0.000855s ]
INFO: [ app_begin ] --END-- [ RunTime:0.000976s ]
ERR: 无法加载数据库驱动: Think\Db\Driver\

[ 2015-11-18T16:17:39+08:00 ] 127.0.0.1 /testplayai/index.php/User/Index/index?name=tingyuge&password=123456
INFO: [ app_init ] --START--
INFO: Run Behavior\BuildLiteBehavior [ RunTime:0.000031s ]
INFO: [ app_init ] --END-- [ RunTime:0.000613s ]
INFO: [ app_begin ] --START--
INFO: Run Behavior\ReadHtmlCacheBehavior [ RunTime:0.000838s ]
INFO: [ app_begin ] --END-- [ RunTime:0.000958s ]
SQL: SHOW COLUMNS FROM `user` [ RunTime:0.0013s ]
INFO: [ app_end ] --START--
INFO: Run Behavior\ShowPageTraceBehavior [ RunTime:0.000865s ]
INFO: [ app_end ] --END-- [ RunTime:0.000942s ]

[ 2015-11-18T19:12:11+08:00 ] 127.0.0.1 /testplayai/index.php/User/Index/index?name=tingyuge&password=123456
INFO: [ app_init ] --START--
INFO: Run Behavior\BuildLiteBehavior [ RunTime:0.000032s ]
INFO: [ app_init ] --END-- [ RunTime:0.000573s ]
INFO: [ app_begin ] --START--
INFO: Run Behavior\ReadHtmlCacheBehavior [ RunTime:0.000774s ]
INFO: [ app_begin ] --END-- [ RunTime:0.000877s ]
SQL: SHOW COLUMNS FROM `user` [ RunTime:0.0013s ]
INFO: [ app_end ] --START--
INFO: Run Behavior\ShowPageTraceBehavior [ RunTime:0.001225s ]
INFO: [ app_end ] --END-- [ RunTime:0.001389s ]

[ 2015-11-18T19:12:25+08:00 ] 127.0.0.1 /testplayai/index.php/User/Login/register
INFO: [ app_init ] --START--
INFO: Run Behavior\BuildLiteBehavior [ RunTime:0.000030s ]
INFO: [ app_init ] --END-- [ RunTime:0.000581s ]
INFO: [ app_begin ] --START--
INFO: Run Behavior\ReadHtmlCacheBehavior [ RunTime:0.000846s ]
INFO: [ app_begin ] --END-- [ RunTime:0.000953s ]
SQL: SHOW COLUMNS FROM `user` [ RunTime:0.0012s ]
INFO: [ app_end ] --START--
INFO: Run Behavior\ShowPageTraceBehavior [ RunTime:0.001073s ]
INFO: [ app_end ] --END-- [ RunTime:0.001151s ]

[ 2015-11-18T19:13:15+08:00 ] 127.0.0.1 /testplayai/index.php/User/Login/register
INFO: [ app_init ] --START--
INFO: Run Behavior\BuildLiteBehavior [ RunTime:0.000041s ]
INFO: [ app_init ] --END-- [ RunTime:0.000727s ]
INFO: [ app_begin ] --START--
INFO: Run Behavior\ReadHtmlCacheBehavior [ RunTime:0.000896s ]
INFO: [ app_begin ] --END-- [ RunTime:0.001032s ]
SQL: SHOW COLUMNS FROM `user` [ RunTime:0.0014s ]
NOTIC: [2] strpos() expects parameter 1 to be string, array given /opt/lampp/htdocs/testplayai/ThinkPHP/Library/Think/Model.class.php 第 1325 行.

[ 2015-11-18T19:14:15+08:00 ] 127.0.0.1 /testplayai/index.php/User/Login/register
INFO: [ app_init ] --START--
INFO: Run Behavior\BuildLiteBehavior [ RunTime:0.000030s ]
INFO: [ app_init ] --END-- [ RunTime:0.000594s ]
INFO: [ app_begin ] --START--
INFO: Run Behavior\ReadHtmlCacheBehavior [ RunTime:0.000885s ]
INFO: [ app_begin ] --END-- [ RunTime:0.001023s ]
SQL: SHOW COLUMNS FROM `user` [ RunTime:0.0015s ]
NOTIC: [2] strpos() expects parameter 1 to be string, array given /opt/lampp/htdocs/testplayai/ThinkPHP/Library/Think/Model.class.php 第 1325 行.

[ 2015-11-18T19:14:46+08:00 ] 127.0.0.1 /testplayai/index.php/User/Login/register
INFO: [ app_init ] --START--
INFO: Run Behavior\BuildLiteBehavior [ RunTime:0.000028s ]
INFO: [ app_init ] --END-- [ RunTime:0.000561s ]
INFO: [ app_begin ] --START--
INFO: Run Behavior\ReadHtmlCacheBehavior [ RunTime:0.000847s ]
INFO: [ app_begin ] --END-- [ RunTime:0.000984s ]
SQL: SHOW COLUMNS FROM `user` [ RunTime:0.0013s ]
NOTIC: [2] strpos() expects parameter 1 to be string, array given /opt/lampp/htdocs/testplayai/ThinkPHP/Library/Think/Model.class.php 第 1325 行.

[ 2015-11-18T19:15:30+08:00 ] 127.0.0.1 /testplayai/index.php/User/Login/register
INFO: [ app_init ] --START--
INFO: Run Behavior\BuildLiteBehavior [ RunTime:0.000028s ]
INFO: [ app_init ] --END-- [ RunTime:0.000583s ]
INFO: [ app_begin ] --START--
INFO: Run Behavior\ReadHtmlCacheBehavior [ RunTime:0.000786s ]
INFO: [ app_begin ] --END-- [ RunTime:0.000902s ]
SQL: SHOW COLUMNS FROM `user` [ RunTime:0.0013s ]
NOTIC: [2] strpos() expects parameter 1 to be string, array given /opt/lampp/htdocs/testplayai/ThinkPHP/Library/Think/Model.class.php 第 1325 行.

[ 2015-11-18T19:16:26+08:00 ] 127.0.0.1 /testplayai/index.php/User/Login/register
INFO: [ app_init ] --START--
INFO: Run Behavior\BuildLiteBehavior [ RunTime:0.000028s ]
INFO: [ app_init ] --END-- [ RunTime:0.000558s ]
INFO: [ app_begin ] --START--
INFO: Run Behavior\ReadHtmlCacheBehavior [ RunTime:0.000754s ]
INFO: [ app_begin ] --END-- [ RunTime:0.000860s ]
SQL: SHOW COLUMNS FROM `user` [ RunTime:0.0013s ]
NOTIC: [2] strpos() expects parameter 1 to be string, array given /opt/lampp/htdocs/testplayai/ThinkPHP/Library/Think/Model.class.php 第 1325 行.

[ 2015-11-18T19:18:16+08:00 ] 127.0.0.1 /testplayai/index.php/User/Login/register
INFO: [ app_init ] --START--
INFO: Run Behavior\BuildLiteBehavior [ RunTime:0.000039s ]
INFO: [ app_init ] --END-- [ RunTime:0.000718s ]
INFO: [ app_begin ] --START--
INFO: Run Behavior\ReadHtmlCacheBehavior [ RunTime:0.000979s ]
INFO: [ app_begin ] --END-- [ RunTime:0.001118s ]
SQL: SHOW COLUMNS FROM `user` [ RunTime:0.0014s ]
NOTIC: [2] strpos() expects parameter 1 to be string, array given /opt/lampp/htdocs/testplayai/ThinkPHP/Library/Think/Model.class.php 第 1325 行.

[ 2015-11-18T19:19:47+08:00 ] 127.0.0.1 /testplayai/index.php/User/Login/register
INFO: [ app_init ] --START--
INFO: Run Behavior\BuildLiteBehavior [ RunTime:0.000034s ]
INFO: [ app_init ] --END-- [ RunTime:0.000632s ]
INFO: [ app_begin ] --START--
INFO: Run Behavior\ReadHtmlCacheBehavior [ RunTime:0.000890s ]
INFO: [ app_begin ] --END-- [ RunTime:0.001012s ]
SQL: SHOW COLUMNS FROM `user` [ RunTime:0.0015s ]
NOTIC: [2] strpos() expects parameter 1 to be string, array given /opt/lampp/htdocs/testplayai/ThinkPHP/Library/Think/Model.class.php 第 1325 行.

[ 2015-11-18T19:53:18+08:00 ] 127.0.0.1 /testplayai/index.php/User/Login/login
ERR: 参数错误或者未定义:email

[ 2015-11-18T19:53:59+08:00 ] 127.0.0.1 /testplayai/index.php/User/Login/login?email=1364140672@qq.com
ERR: 参数错误或者未定义:password

[ 2015-11-18T19:54:27+08:00 ] 127.0.0.1 /testplayai/index.php/User/Login/login
ERR: 参数错误或者未定义:password

[ 2015-11-18T19:54:47+08:00 ] 127.0.0.1 /testplayai/index.php/User/Login/login
ERR: Think\Model:checkPassword方法不存在！

[ 2015-11-18T20:08:42+08:00 ] 127.0.0.1 /testplayai/index.php/User/Login/login
ERR: 参数错误或者未定义:email

