[ 2015-12-03T19:53:33+08:00 ] ::1 /User/Login/loginStatus
INFO: [ app_begin ] --START--
INFO: Run Behavior\ReadHtmlCacheBehavior [ RunTime:0.000353s ]
INFO: [ app_begin ] --END-- [ RunTime:0.000670s ]
SQL: SHOW COLUMNS FROM `user` [ RunTime:0.0090s ]

[ 2015-12-03T19:53:37+08:00 ] ::1 /User/Login/loginStatus
INFO: [ app_begin ] --START--
INFO: Run Behavior\ReadHtmlCacheBehavior [ RunTime:0.001199s ]
INFO: [ app_begin ] --END-- [ RunTime:0.002040s ]
SQL: SHOW COLUMNS FROM `user` [ RunTime:0.0092s ]

[ 2015-12-03T19:53:38+08:00 ] ::1 /User/Login/loginStatus
INFO: [ app_begin ] --START--
INFO: Run Behavior\ReadHtmlCacheBehavior [ RunTime:0.001138s ]
INFO: [ app_begin ] --END-- [ RunTime:0.001506s ]
SQL: SHOW COLUMNS FROM `user` [ RunTime:0.0073s ]

[ 2015-12-03T19:54:43+08:00 ] ::1 /User/Login/loginStatus
INFO: [ app_begin ] --START--
INFO: Run Behavior\ReadHtmlCacheBehavior [ RunTime:0.000431s ]
INFO: [ app_begin ] --END-- [ RunTime:0.000913s ]
SQL: SHOW COLUMNS FROM `user` [ RunTime:0.0100s ]

[ 2015-12-03T19:55:43+08:00 ] ::1 /User/Login/loginStatus
INFO: [ app_begin ] --START--
INFO: Run Behavior\ReadHtmlCacheBehavior [ RunTime:0.000715s ]
INFO: [ app_begin ] --END-- [ RunTime:0.001215s ]
SQL: SHOW COLUMNS FROM `user` [ RunTime:0.0081s ]

[ 2015-12-03T19:57:09+08:00 ] ::1 /User/Login/loginStatus
INFO: [ app_begin ] --START--
INFO: Run Behavior\ReadHtmlCacheBehavior [ RunTime:0.000525s ]
INFO: [ app_begin ] --END-- [ RunTime:0.001007s ]
SQL: SHOW COLUMNS FROM `user` [ RunTime:0.0086s ]

[ 2015-12-03T19:57:20+08:00 ] ::1 /User/Login/loginStatus
INFO: [ app_begin ] --START--
INFO: Run Behavior\ReadHtmlCacheBehavior [ RunTime:0.000520s ]
INFO: [ app_begin ] --END-- [ RunTime:0.001051s ]
SQL: SHOW COLUMNS FROM `user` [ RunTime:0.0130s ]

[ 2015-12-03T19:59:10+08:00 ] ::1 /User/Login/loginStatus
INFO: [ app_begin ] --START--
INFO: Run Behavior\ReadHtmlCacheBehavior [ RunTime:0.000480s ]
INFO: [ app_begin ] --END-- [ RunTime:0.000797s ]
SQL: SHOW COLUMNS FROM `user` [ RunTime:0.0088s ]

[ 2015-12-03T20:03:56+08:00 ] ::1 /User/Login/loginStatus
INFO: [ app_begin ] --START--
INFO: Run Behavior\ReadHtmlCacheBehavior [ RunTime:0.000515s ]
INFO: [ app_begin ] --END-- [ RunTime:0.000998s ]
SQL: SHOW COLUMNS FROM `user` [ RunTime:0.0086s ]

[ 2015-12-03T20:05:40+08:00 ] ::1 /User/Login/loginStatus
INFO: [ app_begin ] --START--
INFO: Run Behavior\ReadHtmlCacheBehavior [ RunTime:0.000412s ]
INFO: [ app_begin ] --END-- [ RunTime:0.000868s ]
SQL: SHOW COLUMNS FROM `user` [ RunTime:0.0084s ]

[ 2015-12-03T20:05:49+08:00 ] ::1 /User/Login/loginStatus
INFO: [ app_begin ] --START--
INFO: Run Behavior\ReadHtmlCacheBehavior [ RunTime:0.000531s ]
INFO: [ app_begin ] --END-- [ RunTime:0.000860s ]
SQL: SHOW COLUMNS FROM `user` [ RunTime:0.0084s ]

[ 2015-12-03T20:14:48+08:00 ] ::1 /User/Login/loginStatus
INFO: [ app_begin ] --START--
INFO: Run Behavior\ReadHtmlCacheBehavior [ RunTime:0.000723s ]
INFO: [ app_begin ] --END-- [ RunTime:0.001345s ]
SQL: SHOW COLUMNS FROM `user` [ RunTime:0.0945s ]

[ 2015-12-03T20:16:45+08:00 ] ::1 /User/Login/loginStatus
INFO: [ app_begin ] --START--
INFO: Run Behavior\ReadHtmlCacheBehavior [ RunTime:0.000549s ]
INFO: [ app_begin ] --END-- [ RunTime:0.001032s ]
SQL: SHOW COLUMNS FROM `user` [ RunTime:0.0102s ]

[ 2015-12-03T20:20:25+08:00 ] ::1 /User/Login/loginStatus
INFO: [ app_begin ] --START--
INFO: Run Behavior\ReadHtmlCacheBehavior [ RunTime:0.000748s ]
INFO: [ app_begin ] --END-- [ RunTime:0.001418s ]
SQL: SHOW COLUMNS FROM `user` [ RunTime:0.0085s ]

[ 2015-12-03T20:21:11+08:00 ] ::1 /User/Login/loginStatus
INFO: [ app_begin ] --START--
INFO: Run Behavior\ReadHtmlCacheBehavior [ RunTime:0.000891s ]
INFO: [ app_begin ] --END-- [ RunTime:0.001463s ]
SQL: SHOW COLUMNS FROM `user` [ RunTime:0.0141s ]

[ 2015-12-03T21:13:44+08:00 ] ::1 /User/Login/loginStatus
INFO: [ app_begin ] --START--
INFO: Run Behavior\ReadHtmlCacheBehavior [ RunTime:0.000512s ]
INFO: [ app_begin ] --END-- [ RunTime:0.000885s ]
SQL: SHOW COLUMNS FROM `user` [ RunTime:0.0088s ]

[ 2015-12-03T21:16:20+08:00 ] ::1 /User/Login/loginStatus
INFO: [ app_begin ] --START--
INFO: Run Behavior\ReadHtmlCacheBehavior [ RunTime:0.000496s ]
INFO: [ app_begin ] --END-- [ RunTime:0.000858s ]
SQL: SHOW COLUMNS FROM `user` [ RunTime:0.3561s ]

[ 2015-12-03T21:17:00+08:00 ] ::1 /User/Login/loginStatus
INFO: [ app_begin ] --START--
INFO: Run Behavior\ReadHtmlCacheBehavior [ RunTime:0.000822s ]
INFO: [ app_begin ] --END-- [ RunTime:0.001347s ]
SQL: SHOW COLUMNS FROM `user` [ RunTime:0.0074s ]

[ 2015-12-03T21:17:41+08:00 ] ::1 /User/Login/loginStatus
INFO: [ app_begin ] --START--
INFO: Run Behavior\ReadHtmlCacheBehavior [ RunTime:0.000479s ]
INFO: [ app_begin ] --END-- [ RunTime:0.000795s ]
SQL: SHOW COLUMNS FROM `user` [ RunTime:0.0097s ]

[ 2015-12-03T21:17:50+08:00 ] ::1 /User/Login/loginStatus
INFO: [ app_begin ] --START--
INFO: Run Behavior\ReadHtmlCacheBehavior [ RunTime:0.000521s ]
INFO: [ app_begin ] --END-- [ RunTime:0.000984s ]
SQL: SHOW COLUMNS FROM `user` [ RunTime:0.0092s ]

[ 2015-12-03T21:18:31+08:00 ] ::1 /User/Login/loginStatus
INFO: [ app_begin ] --START--
INFO: Run Behavior\ReadHtmlCacheBehavior [ RunTime:0.000505s ]
INFO: [ app_begin ] --END-- [ RunTime:0.000825s ]
SQL: SHOW COLUMNS FROM `user` [ RunTime:0.0078s ]

[ 2015-12-03T21:19:42+08:00 ] ::1 /User/Login/loginStatus
INFO: [ app_begin ] --START--
INFO: Run Behavior\ReadHtmlCacheBehavior [ RunTime:0.000599s ]
INFO: [ app_begin ] --END-- [ RunTime:0.001016s ]
SQL: SHOW COLUMNS FROM `user` [ RunTime:0.0096s ]

[ 2015-12-03T21:19:45+08:00 ] ::1 /User/Login/loginStatus
INFO: [ app_begin ] --START--
INFO: Run Behavior\ReadHtmlCacheBehavior [ RunTime:0.000393s ]
INFO: [ app_begin ] --END-- [ RunTime:0.000787s ]
SQL: SHOW COLUMNS FROM `user` [ RunTime:0.0085s ]

[ 2015-12-03T21:20:31+08:00 ] ::1 /User/Login/loginStatus
INFO: [ app_begin ] --START--
INFO: Run Behavior\ReadHtmlCacheBehavior [ RunTime:0.000360s ]
INFO: [ app_begin ] --END-- [ RunTime:0.000720s ]
SQL: SHOW COLUMNS FROM `user` [ RunTime:0.0086s ]

[ 2015-12-03T21:20:33+08:00 ] ::1 /User/Login/loginStatus
INFO: [ app_begin ] --START--
INFO: Run Behavior\ReadHtmlCacheBehavior [ RunTime:0.000639s ]
INFO: [ app_begin ] --END-- [ RunTime:0.001121s ]
SQL: SHOW COLUMNS FROM `user` [ RunTime:0.0092s ]

[ 2015-12-03T21:20:41+08:00 ] ::1 /User/Login/loginStatus
INFO: [ app_begin ] --START--
INFO: Run Behavior\ReadHtmlCacheBehavior [ RunTime:0.000532s ]
INFO: [ app_begin ] --END-- [ RunTime:0.001049s ]
SQL: SHOW COLUMNS FROM `user` [ RunTime:0.0082s ]

[ 2015-12-03T21:55:05+08:00 ] ::1 /User/Login/loginStatus
INFO: [ app_begin ] --START--
INFO: Run Behavior\ReadHtmlCacheBehavior [ RunTime:0.002164s ]
INFO: [ app_begin ] --END-- [ RunTime:0.002777s ]
SQL: SHOW COLUMNS FROM `user` [ RunTime:0.0088s ]

[ 2015-12-03T21:55:21+08:00 ] ::1 /User/Login/loginStatus
INFO: [ app_begin ] --START--
INFO: Run Behavior\ReadHtmlCacheBehavior [ RunTime:0.000518s ]
INFO: [ app_begin ] --END-- [ RunTime:0.000954s ]
SQL: SHOW COLUMNS FROM `user` [ RunTime:0.0079s ]

[ 2015-12-03T21:55:31+08:00 ] ::1 /User/Login/loginStatus
INFO: [ app_begin ] --START--
INFO: Run Behavior\ReadHtmlCacheBehavior [ RunTime:0.000368s ]
INFO: [ app_begin ] --END-- [ RunTime:0.000706s ]
SQL: SHOW COLUMNS FROM `user` [ RunTime:0.0091s ]

[ 2015-12-03T21:55:32+08:00 ] ::1 /User/Login/loginStatus
INFO: [ app_begin ] --START--
INFO: Run Behavior\ReadHtmlCacheBehavior [ RunTime:0.000662s ]
INFO: [ app_begin ] --END-- [ RunTime:0.001183s ]
SQL: SHOW COLUMNS FROM `user` [ RunTime:0.0136s ]

[ 2015-12-03T21:55:34+08:00 ] ::1 /User/Login/loginStatus
INFO: [ app_begin ] --START--
INFO: Run Behavior\ReadHtmlCacheBehavior [ RunTime:0.000508s ]
INFO: [ app_begin ] --END-- [ RunTime:0.000974s ]
SQL: SHOW COLUMNS FROM `user` [ RunTime:0.0084s ]

[ 2015-12-03T21:55:37+08:00 ] ::1 /User/Login/loginStatus
INFO: [ app_begin ] --START--
INFO: Run Behavior\ReadHtmlCacheBehavior [ RunTime:0.000407s ]
INFO: [ app_begin ] --END-- [ RunTime:0.000830s ]
SQL: SHOW COLUMNS FROM `user` [ RunTime:0.0071s ]

[ 2015-12-03T21:55:39+08:00 ] ::1 /User/Login/loginStatus
INFO: [ app_begin ] --START--
INFO: Run Behavior\ReadHtmlCacheBehavior [ RunTime:0.000665s ]
INFO: [ app_begin ] --END-- [ RunTime:0.001312s ]
SQL: SHOW COLUMNS FROM `user` [ RunTime:0.0081s ]

[ 2015-12-03T21:58:43+08:00 ] ::1 /User/Login/loginStatus
INFO: [ app_begin ] --START--
INFO: Run Behavior\ReadHtmlCacheBehavior [ RunTime:0.000973s ]
INFO: [ app_begin ] --END-- [ RunTime:0.001445s ]
SQL: SHOW COLUMNS FROM `user` [ RunTime:0.0078s ]

[ 2015-12-03T21:59:30+08:00 ] ::1 /User/Login/loginStatus
INFO: [ app_begin ] --START--
INFO: Run Behavior\ReadHtmlCacheBehavior [ RunTime:0.000495s ]
INFO: [ app_begin ] --END-- [ RunTime:0.000808s ]
SQL: SHOW COLUMNS FROM `user` [ RunTime:0.0080s ]

[ 2015-12-03T21:59:59+08:00 ] ::1 /User/Login/loginStatus
INFO: [ app_begin ] --START--
INFO: Run Behavior\ReadHtmlCacheBehavior [ RunTime:0.000544s ]
INFO: [ app_begin ] --END-- [ RunTime:0.001040s ]
SQL: SHOW COLUMNS FROM `user` [ RunTime:0.0125s ]

[ 2015-12-03T22:00:27+08:00 ] ::1 /User/Login/loginStatus
INFO: [ app_begin ] --START--
INFO: Run Behavior\ReadHtmlCacheBehavior [ RunTime:0.000559s ]
INFO: [ app_begin ] --END-- [ RunTime:0.001068s ]
SQL: SHOW COLUMNS FROM `user` [ RunTime:0.0157s ]

[ 2015-12-03T22:01:03+08:00 ] ::1 /User/Login/loginStatus
INFO: [ app_begin ] --START--
INFO: Run Behavior\ReadHtmlCacheBehavior [ RunTime:0.000635s ]
INFO: [ app_begin ] --END-- [ RunTime:0.001491s ]
SQL: SHOW COLUMNS FROM `user` [ RunTime:0.0099s ]

[ 2015-12-03T22:01:54+08:00 ] ::1 /User/Login/loginStatus
INFO: [ app_begin ] --START--
INFO: Run Behavior\ReadHtmlCacheBehavior [ RunTime:0.000487s ]
INFO: [ app_begin ] --END-- [ RunTime:0.000934s ]
SQL: SHOW COLUMNS FROM `user` [ RunTime:0.0082s ]

[ 2015-12-03T22:02:13+08:00 ] ::1 /User/Login/loginStatus
INFO: [ app_begin ] --START--
INFO: Run Behavior\ReadHtmlCacheBehavior [ RunTime:0.000670s ]
INFO: [ app_begin ] --END-- [ RunTime:0.001151s ]
SQL: SHOW COLUMNS FROM `user` [ RunTime:0.0093s ]

[ 2015-12-03T22:04:57+08:00 ] ::1 /User/Login/loginStatus
INFO: [ app_begin ] --START--
INFO: Run Behavior\ReadHtmlCacheBehavior [ RunTime:0.000712s ]
INFO: [ app_begin ] --END-- [ RunTime:0.001289s ]
SQL: SHOW COLUMNS FROM `user` [ RunTime:0.0106s ]

[ 2015-12-03T22:09:55+08:00 ] ::1 /User/Login/loginStatus
INFO: [ app_begin ] --START--
INFO: Run Behavior\ReadHtmlCacheBehavior [ RunTime:0.000700s ]
INFO: [ app_begin ] --END-- [ RunTime:0.001245s ]
SQL: SHOW COLUMNS FROM `user` [ RunTime:0.0148s ]

[ 2015-12-03T22:10:36+08:00 ] ::1 /User/Login/loginStatus
INFO: [ app_begin ] --START--
INFO: Run Behavior\ReadHtmlCacheBehavior [ RunTime:0.000484s ]
INFO: [ app_begin ] --END-- [ RunTime:0.000825s ]
SQL: SHOW COLUMNS FROM `user` [ RunTime:0.0118s ]

[ 2015-12-03T22:12:38+08:00 ] ::1 /User/Login/loginStatus
INFO: [ app_begin ] --START--
INFO: Run Behavior\ReadHtmlCacheBehavior [ RunTime:0.000647s ]
INFO: [ app_begin ] --END-- [ RunTime:0.001094s ]
SQL: SHOW COLUMNS FROM `user` [ RunTime:0.0102s ]

[ 2015-12-03T22:12:49+08:00 ] ::1 /User/Login/loginStatus
INFO: [ app_begin ] --START--
INFO: Run Behavior\ReadHtmlCacheBehavior [ RunTime:0.000526s ]
INFO: [ app_begin ] --END-- [ RunTime:0.001000s ]
SQL: SHOW COLUMNS FROM `user` [ RunTime:0.0074s ]

[ 2015-12-03T22:13:13+08:00 ] ::1 /User/Login/loginStatus
INFO: [ app_begin ] --START--
INFO: Run Behavior\ReadHtmlCacheBehavior [ RunTime:0.000387s ]
INFO: [ app_begin ] --END-- [ RunTime:0.000745s ]
SQL: SHOW COLUMNS FROM `user` [ RunTime:0.0076s ]

[ 2015-12-03T22:13:34+08:00 ] ::1 /User/Login/loginStatus
INFO: [ app_begin ] --START--
INFO: Run Behavior\ReadHtmlCacheBehavior [ RunTime:0.000553s ]
INFO: [ app_begin ] --END-- [ RunTime:0.000988s ]
SQL: SHOW COLUMNS FROM `user` [ RunTime:0.0089s ]

[ 2015-12-03T22:13:59+08:00 ] ::1 /User/Login/loginStatus
INFO: [ app_begin ] --START--
INFO: Run Behavior\ReadHtmlCacheBehavior [ RunTime:0.000544s ]
INFO: [ app_begin ] --END-- [ RunTime:0.001049s ]
SQL: SHOW COLUMNS FROM `user` [ RunTime:0.0121s ]

[ 2015-12-03T22:14:41+08:00 ] ::1 /User/Login/loginStatus
INFO: [ app_begin ] --START--
INFO: Run Behavior\ReadHtmlCacheBehavior [ RunTime:0.000363s ]
INFO: [ app_begin ] --END-- [ RunTime:0.000703s ]
SQL: SHOW COLUMNS FROM `user` [ RunTime:0.0094s ]

[ 2015-12-03T22:15:06+08:00 ] ::1 /User/Login/loginStatus
INFO: [ app_begin ] --START--
INFO: Run Behavior\ReadHtmlCacheBehavior [ RunTime:0.000709s ]
INFO: [ app_begin ] --END-- [ RunTime:0.001191s ]
SQL: SHOW COLUMNS FROM `user` [ RunTime:0.0129s ]

[ 2015-12-03T22:15:30+08:00 ] ::1 /User/Login/loginStatus
INFO: [ app_begin ] --START--
INFO: Run Behavior\ReadHtmlCacheBehavior [ RunTime:0.000561s ]
INFO: [ app_begin ] --END-- [ RunTime:0.001063s ]
SQL: SHOW COLUMNS FROM `user` [ RunTime:0.0152s ]

[ 2015-12-03T22:16:54+08:00 ] ::1 /User/Login/loginStatus
INFO: [ app_begin ] --START--
INFO: Run Behavior\ReadHtmlCacheBehavior [ RunTime:0.000909s ]
INFO: [ app_begin ] --END-- [ RunTime:0.001431s ]
SQL: SHOW COLUMNS FROM `user` [ RunTime:0.0111s ]

[ 2015-12-03T22:17:03+08:00 ] ::1 /User/Login/loginStatus
INFO: [ app_begin ] --START--
INFO: Run Behavior\ReadHtmlCacheBehavior [ RunTime:0.000801s ]
INFO: [ app_begin ] --END-- [ RunTime:0.001634s ]
SQL: SHOW COLUMNS FROM `user` [ RunTime:0.0115s ]

[ 2015-12-03T22:18:30+08:00 ] ::1 /User/Login/loginStatus
INFO: [ app_begin ] --START--
INFO: Run Behavior\ReadHtmlCacheBehavior [ RunTime:0.000725s ]
INFO: [ app_begin ] --END-- [ RunTime:0.001213s ]
SQL: SHOW COLUMNS FROM `user` [ RunTime:0.0081s ]

[ 2015-12-03T22:19:01+08:00 ] ::1 /User/Login/loginStatus
INFO: [ app_begin ] --START--
INFO: Run Behavior\ReadHtmlCacheBehavior [ RunTime:0.000534s ]
INFO: [ app_begin ] --END-- [ RunTime:0.001008s ]
SQL: SHOW COLUMNS FROM `user` [ RunTime:0.0075s ]

[ 2015-12-03T22:21:18+08:00 ] ::1 /User/Login/loginStatus
INFO: [ app_begin ] --START--
INFO: Run Behavior\ReadHtmlCacheBehavior [ RunTime:0.000496s ]
INFO: [ app_begin ] --END-- [ RunTime:0.000831s ]
SQL: SHOW COLUMNS FROM `user` [ RunTime:0.0083s ]

[ 2015-12-03T22:25:25+08:00 ] ::1 /User/Login/loginStatus
INFO: [ app_begin ] --START--
INFO: Run Behavior\ReadHtmlCacheBehavior [ RunTime:0.000733s ]
INFO: [ app_begin ] --END-- [ RunTime:0.001299s ]
SQL: SHOW COLUMNS FROM `user` [ RunTime:0.0109s ]

[ 2015-12-03T22:25:56+08:00 ] ::1 /User/Login/loginStatus
INFO: [ app_begin ] --START--
INFO: Run Behavior\ReadHtmlCacheBehavior [ RunTime:0.000720s ]
INFO: [ app_begin ] --END-- [ RunTime:0.001199s ]
SQL: SHOW COLUMNS FROM `user` [ RunTime:0.0085s ]

[ 2015-12-03T22:26:31+08:00 ] ::1 /User/Login/loginStatus
INFO: [ app_begin ] --START--
INFO: Run Behavior\ReadHtmlCacheBehavior [ RunTime:0.000593s ]
INFO: [ app_begin ] --END-- [ RunTime:0.001141s ]
SQL: SHOW COLUMNS FROM `user` [ RunTime:0.0125s ]

[ 2015-12-03T22:26:59+08:00 ] ::1 /User/Login/loginStatus
INFO: [ app_begin ] --START--
INFO: Run Behavior\ReadHtmlCacheBehavior [ RunTime:0.000543s ]
INFO: [ app_begin ] --END-- [ RunTime:0.001172s ]
SQL: SHOW COLUMNS FROM `user` [ RunTime:0.0080s ]

[ 2015-12-03T22:27:36+08:00 ] ::1 /User/Login/loginStatus
INFO: [ app_begin ] --START--
INFO: Run Behavior\ReadHtmlCacheBehavior [ RunTime:0.000369s ]
INFO: [ app_begin ] --END-- [ RunTime:0.000689s ]
SQL: SHOW COLUMNS FROM `user` [ RunTime:0.0086s ]

[ 2015-12-03T22:27:59+08:00 ] ::1 /User/Login/loginStatus
INFO: [ app_begin ] --START--
INFO: Run Behavior\ReadHtmlCacheBehavior [ RunTime:0.000370s ]
INFO: [ app_begin ] --END-- [ RunTime:0.000687s ]
SQL: SHOW COLUMNS FROM `user` [ RunTime:0.0075s ]

[ 2015-12-03T22:29:23+08:00 ] ::1 /User/Login/loginStatus
INFO: [ app_begin ] --START--
INFO: Run Behavior\ReadHtmlCacheBehavior [ RunTime:0.000500s ]
INFO: [ app_begin ] --END-- [ RunTime:0.000824s ]
SQL: SHOW COLUMNS FROM `user` [ RunTime:0.0083s ]

[ 2015-12-03T22:29:33+08:00 ] ::1 /User/Login/loginStatus
INFO: [ app_begin ] --START--
INFO: Run Behavior\ReadHtmlCacheBehavior [ RunTime:0.000571s ]
INFO: [ app_begin ] --END-- [ RunTime:0.001089s ]
SQL: SHOW COLUMNS FROM `user` [ RunTime:0.0073s ]

[ 2015-12-03T22:29:55+08:00 ] ::1 /User/Login/loginStatus
INFO: [ app_begin ] --START--
INFO: Run Behavior\ReadHtmlCacheBehavior [ RunTime:0.000694s ]
INFO: [ app_begin ] --END-- [ RunTime:0.001184s ]
SQL: SHOW COLUMNS FROM `user` [ RunTime:0.0077s ]

[ 2015-12-03T22:30:55+08:00 ] ::1 /User/Login/loginStatus
INFO: [ app_begin ] --START--
INFO: Run Behavior\ReadHtmlCacheBehavior [ RunTime:0.000357s ]
INFO: [ app_begin ] --END-- [ RunTime:0.000673s ]
SQL: SHOW COLUMNS FROM `user` [ RunTime:0.0079s ]

[ 2015-12-03T22:32:33+08:00 ] ::1 /User/Login/loginStatus
INFO: [ app_begin ] --START--
INFO: Run Behavior\ReadHtmlCacheBehavior [ RunTime:0.000609s ]
INFO: [ app_begin ] --END-- [ RunTime:0.000961s ]
SQL: SHOW COLUMNS FROM `user` [ RunTime:0.0086s ]

[ 2015-12-03T23:08:38+08:00 ] ::1 /User/Login/loginStatus
INFO: [ app_begin ] --START--
INFO: Run Behavior\ReadHtmlCacheBehavior [ RunTime:0.000700s ]
INFO: [ app_begin ] --END-- [ RunTime:0.001197s ]
SQL: SHOW COLUMNS FROM `user` [ RunTime:0.0101s ]

[ 2015-12-03T23:08:59+08:00 ] ::1 /User/Login/loginStatus
INFO: [ app_begin ] --START--
INFO: Run Behavior\ReadHtmlCacheBehavior [ RunTime:0.000373s ]
INFO: [ app_begin ] --END-- [ RunTime:0.000705s ]
SQL: SHOW COLUMNS FROM `user` [ RunTime:0.0078s ]

[ 2015-12-03T23:09:02+08:00 ] ::1 /User/Login/loginStatus
INFO: [ app_begin ] --START--
INFO: Run Behavior\ReadHtmlCacheBehavior [ RunTime:0.000715s ]
INFO: [ app_begin ] --END-- [ RunTime:0.001288s ]
SQL: SHOW COLUMNS FROM `user` [ RunTime:0.0082s ]

[ 2015-12-03T23:16:21+08:00 ] ::1 /User/Login/loginStatus
INFO: [ app_begin ] --START--
INFO: Run Behavior\ReadHtmlCacheBehavior [ RunTime:0.000686s ]
INFO: [ app_begin ] --END-- [ RunTime:0.001178s ]
SQL: SHOW COLUMNS FROM `user` [ RunTime:0.0081s ]

[ 2015-12-03T23:17:37+08:00 ] ::1 /User/Login/loginStatus
INFO: [ app_begin ] --START--
INFO: Run Behavior\ReadHtmlCacheBehavior [ RunTime:0.000715s ]
INFO: [ app_begin ] --END-- [ RunTime:0.001225s ]
SQL: SHOW COLUMNS FROM `user` [ RunTime:0.1020s ]

[ 2015-12-03T23:17:39+08:00 ] ::1 /User/Login/loginStatus
INFO: [ app_begin ] --START--
INFO: Run Behavior\ReadHtmlCacheBehavior [ RunTime:0.000512s ]
INFO: [ app_begin ] --END-- [ RunTime:0.000884s ]
SQL: SHOW COLUMNS FROM `user` [ RunTime:0.0087s ]

[ 2015-12-03T23:18:09+08:00 ] ::1 /User/Login/loginStatus
INFO: [ app_begin ] --START--
INFO: Run Behavior\ReadHtmlCacheBehavior [ RunTime:0.000524s ]
INFO: [ app_begin ] --END-- [ RunTime:0.001014s ]
SQL: SHOW COLUMNS FROM `user` [ RunTime:0.0120s ]

[ 2015-12-03T23:18:35+08:00 ] ::1 /User/Login/loginStatus
INFO: [ app_begin ] --START--
INFO: Run Behavior\ReadHtmlCacheBehavior [ RunTime:0.000377s ]
INFO: [ app_begin ] --END-- [ RunTime:0.000739s ]
SQL: SHOW COLUMNS FROM `user` [ RunTime:0.0072s ]

[ 2015-12-03T23:19:46+08:00 ] ::1 /User/Login/loginStatus
INFO: [ app_begin ] --START--
INFO: Run Behavior\ReadHtmlCacheBehavior [ RunTime:0.000493s ]
INFO: [ app_begin ] --END-- [ RunTime:0.000808s ]
SQL: SHOW COLUMNS FROM `user` [ RunTime:0.0082s ]

[ 2015-12-03T23:20:04+08:00 ] ::1 /User/Login/loginStatus
INFO: [ app_begin ] --START--
INFO: Run Behavior\ReadHtmlCacheBehavior [ RunTime:0.000690s ]
INFO: [ app_begin ] --END-- [ RunTime:0.001142s ]
SQL: SHOW COLUMNS FROM `user` [ RunTime:0.0076s ]

[ 2015-12-03T23:20:44+08:00 ] ::1 /User/Login/loginStatus
INFO: [ app_begin ] --START--
INFO: Run Behavior\ReadHtmlCacheBehavior [ RunTime:0.000517s ]
INFO: [ app_begin ] --END-- [ RunTime:0.000890s ]
SQL: SHOW COLUMNS FROM `user` [ RunTime:0.0071s ]

[ 2015-12-03T23:20:52+08:00 ] ::1 /User/Login/loginStatus
INFO: [ app_begin ] --START--
INFO: Run Behavior\ReadHtmlCacheBehavior [ RunTime:0.000597s ]
INFO: [ app_begin ] --END-- [ RunTime:0.001083s ]
SQL: SHOW COLUMNS FROM `user` [ RunTime:0.0088s ]

[ 2015-12-03T23:22:14+08:00 ] ::1 /User/Login/loginStatus
INFO: [ app_begin ] --START--
INFO: Run Behavior\ReadHtmlCacheBehavior [ RunTime:0.000596s ]
INFO: [ app_begin ] --END-- [ RunTime:0.001142s ]
SQL: SHOW COLUMNS FROM `user` [ RunTime:0.0089s ]

[ 2015-12-03T23:23:24+08:00 ] ::1 /User/Login/loginStatus
INFO: [ app_begin ] --START--
INFO: Run Behavior\ReadHtmlCacheBehavior [ RunTime:0.000378s ]
INFO: [ app_begin ] --END-- [ RunTime:0.000696s ]
SQL: SHOW COLUMNS FROM `user` [ RunTime:0.0081s ]

[ 2015-12-03T23:23:40+08:00 ] ::1 /User/Login/loginStatus
INFO: [ app_begin ] --START--
INFO: Run Behavior\ReadHtmlCacheBehavior [ RunTime:0.000479s ]
INFO: [ app_begin ] --END-- [ RunTime:0.000808s ]
SQL: SHOW COLUMNS FROM `user` [ RunTime:0.0079s ]

[ 2015-12-03T23:56:32+08:00 ] ::1 /User/Login/loginStatus
INFO: [ app_begin ] --START--
INFO: Run Behavior\ReadHtmlCacheBehavior [ RunTime:0.000466s ]
INFO: [ app_begin ] --END-- [ RunTime:0.000817s ]
SQL: SHOW COLUMNS FROM `user` [ RunTime:0.0080s ]

[ 2015-12-03T23:56:34+08:00 ] ::1 /User/Login/loginStatus
INFO: [ app_begin ] --START--
INFO: Run Behavior\ReadHtmlCacheBehavior [ RunTime:0.000478s ]
INFO: [ app_begin ] --END-- [ RunTime:0.000871s ]
SQL: SHOW COLUMNS FROM `user` [ RunTime:0.0076s ]

[ 2015-12-03T23:56:43+08:00 ] ::1 /User/Login/login
INFO: [ app_begin ] --START--
INFO: Run Behavior\ReadHtmlCacheBehavior [ RunTime:0.000383s ]
INFO: [ app_begin ] --END-- [ RunTime:0.000746s ]
SQL: SHOW COLUMNS FROM `user` [ RunTime:0.0115s ]
SQL: SELECT * FROM `user` WHERE `email` = '1364140672@qq.com' LIMIT 1   [ RunTime:0.0003s ]

[ 2015-12-03T23:56:45+08:00 ] ::1 /User/Login/loginStatus
INFO: [ app_begin ] --START--
INFO: Run Behavior\ReadHtmlCacheBehavior [ RunTime:0.000716s ]
INFO: [ app_begin ] --END-- [ RunTime:0.001274s ]
SQL: SHOW COLUMNS FROM `user` [ RunTime:0.0127s ]

[ 2015-12-03T23:56:50+08:00 ] ::1 /User/Login/loginStatus
INFO: [ app_begin ] --START--
INFO: Run Behavior\ReadHtmlCacheBehavior [ RunTime:0.000539s ]
INFO: [ app_begin ] --END-- [ RunTime:0.001088s ]
SQL: SHOW COLUMNS FROM `user` [ RunTime:0.0071s ]

[ 2015-12-03T23:57:19+08:00 ] ::1 /User/Login/loginStatus
INFO: [ app_begin ] --START--
INFO: Run Behavior\ReadHtmlCacheBehavior [ RunTime:0.000390s ]
INFO: [ app_begin ] --END-- [ RunTime:0.000839s ]
SQL: SHOW COLUMNS FROM `user` [ RunTime:0.0085s ]

[ 2015-12-03T23:58:24+08:00 ] ::1 /User/Login/loginStatus
INFO: [ app_begin ] --START--
INFO: Run Behavior\ReadHtmlCacheBehavior [ RunTime:0.000364s ]
INFO: [ app_begin ] --END-- [ RunTime:0.000713s ]
SQL: SHOW COLUMNS FROM `user` [ RunTime:0.0086s ]

[ 2015-12-03T23:59:12+08:00 ] ::1 /User/Login/loginStatus
INFO: [ app_begin ] --START--
INFO: Run Behavior\ReadHtmlCacheBehavior [ RunTime:0.000573s ]
INFO: [ app_begin ] --END-- [ RunTime:0.001175s ]
SQL: SHOW COLUMNS FROM `user` [ RunTime:0.0106s ]

